[ 2017-05-15T21:24:01+08:00 ] 127.0.0.1 /
INFO: [ app_init ] --START--
INFO: Run Behavior\BuildLiteBehavior [ RunTime:0.000016s ]
INFO: [ app_init ] --END-- [ RunTime:0.001160s ]
INFO: [ app_begin ] --START--
INFO: Run Behavior\ReadHtmlCacheBehavior [ RunTime:0.001013s ]
INFO: [ app_begin ] --END-- [ RunTime:0.001085s ]
NOTIC: [8] A session had already been started - ignoring session_start() C:\phpstudy\WWW\ThinkPHP\Common\functions.php 第 1263 行.
SQL: SHOW COLUMNS FROM `comment` [ RunTime:0.0112s ]
SQL: SELECT COUNT(*) AS tp_count FROM `comment` WHERE `touserid` = null AND `status` = 0 LIMIT 1   [ RunTime:0.0016s ]
SQL: SHOW COLUMNS FROM `product` [ RunTime:0.0061s ]
SQL: SELECT * FROM `product` ORDER BY createtime desc LIMIT 4   [ RunTime:0.0006s ]
SQL: SHOW COLUMNS FROM `category` [ RunTime:0.0051s ]
SQL: SELECT * FROM `category`  [ RunTime:0.0002s ]
SQL: SELECT * FROM `product` WHERE ( category = 1 ) ORDER BY createtime desc LIMIT 7   [ RunTime:0.0005s ]
SQL: SELECT * FROM `product` WHERE ( category = 2 ) ORDER BY createtime desc LIMIT 7   [ RunTime:0.0002s ]
SQL: SELECT * FROM `product` WHERE ( category = 3 ) ORDER BY createtime desc LIMIT 7   [ RunTime:0.0003s ]
SQL: SELECT * FROM `product` WHERE ( category = 4 ) ORDER BY createtime desc LIMIT 7   [ RunTime:0.0002s ]
SQL: SELECT * FROM `product` WHERE ( category = 5 ) ORDER BY createtime desc LIMIT 7   [ RunTime:0.0002s ]
INFO: [ view_parse ] --START--
INFO: [ template_filter ] --START--
INFO: Run Behavior\ContentReplaceBehavior [ RunTime:0.000849s ]
INFO: [ template_filter ] --END-- [ RunTime:0.000894s ]
NOTIC: [8] Undefined variable: v C:\phpstudy\WWW\Runtime\Cache\Home\8dc81083d09155de6c0a73ab5081e7a0.php 第 180 行.
NOTIC: [8] Use of undefined constant title - assumed 'title' C:\phpstudy\WWW\Runtime\Cache\Home\8dc81083d09155de6c0a73ab5081e7a0.php 第 181 行.
NOTIC: [8] Undefined variable: v C:\phpstudy\WWW\Runtime\Cache\Home\8dc81083d09155de6c0a73ab5081e7a0.php 第 181 行.
NOTIC: [8] Use of undefined constant style - assumed 'style' C:\phpstudy\WWW\Runtime\Cache\Home\8dc81083d09155de6c0a73ab5081e7a0.php 第 181 行.
NOTIC: [8] Undefined variable: v C:\phpstudy\WWW\Runtime\Cache\Home\8dc81083d09155de6c0a73ab5081e7a0.php 第 181 行.
NOTIC: [8] Use of undefined constant goods_id - assumed 'goods_id' C:\phpstudy\WWW\Runtime\Cache\Home\8dc81083d09155de6c0a73ab5081e7a0.php 第 254 行.
NOTIC: [8] Undefined variable: v C:\phpstudy\WWW\Runtime\Cache\Home\8dc81083d09155de6c0a73ab5081e7a0.php 第 254 行.
NOTIC: [8] Use of undefined constant goods_id - assumed 'goods_id' C:\phpstudy\WWW\Runtime\Cache\Home\8dc81083d09155de6c0a73ab5081e7a0.php 第 270 行.
NOTIC: [8] Undefined variable: v C:\phpstudy\WWW\Runtime\Cache\Home\8dc81083d09155de6c0a73ab5081e7a0.php 第 270 行.
NOTIC: [8] Use of undefined constant goods_id - assumed 'goods_id' C:\phpstudy\WWW\Runtime\Cache\Home\8dc81083d09155de6c0a73ab5081e7a0.php 第 286 行.
NOTIC: [8] Undefined variable: v C:\phpstudy\WWW\Runtime\Cache\Home\8dc81083d09155de6c0a73ab5081e7a0.php 第 286 行.
NOTIC: [8] Use of undefined constant goods_id - assumed 'goods_id' C:\phpstudy\WWW\Runtime\Cache\Home\8dc81083d09155de6c0a73ab5081e7a0.php 第 302 行.
NOTIC: [8] Undefined variable: v C:\phpstudy\WWW\Runtime\Cache\Home\8dc81083d09155de6c0a73ab5081e7a0.php 第 302 行.
NOTIC: [8] Use of undefined constant goods_id - assumed 'goods_id' C:\phpstudy\WWW\Runtime\Cache\Home\8dc81083d09155de6c0a73ab5081e7a0.php 第 318 行.
NOTIC: [8] Undefined variable: v C:\phpstudy\WWW\Runtime\Cache\Home\8dc81083d09155de6c0a73ab5081e7a0.php 第 318 行.
NOTIC: [8] Use of undefined constant goods_id - assumed 'goods_id' C:\phpstudy\WWW\Runtime\Cache\Home\8dc81083d09155de6c0a73ab5081e7a0.php 第 254 行.
NOTIC: [8] Undefined variable: v C:\phpstudy\WWW\Runtime\Cache\Home\8dc81083d09155de6c0a73ab5081e7a0.php 第 254 行.
NOTIC: [8] Use of undefined constant goods_id - assumed 'goods_id' C:\phpstudy\WWW\Runtime\Cache\Home\8dc81083d09155de6c0a73ab5081e7a0.php 第 270 行.
NOTIC: [8] Undefined variable: v C:\phpstudy\WWW\Runtime\Cache\Home\8dc81083d09155de6c0a73ab5081e7a0.php 第 270 行.
NOTIC: [8] Use of undefined constant goods_id - assumed 'goods_id' C:\phpstudy\WWW\Runtime\Cache\Home\8dc81083d09155de6c0a73ab5081e7a0.php 第 286 行.
NOTIC: [8] Undefined variable: v C:\phpstudy\WWW\Runtime\Cache\Home\8dc81083d09155de6c0a73ab5081e7a0.php 第 286 行.
NOTIC: [8] Use of undefined constant goods_id - assumed 'goods_id' C:\phpstudy\WWW\Runtime\Cache\Home\8dc81083d09155de6c0a73ab5081e7a0.php 第 302 行.
NOTIC: [8] Undefined variable: v C:\phpstudy\WWW\Runtime\Cache\Home\8dc81083d09155de6c0a73ab5081e7a0.php 第 302 行.
NOTIC: [8] Use of undefined constant goods_id - assumed 'goods_id' C:\phpstudy\WWW\Runtime\Cache\Home\8dc81083d09155de6c0a73ab5081e7a0.php 第 318 行.
NOTIC: [8] Undefined variable: v C:\phpstudy\WWW\Runtime\Cache\Home\8dc81083d09155de6c0a73ab5081e7a0.php 第 318 行.
NOTIC: [8] Use of undefined constant goods_id - assumed 'goods_id' C:\phpstudy\WWW\Runtime\Cache\Home\8dc81083d09155de6c0a73ab5081e7a0.php 第 254 行.
NOTIC: [8] Undefined variable: v C:\phpstudy\WWW\Runtime\Cache\Home\8dc81083d09155de6c0a73ab5081e7a0.php 第 254 行.
NOTIC: [8] Use of undefined constant goods_id - assumed 'goods_id' C:\phpstudy\WWW\Runtime\Cache\Home\8dc81083d09155de6c0a73ab5081e7a0.php 第 270 行.
NOTIC: [8] Undefined variable: v C:\phpstudy\WWW\Runtime\Cache\Home\8dc81083d09155de6c0a73ab5081e7a0.php 第 270 行.
NOTIC: [8] Use of undefined constant goods_id - assumed 'goods_id' C:\phpstudy\WWW\Runtime\Cache\Home\8dc81083d09155de6c0a73ab5081e7a0.php 第 286 行.
NOTIC: [8] Undefined variable: v C:\phpstudy\WWW\Runtime\Cache\Home\8dc81083d09155de6c0a73ab5081e7a0.php 第 286 行.
NOTIC: [8] Use of undefined constant goods_id - assumed 'goods_id' C:\phpstudy\WWW\Runtime\Cache\Home\8dc81083d09155de6c0a73ab5081e7a0.php 第 302 行.
NOTIC: [8] Undefined variable: v C:\phpstudy\WWW\Runtime\Cache\Home\8dc81083d09155de6c0a73ab5081e7a0.php 第 302 行.
NOTIC: [8] Use of undefined constant goods_id - assumed 'goods_id' C:\phpstudy\WWW\Runtime\Cache\Home\8dc81083d09155de6c0a73ab5081e7a0.php 第 318 行.
NOTIC: [8] Undefined variable: v C:\phpstudy\WWW\Runtime\Cache\Home\8dc81083d09155de6c0a73ab5081e7a0.php 第 318 行.
NOTIC: [8] Use of undefined constant goods_id - assumed 'goods_id' C:\phpstudy\WWW\Runtime\Cache\Home\8dc81083d09155de6c0a73ab5081e7a0.php 第 254 行.
NOTIC: [8] Undefined variable: v C:\phpstudy\WWW\Runtime\Cache\Home\8dc81083d09155de6c0a73ab5081e7a0.php 第 254 行.
NOTIC: [8] Use of undefined constant goods_id - assumed 'goods_id' C:\phpstudy\WWW\Runtime\Cache\Home\8dc81083d09155de6c0a73ab5081e7a0.php 第 270 行.
NOTIC: [8] Undefined variable: v C:\phpstudy\WWW\Runtime\Cache\Home\8dc81083d09155de6c0a73ab5081e7a0.php 第 270 行.
NOTIC: [8] Use of undefined constant goods_id - assumed 'goods_id' C:\phpstudy\WWW\Runtime\Cache\Home\8dc81083d09155de6c0a73ab5081e7a0.php 第 286 行.
NOTIC: [8] Undefined variable: v C:\phpstudy\WWW\Runtime\Cache\Home\8dc81083d09155de6c0a73ab5081e7a0.php 第 286 行.
NOTIC: [8] Use of undefined constant goods_id - assumed 'goods_id' C:\phpstudy\WWW\Runtime\Cache\Home\8dc81083d09155de6c0a73ab5081e7a0.php 第 302 行.
NOTIC: [8] Undefined variable: v C:\phpstudy\WWW\Runtime\Cache\Home\8dc81083d09155de6c0a73ab5081e7a0.php 第 302 行.
NOTIC: [8] Use of undefined constant goods_id - assumed 'goods_id' C:\phpstudy\WWW\Runtime\Cache\Home\8dc81083d09155de6c0a73ab5081e7a0.php 第 318 行.
NOTIC: [8] Undefined variable: v C:\phpstudy\WWW\Runtime\Cache\Home\8dc81083d09155de6c0a73ab5081e7a0.php 第 318 行.
NOTIC: [8] Use of undefined constant goods_id - assumed 'goods_id' C:\phpstudy\WWW\Runtime\Cache\Home\8dc81083d09155de6c0a73ab5081e7a0.php 第 254 行.
NOTIC: [8] Undefined variable: v C:\phpstudy\WWW\Runtime\Cache\Home\8dc81083d09155de6c0a73ab5081e7a0.php 第 254 行.
NOTIC: [8] Use of undefined constant goods_id - assumed 'goods_id' C:\phpstudy\WWW\Runtime\Cache\Home\8dc81083d09155de6c0a73ab5081e7a0.php 第 270 行.
NOTIC: [8] Undefined variable: v C:\phpstudy\WWW\Runtime\Cache\Home\8dc81083d09155de6c0a73ab5081e7a0.php 第 270 行.
NOTIC: [8] Use of undefined constant goods_id - assumed 'goods_id' C:\phpstudy\WWW\Runtime\Cache\Home\8dc81083d09155de6c0a73ab5081e7a0.php 第 286 行.
NOTIC: [8] Undefined variable: v C:\phpstudy\WWW\Runtime\Cache\Home\8dc81083d09155de6c0a73ab5081e7a0.php 第 286 行.
NOTIC: [8] Use of undefined constant goods_id - assumed 'goods_id' C:\phpstudy\WWW\Runtime\Cache\Home\8dc81083d09155de6c0a73ab5081e7a0.php 第 302 行.
NOTIC: [8] Undefined variable: v C:\phpstudy\WWW\Runtime\Cache\Home\8dc81083d09155de6c0a73ab5081e7a0.php 第 302 行.
NOTIC: [8] Use of undefined constant goods_id - assumed 'goods_id' C:\phpstudy\WWW\Runtime\Cache\Home\8dc81083d09155de6c0a73ab5081e7a0.php 第 318 行.
NOTIC: [8] Undefined variable: v C:\phpstudy\WWW\Runtime\Cache\Home\8dc81083d09155de6c0a73ab5081e7a0.php 第 318 行.
NOTIC: [8] Undefined variable: v C:\phpstudy\WWW\Runtime\Cache\Home\8dc81083d09155de6c0a73ab5081e7a0.php 第 340 行.
NOTIC: [8] Use of undefined constant title - assumed 'title' C:\phpstudy\WWW\Runtime\Cache\Home\8dc81083d09155de6c0a73ab5081e7a0.php 第 341 行.
NOTIC: [8] Undefined variable: v C:\phpstudy\WWW\Runtime\Cache\Home\8dc81083d09155de6c0a73ab5081e7a0.php 第 341 行.
NOTIC: [8] Use of undefined constant style - assumed 'style' C:\phpstudy\WWW\Runtime\Cache\Home\8dc81083d09155de6c0a73ab5081e7a0.php 第 341 行.
NOTIC: [8] Undefined variable: v C:\phpstudy\WWW\Runtime\Cache\Home\8dc81083d09155de6c0a73ab5081e7a0.php 第 341 行.
NOTIC: [8] Use of undefined constant article_id - assumed 'article_id' C:\phpstudy\WWW\Runtime\Cache\Home\8dc81083d09155de6c0a73ab5081e7a0.php 第 370 行.
NOTIC: [8] Undefined variable: v2 C:\phpstudy\WWW\Runtime\Cache\Home\8dc81083d09155de6c0a73ab5081e7a0.php 第 370 行.
NOTIC: [8] Use of undefined constant article_id - assumed 'article_id' C:\phpstudy\WWW\Runtime\Cache\Home\8dc81083d09155de6c0a73ab5081e7a0.php 第 373 行.
NOTIC: [8] Undefined variable: v2 C:\phpstudy\WWW\Runtime\Cache\Home\8dc81083d09155de6c0a73ab5081e7a0.php 第 373 行.
NOTIC: [8] Use of undefined constant article_id - assumed 'article_id' C:\phpstudy\WWW\Runtime\Cache\Home\8dc81083d09155de6c0a73ab5081e7a0.php 第 376 行.
NOTIC: [8] Undefined variable: v2 C:\phpstudy\WWW\Runtime\Cache\Home\8dc81083d09155de6c0a73ab5081e7a0.php 第 376 行.
NOTIC: [8] Use of undefined constant article_id - assumed 'article_id' C:\phpstudy\WWW\Runtime\Cache\Home\8dc81083d09155de6c0a73ab5081e7a0.php 第 388 行.
NOTIC: [8] Undefined variable: v2 C:\phpstudy\WWW\Runtime\Cache\Home\8dc81083d09155de6c0a73ab5081e7a0.php 第 388 行.
NOTIC: [8] Use of undefined constant article_id - assumed 'article_id' C:\phpstudy\WWW\Runtime\Cache\Home\8dc81083d09155de6c0a73ab5081e7a0.php 第 391 行.
NOTIC: [8] Undefined variable: v2 C:\phpstudy\WWW\Runtime\Cache\Home\8dc81083d09155de6c0a73ab5081e7a0.php 第 391 行.
NOTIC: [8] Use of undefined constant article_id - assumed 'article_id' C:\phpstudy\WWW\Runtime\Cache\Home\8dc81083d09155de6c0a73ab5081e7a0.php 第 394 行.
NOTIC: [8] Undefined variable: v2 C:\phpstudy\WWW\Runtime\Cache\Home\8dc81083d09155de6c0a73ab5081e7a0.php 第 394 行.
NOTIC: [8] Use of undefined constant article_id - assumed 'article_id' C:\phpstudy\WWW\Runtime\Cache\Home\8dc81083d09155de6c0a73ab5081e7a0.php 第 406 行.
NOTIC: [8] Undefined variable: v2 C:\phpstudy\WWW\Runtime\Cache\Home\8dc81083d09155de6c0a73ab5081e7a0.php 第 406 行.
NOTIC: [8] Use of undefined constant article_id - assumed 'article_id' C:\phpstudy\WWW\Runtime\Cache\Home\8dc81083d09155de6c0a73ab5081e7a0.php 第 409 行.
NOTIC: [8] Undefined variable: v2 C:\phpstudy\WWW\Runtime\Cache\Home\8dc81083d09155de6c0a73ab5081e7a0.php 第 409 行.
NOTIC: [8] Use of undefined constant article_id - assumed 'article_id' C:\phpstudy\WWW\Runtime\Cache\Home\8dc81083d09155de6c0a73ab5081e7a0.php 第 412 行.
NOTIC: [8] Undefined variable: v2 C:\phpstudy\WWW\Runtime\Cache\Home\8dc81083d09155de6c0a73ab5081e7a0.php 第 412 行.
NOTIC: [8] Use of undefined constant article_id - assumed 'article_id' C:\phpstudy\WWW\Runtime\Cache\Home\8dc81083d09155de6c0a73ab5081e7a0.php 第 424 行.
NOTIC: [8] Undefined variable: v2 C:\phpstudy\WWW\Runtime\Cache\Home\8dc81083d09155de6c0a73ab5081e7a0.php 第 424 行.
NOTIC: [8] Use of undefined constant article_id - assumed 'article_id' C:\phpstudy\WWW\Runtime\Cache\Home\8dc81083d09155de6c0a73ab5081e7a0.php 第 427 行.
NOTIC: [8] Undefined variable: v2 C:\phpstudy\WWW\Runtime\Cache\Home\8dc81083d09155de6c0a73ab5081e7a0.php 第 427 行.
NOTIC: [8] Use of undefined constant article_id - assumed 'article_id' C:\phpstudy\WWW\Runtime\Cache\Home\8dc81083d09155de6c0a73ab5081e7a0.php 第 430 行.
NOTIC: [8] Undefined variable: v2 C:\phpstudy\WWW\Runtime\Cache\Home\8dc81083d09155de6c0a73ab5081e7a0.php 第 430 行.
INFO: Run Behavior\ParseTemplateBehavior [ RunTime:0.030324s ]
INFO: [ view_parse ] --END-- [ RunTime:0.030372s ]
INFO: [ view_filter ] --START--
INFO: Run Behavior\WriteHtmlCacheBehavior [ RunTime:0.000584s ]
INFO: [ view_filter ] --END-- [ RunTime:0.000613s ]
INFO: [ app_end ] --START--
INFO: Run Behavior\ShowPageTraceBehavior [ RunTime:0.000829s ]
INFO: [ app_end ] --END-- [ RunTime:0.000881s ]

[ 2017-05-15T21:24:02+08:00 ] 127.0.0.1 /
INFO: [ app_init ] --START--
INFO: Run Behavior\BuildLiteBehavior [ RunTime:0.000010s ]
INFO: [ app_init ] --END-- [ RunTime:0.000531s ]
INFO: [ app_begin ] --START--
INFO: Run Behavior\ReadHtmlCacheBehavior [ RunTime:0.000633s ]
INFO: [ app_begin ] --END-- [ RunTime:0.000681s ]
NOTIC: [8] A session had already been started - ignoring session_start() C:\phpstudy\WWW\ThinkPHP\Common\functions.php 第 1263 行.
SQL: SHOW COLUMNS FROM `comment` [ RunTime:0.0046s ]
SQL: SELECT COUNT(*) AS tp_count FROM `comment` WHERE `touserid` = null AND `status` = 0 LIMIT 1   [ RunTime:0.0007s ]
SQL: SHOW COLUMNS FROM `product` [ RunTime:0.0053s ]
SQL: SELECT * FROM `product` ORDER BY createtime desc LIMIT 4   [ RunTime:0.0006s ]
SQL: SHOW COLUMNS FROM `category` [ RunTime:0.0037s ]
SQL: SELECT * FROM `category`  [ RunTime:0.0003s ]
SQL: SELECT * FROM `product` WHERE ( category = 1 ) ORDER BY createtime desc LIMIT 7   [ RunTime:0.0004s ]
SQL: SELECT * FROM `product` WHERE ( category = 2 ) ORDER BY createtime desc LIMIT 7   [ RunTime:0.0003s ]
SQL: SELECT * FROM `product` WHERE ( category = 3 ) ORDER BY createtime desc LIMIT 7   [ RunTime:0.0003s ]
SQL: SELECT * FROM `product` WHERE ( category = 4 ) ORDER BY createtime desc LIMIT 7   [ RunTime:0.0003s ]
SQL: SELECT * FROM `product` WHERE ( category = 5 ) ORDER BY createtime desc LIMIT 7   [ RunTime:0.0002s ]
INFO: [ view_parse ] --START--
INFO: [ template_filter ] --START--
INFO: Run Behavior\ContentReplaceBehavior [ RunTime:0.000143s ]
INFO: [ template_filter ] --END-- [ RunTime:0.000219s ]
NOTIC: [8] Undefined variable: v C:\phpstudy\WWW\Runtime\Cache\Home\8dc81083d09155de6c0a73ab5081e7a0.php 第 180 行.
NOTIC: [8] Use of undefined constant title - assumed 'title' C:\phpstudy\WWW\Runtime\Cache\Home\8dc81083d09155de6c0a73ab5081e7a0.php 第 181 行.
NOTIC: [8] Undefined variable: v C:\phpstudy\WWW\Runtime\Cache\Home\8dc81083d09155de6c0a73ab5081e7a0.php 第 181 行.
NOTIC: [8] Use of undefined constant style - assumed 'style' C:\phpstudy\WWW\Runtime\Cache\Home\8dc81083d09155de6c0a73ab5081e7a0.php 第 181 行.
NOTIC: [8] Undefined variable: v C:\phpstudy\WWW\Runtime\Cache\Home\8dc81083d09155de6c0a73ab5081e7a0.php 第 181 行.
NOTIC: [8] Use of undefined constant goods_id - assumed 'goods_id' C:\phpstudy\WWW\Runtime\Cache\Home\8dc81083d09155de6c0a73ab5081e7a0.php 第 254 行.
NOTIC: [8] Undefined variable: v C:\phpstudy\WWW\Runtime\Cache\Home\8dc81083d09155de6c0a73ab5081e7a0.php 第 254 行.
NOTIC: [8] Use of undefined constant goods_id - assumed 'goods_id' C:\phpstudy\WWW\Runtime\Cache\Home\8dc81083d09155de6c0a73ab5081e7a0.php 第 270 行.
NOTIC: [8] Undefined variable: v C:\phpstudy\WWW\Runtime\Cache\Home\8dc81083d09155de6c0a73ab5081e7a0.php 第 270 行.
NOTIC: [8] Use of undefined constant goods_id - assumed 'goods_id' C:\phpstudy\WWW\Runtime\Cache\Home\8dc81083d09155de6c0a73ab5081e7a0.php 第 286 行.
NOTIC: [8] Undefined variable: v C:\phpstudy\WWW\Runtime\Cache\Home\8dc81083d09155de6c0a73ab5081e7a0.php 第 286 行.
NOTIC: [8] Use of undefined constant goods_id - assumed 'goods_id' C:\phpstudy\WWW\Runtime\Cache\Home\8dc81083d09155de6c0a73ab5081e7a0.php 第 302 行.
NOTIC: [8] Undefined variable: v C:\phpstudy\WWW\Runtime\Cache\Home\8dc81083d09155de6c0a73ab5081e7a0.php 第 302 行.
NOTIC: [8] Use of undefined constant goods_id - assumed 'goods_id' C:\phpstudy\WWW\Runtime\Cache\Home\8dc81083d09155de6c0a73ab5081e7a0.php 第 318 行.
NOTIC: [8] Undefined variable: v C:\phpstudy\WWW\Runtime\Cache\Home\8dc81083d09155de6c0a73ab5081e7a0.php 第 318 行.
NOTIC: [8] Use of undefined constant goods_id - assumed 'goods_id' C:\phpstudy\WWW\Runtime\Cache\Home\8dc81083d09155de6c0a73ab5081e7a0.php 第 254 行.
NOTIC: [8] Undefined variable: v C:\phpstudy\WWW\Runtime\Cache\Home\8dc81083d09155de6c0a73ab5081e7a0.php 第 254 行.
NOTIC: [8] Use of undefined constant goods_id - assumed 'goods_id' C:\phpstudy\WWW\Runtime\Cache\Home\8dc81083d09155de6c0a73ab5081e7a0.php 第 270 行.
NOTIC: [8] Undefined variable: v C:\phpstudy\WWW\Runtime\Cache\Home\8dc81083d09155de6c0a73ab5081e7a0.php 第 270 行.
NOTIC: [8] Use of undefined constant goods_id - assumed 'goods_id' C:\phpstudy\WWW\Runtime\Cache\Home\8dc81083d09155de6c0a73ab5081e7a0.php 第 286 行.
NOTIC: [8] Undefined variable: v C:\phpstudy\WWW\Runtime\Cache\Home\8dc81083d09155de6c0a73ab5081e7a0.php 第 286 行.
NOTIC: [8] Use of undefined constant goods_id - assumed 'goods_id' C:\phpstudy\WWW\Runtime\Cache\Home\8dc81083d09155de6c0a73ab5081e7a0.php 第 302 行.
NOTIC: [8] Undefined variable: v C:\phpstudy\WWW\Runtime\Cache\Home\8dc81083d09155de6c0a73ab5081e7a0.php 第 302 行.
NOTIC: [8] Use of undefined constant goods_id - assumed 'goods_id' C:\phpstudy\WWW\Runtime\Cache\Home\8dc81083d09155de6c0a73ab5081e7a0.php 第 318 行.
NOTIC: [8] Undefined variable: v C:\phpstudy\WWW\Runtime\Cache\Home\8dc81083d09155de6c0a73ab5081e7a0.php 第 318 行.
NOTIC: [8] Use of undefined constant goods_id - assumed 'goods_id' C:\phpstudy\WWW\Runtime\Cache\Home\8dc81083d09155de6c0a73ab5081e7a0.php 第 254 行.
NOTIC: [8] Undefined variable: v C:\phpstudy\WWW\Runtime\Cache\Home\8dc81083d09155de6c0a73ab5081e7a0.php 第 254 行.
NOTIC: [8] Use of undefined constant goods_id - assumed 'goods_id' C:\phpstudy\WWW\Runtime\Cache\Home\8dc81083d09155de6c0a73ab5081e7a0.php 第 270 行.
NOTIC: [8] Undefined variable: v C:\phpstudy\WWW\Runtime\Cache\Home\8dc81083d09155de6c0a73ab5081e7a0.php 第 270 行.
NOTIC: [8] Use of undefined constant goods_id - assumed 'goods_id' C:\phpstudy\WWW\Runtime\Cache\Home\8dc81083d09155de6c0a73ab5081e7a0.php 第 286 行.
NOTIC: [8] Undefined variable: v C:\phpstudy\WWW\Runtime\Cache\Home\8dc81083d09155de6c0a73ab5081e7a0.php 第 286 行.
NOTIC: [8] Use of undefined constant goods_id - assumed 'goods_id' C:\phpstudy\WWW\Runtime\Cache\Home\8dc81083d09155de6c0a73ab5081e7a0.php 第 302 行.
NOTIC: [8] Undefined variable: v C:\phpstudy\WWW\Runtime\Cache\Home\8dc81083d09155de6c0a73ab5081e7a0.php 第 302 行.
NOTIC: [8] Use of undefined constant goods_id - assumed 'goods_id' C:\phpstudy\WWW\Runtime\Cache\Home\8dc81083d09155de6c0a73ab5081e7a0.php 第 318 行.
NOTIC: [8] Undefined variable: v C:\phpstudy\WWW\Runtime\Cache\Home\8dc81083d09155de6c0a73ab5081e7a0.php 第 318 行.
NOTIC: [8] Use of undefined constant goods_id - assumed 'goods_id' C:\phpstudy\WWW\Runtime\Cache\Home\8dc81083d09155de6c0a73ab5081e7a0.php 第 254 行.
NOTIC: [8] Undefined variable: v C:\phpstudy\WWW\Runtime\Cache\Home\8dc81083d09155de6c0a73ab5081e7a0.php 第 254 行.
NOTIC: [8] Use of undefined constant goods_id - assumed 'goods_id' C:\phpstudy\WWW\Runtime\Cache\Home\8dc81083d09155de6c0a73ab5081e7a0.php 第 270 行.
NOTIC: [8] Undefined variable: v C:\phpstudy\WWW\Runtime\Cache\Home\8dc81083d09155de6c0a73ab5081e7a0.php 第 270 行.
NOTIC: [8] Use of undefined constant goods_id - assumed 'goods_id' C:\phpstudy\WWW\Runtime\Cache\Home\8dc81083d09155de6c0a73ab5081e7a0.php 第 286 行.
NOTIC: [8] Undefined variable: v C:\phpstudy\WWW\Runtime\Cache\Home\8dc81083d09155de6c0a73ab5081e7a0.php 第 286 行.
NOTIC: [8] Use of undefined constant goods_id - assumed 'goods_id' C:\phpstudy\WWW\Runtime\Cache\Home\8dc81083d09155de6c0a73ab5081e7a0.php 第 302 行.
NOTIC: [8] Undefined variable: v C:\phpstudy\WWW\Runtime\Cache\Home\8dc81083d09155de6c0a73ab5081e7a0.php 第 302 行.
NOTIC: [8] Use of undefined constant goods_id - assumed 'goods_id' C:\phpstudy\WWW\Runtime\Cache\Home\8dc81083d09155de6c0a73ab5081e7a0.php 第 318 行.
NOTIC: [8] Undefined variable: v C:\phpstudy\WWW\Runtime\Cache\Home\8dc81083d09155de6c0a73ab5081e7a0.php 第 318 行.
NOTIC: [8] Use of undefined constant goods_id - assumed 'goods_id' C:\phpstudy\WWW\Runtime\Cache\Home\8dc81083d09155de6c0a73ab5081e7a0.php 第 254 行.
NOTIC: [8] Undefined variable: v C:\phpstudy\WWW\Runtime\Cache\Home\8dc81083d09155de6c0a73ab5081e7a0.php 第 254 行.
NOTIC: [8] Use of undefined constant goods_id - assumed 'goods_id' C:\phpstudy\WWW\Runtime\Cache\Home\8dc81083d09155de6c0a73ab5081e7a0.php 第 270 行.
NOTIC: [8] Undefined variable: v C:\phpstudy\WWW\Runtime\Cache\Home\8dc81083d09155de6c0a73ab5081e7a0.php 第 270 行.
NOTIC: [8] Use of undefined constant goods_id - assumed 'goods_id' C:\phpstudy\WWW\Runtime\Cache\Home\8dc81083d09155de6c0a73ab5081e7a0.php 第 286 行.
NOTIC: [8] Undefined variable: v C:\phpstudy\WWW\Runtime\Cache\Home\8dc81083d09155de6c0a73ab5081e7a0.php 第 286 行.
NOTIC: [8] Use of undefined constant goods_id - assumed 'goods_id' C:\phpstudy\WWW\Runtime\Cache\Home\8dc81083d09155de6c0a73ab5081e7a0.php 第 302 行.
NOTIC: [8] Undefined variable: v C:\phpstudy\WWW\Runtime\Cache\Home\8dc81083d09155de6c0a73ab5081e7a0.php 第 302 行.
NOTIC: [8] Use of undefined constant goods_id - assumed 'goods_id' C:\phpstudy\WWW\Runtime\Cache\Home\8dc81083d09155de6c0a73ab5081e7a0.php 第 318 行.
NOTIC: [8] Undefined variable: v C:\phpstudy\WWW\Runtime\Cache\Home\8dc81083d09155de6c0a73ab5081e7a0.php 第 318 行.
NOTIC: [8] Undefined variable: v C:\phpstudy\WWW\Runtime\Cache\Home\8dc81083d09155de6c0a73ab5081e7a0.php 第 340 行.
NOTIC: [8] Use of undefined constant title - assumed 'title' C:\phpstudy\WWW\Runtime\Cache\Home\8dc81083d09155de6c0a73ab5081e7a0.php 第 341 行.
NOTIC: [8] Undefined variable: v C:\phpstudy\WWW\Runtime\Cache\Home\8dc81083d09155de6c0a73ab5081e7a0.php 第 341 行.
NOTIC: [8] Use of undefined constant style - assumed 'style' C:\phpstudy\WWW\Runtime\Cache\Home\8dc81083d09155de6c0a73ab5081e7a0.php 第 341 行.
NOTIC: [8] Undefined variable: v C:\phpstudy\WWW\Runtime\Cache\Home\8dc81083d09155de6c0a73ab5081e7a0.php 第 341 行.
NOTIC: [8] Use of undefined constant article_id - assumed 'article_id' C:\phpstudy\WWW\Runtime\Cache\Home\8dc81083d09155de6c0a73ab5081e7a0.php 第 370 行.
NOTIC: [8] Undefined variable: v2 C:\phpstudy\WWW\Runtime\Cache\Home\8dc81083d09155de6c0a73ab5081e7a0.php 第 370 行.
NOTIC: [8] Use of undefined constant article_id - assumed 'article_id' C:\phpstudy\WWW\Runtime\Cache\Home\8dc81083d09155de6c0a73ab5081e7a0.php 第 373 行.
NOTIC: [8] Undefined variable: v2 C:\phpstudy\WWW\Runtime\Cache\Home\8dc81083d09155de6c0a73ab5081e7a0.php 第 373 行.
NOTIC: [8] Use of undefined constant article_id - assumed 'article_id' C:\phpstudy\WWW\Runtime\Cache\Home\8dc81083d09155de6c0a73ab5081e7a0.php 第 376 行.
NOTIC: [8] Undefined variable: v2 C:\phpstudy\WWW\Runtime\Cache\Home\8dc81083d09155de6c0a73ab5081e7a0.php 第 376 行.
NOTIC: [8] Use of undefined constant article_id - assumed 'article_id' C:\phpstudy\WWW\Runtime\Cache\Home\8dc81083d09155de6c0a73ab5081e7a0.php 第 388 行.
NOTIC: [8] Undefined variable: v2 C:\phpstudy\WWW\Runtime\Cache\Home\8dc81083d09155de6c0a73ab5081e7a0.php 第 388 行.
NOTIC: [8] Use of undefined constant article_id - assumed 'article_id' C:\phpstudy\WWW\Runtime\Cache\Home\8dc81083d09155de6c0a73ab5081e7a0.php 第 391 行.
NOTIC: [8] Undefined variable: v2 C:\phpstudy\WWW\Runtime\Cache\Home\8dc81083d09155de6c0a73ab5081e7a0.php 第 391 行.
NOTIC: [8] Use of undefined constant article_id - assumed 'article_id' C:\phpstudy\WWW\Runtime\Cache\Home\8dc81083d09155de6c0a73ab5081e7a0.php 第 394 行.
NOTIC: [8] Undefined variable: v2 C:\phpstudy\WWW\Runtime\Cache\Home\8dc81083d09155de6c0a73ab5081e7a0.php 第 394 行.
NOTIC: [8] Use of undefined constant article_id - assumed 'article_id' C:\phpstudy\WWW\Runtime\Cache\Home\8dc81083d09155de6c0a73ab5081e7a0.php 第 406 行.
NOTIC: [8] Undefined variable: v2 C:\phpstudy\WWW\Runtime\Cache\Home\8dc81083d09155de6c0a73ab5081e7a0.php 第 406 行.
NOTIC: [8] Use of undefined constant article_id - assumed 'article_id' C:\phpstudy\WWW\Runtime\Cache\Home\8dc81083d09155de6c0a73ab5081e7a0.php 第 409 行.
NOTIC: [8] Undefined variable: v2 C:\phpstudy\WWW\Runtime\Cache\Home\8dc81083d09155de6c0a73ab5081e7a0.php 第 409 行.
NOTIC: [8] Use of undefined constant article_id - assumed 'article_id' C:\phpstudy\WWW\Runtime\Cache\Home\8dc81083d09155de6c0a73ab5081e7a0.php 第 412 行.
NOTIC: [8] Undefined variable: v2 C:\phpstudy\WWW\Runtime\Cache\Home\8dc81083d09155de6c0a73ab5081e7a0.php 第 412 行.
NOTIC: [8] Use of undefined constant article_id - assumed 'article_id' C:\phpstudy\WWW\Runtime\Cache\Home\8dc81083d09155de6c0a73ab5081e7a0.php 第 424 行.
NOTIC: [8] Undefined variable: v2 C:\phpstudy\WWW\Runtime\Cache\Home\8dc81083d09155de6c0a73ab5081e7a0.php 第 424 行.
NOTIC: [8] Use of undefined constant article_id - assumed 'article_id' C:\phpstudy\WWW\Runtime\Cache\Home\8dc81083d09155de6c0a73ab5081e7a0.php 第 427 行.
NOTIC: [8] Undefined variable: v2 C:\phpstudy\WWW\Runtime\Cache\Home\8dc81083d09155de6c0a73ab5081e7a0.php 第 427 行.
NOTIC: [8] Use of undefined constant article_id - assumed 'article_id' C:\phpstudy\WWW\Runtime\Cache\Home\8dc81083d09155de6c0a73ab5081e7a0.php 第 430 行.
NOTIC: [8] Undefined variable: v2 C:\phpstudy\WWW\Runtime\Cache\Home\8dc81083d09155de6c0a73ab5081e7a0.php 第 430 行.
INFO: Run Behavior\ParseTemplateBehavior [ RunTime:0.019903s ]
INFO: [ view_parse ] --END-- [ RunTime:0.019939s ]
INFO: [ view_filter ] --START--
INFO: Run Behavior\WriteHtmlCacheBehavior [ RunTime:0.000365s ]
INFO: [ view_filter ] --END-- [ RunTime:0.000396s ]
INFO: [ app_end ] --START--
INFO: Run Behavior\ShowPageTraceBehavior [ RunTime:0.000475s ]
INFO: [ app_end ] --END-- [ RunTime:0.000506s ]

