[ 2017-04-25T22:49:44+08:00 ] 127.0.0.1 /
INFO: [ app_init ] --START--
INFO: Run Behavior\BuildLiteBehavior [ RunTime:0.000018s ]
INFO: [ app_init ] --END-- [ RunTime:0.001258s ]
INFO: [ app_begin ] --START--
INFO: Run Behavior\ReadHtmlCacheBehavior [ RunTime:0.001010s ]
INFO: [ app_begin ] --END-- [ RunTime:0.001091s ]
NOTIC: [8] A session had already been started - ignoring session_start() C:\phpstudy\WWW\ThinkPHP\Common\functions.php 第 1263 行.
SQL: SHOW COLUMNS FROM `comment` [ RunTime:0.0088s ]
SQL: SELECT COUNT(*) AS tp_count FROM `comment` WHERE `touserid` = null AND `status` = 0 LIMIT 1   [ RunTime:0.0029s ]
SQL: SHOW COLUMNS FROM `product` [ RunTime:0.0064s ]
SQL: SELECT * FROM `product` ORDER BY createtime desc LIMIT 4   [ RunTime:0.0012s ]
SQL: SHOW COLUMNS FROM `category` [ RunTime:0.0067s ]
SQL: SELECT * FROM `category`  [ RunTime:0.0006s ]
SQL: SELECT * FROM `product` WHERE ( category = 1 ) ORDER BY createtime desc LIMIT 7   [ RunTime:0.0007s ]
SQL: SELECT * FROM `product` WHERE ( category = 2 ) ORDER BY createtime desc LIMIT 7   [ RunTime:0.0003s ]
SQL: SELECT * FROM `product` WHERE ( category = 3 ) ORDER BY createtime desc LIMIT 7   [ RunTime:0.0003s ]
SQL: SELECT * FROM `product` WHERE ( category = 4 ) ORDER BY createtime desc LIMIT 7   [ RunTime:0.0003s ]
SQL: SELECT * FROM `product` WHERE ( category = 5 ) ORDER BY createtime desc LIMIT 7   [ RunTime:0.0003s ]
INFO: [ view_parse ] --START--
INFO: [ template_filter ] --START--
INFO: Run Behavior\ContentReplaceBehavior [ RunTime:0.000886s ]
INFO: [ template_filter ] --END-- [ RunTime:0.000965s ]
NOTIC: [8] Undefined variable: v C:\phpstudy\WWW\Runtime\Cache\Home\8dc81083d09155de6c0a73ab5081e7a0.php 第 180 行.
NOTIC: [8] Use of undefined constant title - assumed 'title' C:\phpstudy\WWW\Runtime\Cache\Home\8dc81083d09155de6c0a73ab5081e7a0.php 第 181 行.
NOTIC: [8] Undefined variable: v C:\phpstudy\WWW\Runtime\Cache\Home\8dc81083d09155de6c0a73ab5081e7a0.php 第 181 行.
NOTIC: [8] Use of undefined constant style - assumed 'style' C:\phpstudy\WWW\Runtime\Cache\Home\8dc81083d09155de6c0a73ab5081e7a0.php 第 181 行.
NOTIC: [8] Undefined variable: v C:\phpstudy\WWW\Runtime\Cache\Home\8dc81083d09155de6c0a73ab5081e7a0.php 第 181 行.
NOTIC: [8] Use of undefined constant goods_id - assumed 'goods_id' C:\phpstudy\WWW\Runtime\Cache\Home\8dc81083d09155de6c0a73ab5081e7a0.php 第 254 行.
NOTIC: [8] Undefined variable: v C:\phpstudy\WWW\Runtime\Cache\Home\8dc81083d09155de6c0a73ab5081e7a0.php 第 254 行.
NOTIC: [8] Use of undefined constant goods_id - assumed 'goods_id' C:\phpstudy\WWW\Runtime\Cache\Home\8dc81083d09155de6c0a73ab5081e7a0.php 第 270 行.
NOTIC: [8] Undefined variable: v C:\phpstudy\WWW\Runtime\Cache\Home\8dc81083d09155de6c0a73ab5081e7a0.php 第 270 行.
NOTIC: [8] Use of undefined constant goods_id - assumed 'goods_id' C:\phpstudy\WWW\Runtime\Cache\Home\8dc81083d09155de6c0a73ab5081e7a0.php 第 286 行.
NOTIC: [8] Undefined variable: v C:\phpstudy\WWW\Runtime\Cache\Home\8dc81083d09155de6c0a73ab5081e7a0.php 第 286 行.
NOTIC: [8] Use of undefined constant goods_id - assumed 'goods_id' C:\phpstudy\WWW\Runtime\Cache\Home\8dc81083d09155de6c0a73ab5081e7a0.php 第 302 行.
NOTIC: [8] Undefined variable: v C:\phpstudy\WWW\Runtime\Cache\Home\8dc81083d09155de6c0a73ab5081e7a0.php 第 302 行.
NOTIC: [8] Use of undefined constant goods_id - assumed 'goods_id' C:\phpstudy\WWW\Runtime\Cache\Home\8dc81083d09155de6c0a73ab5081e7a0.php 第 318 行.
NOTIC: [8] Undefined variable: v C:\phpstudy\WWW\Runtime\Cache\Home\8dc81083d09155de6c0a73ab5081e7a0.php 第 318 行.
NOTIC: [8] Use of undefined constant goods_id - assumed 'goods_id' C:\phpstudy\WWW\Runtime\Cache\Home\8dc81083d09155de6c0a73ab5081e7a0.php 第 254 行.
NOTIC: [8] Undefined variable: v C:\phpstudy\WWW\Runtime\Cache\Home\8dc81083d09155de6c0a73ab5081e7a0.php 第 254 行.
NOTIC: [8] Use of undefined constant goods_id - assumed 'goods_id' C:\phpstudy\WWW\Runtime\Cache\Home\8dc81083d09155de6c0a73ab5081e7a0.php 第 270 行.
NOTIC: [8] Undefined variable: v C:\phpstudy\WWW\Runtime\Cache\Home\8dc81083d09155de6c0a73ab5081e7a0.php 第 270 行.
NOTIC: [8] Use of undefined constant goods_id - assumed 'goods_id' C:\phpstudy\WWW\Runtime\Cache\Home\8dc81083d09155de6c0a73ab5081e7a0.php 第 286 行.
NOTIC: [8] Undefined variable: v C:\phpstudy\WWW\Runtime\Cache\Home\8dc81083d09155de6c0a73ab5081e7a0.php 第 286 行.
NOTIC: [8] Use of undefined constant goods_id - assumed 'goods_id' C:\phpstudy\WWW\Runtime\Cache\Home\8dc81083d09155de6c0a73ab5081e7a0.php 第 302 行.
NOTIC: [8] Undefined variable: v C:\phpstudy\WWW\Runtime\Cache\Home\8dc81083d09155de6c0a73ab5081e7a0.php 第 302 行.
NOTIC: [8] Use of undefined constant goods_id - assumed 'goods_id' C:\phpstudy\WWW\Runtime\Cache\Home\8dc81083d09155de6c0a73ab5081e7a0.php 第 318 行.
NOTIC: [8] Undefined variable: v C:\phpstudy\WWW\Runtime\Cache\Home\8dc81083d09155de6c0a73ab5081e7a0.php 第 318 行.
NOTIC: [8] Use of undefined constant goods_id - assumed 'goods_id' C:\phpstudy\WWW\Runtime\Cache\Home\8dc81083d09155de6c0a73ab5081e7a0.php 第 254 行.
NOTIC: [8] Undefined variable: v C:\phpstudy\WWW\Runtime\Cache\Home\8dc81083d09155de6c0a73ab5081e7a0.php 第 254 行.
NOTIC: [8] Use of undefined constant goods_id - assumed 'goods_id' C:\phpstudy\WWW\Runtime\Cache\Home\8dc81083d09155de6c0a73ab5081e7a0.php 第 270 行.
NOTIC: [8] Undefined variable: v C:\phpstudy\WWW\Runtime\Cache\Home\8dc81083d09155de6c0a73ab5081e7a0.php 第 270 行.
NOTIC: [8] Use of undefined constant goods_id - assumed 'goods_id' C:\phpstudy\WWW\Runtime\Cache\Home\8dc81083d09155de6c0a73ab5081e7a0.php 第 286 行.
NOTIC: [8] Undefined variable: v C:\phpstudy\WWW\Runtime\Cache\Home\8dc81083d09155de6c0a73ab5081e7a0.php 第 286 行.
NOTIC: [8] Use of undefined constant goods_id - assumed 'goods_id' C:\phpstudy\WWW\Runtime\Cache\Home\8dc81083d09155de6c0a73ab5081e7a0.php 第 302 行.
NOTIC: [8] Undefined variable: v C:\phpstudy\WWW\Runtime\Cache\Home\8dc81083d09155de6c0a73ab5081e7a0.php 第 302 行.
NOTIC: [8] Use of undefined constant goods_id - assumed 'goods_id' C:\phpstudy\WWW\Runtime\Cache\Home\8dc81083d09155de6c0a73ab5081e7a0.php 第 318 行.
NOTIC: [8] Undefined variable: v C:\phpstudy\WWW\Runtime\Cache\Home\8dc81083d09155de6c0a73ab5081e7a0.php 第 318 行.
NOTIC: [8] Use of undefined constant goods_id - assumed 'goods_id' C:\phpstudy\WWW\Runtime\Cache\Home\8dc81083d09155de6c0a73ab5081e7a0.php 第 254 行.
NOTIC: [8] Undefined variable: v C:\phpstudy\WWW\Runtime\Cache\Home\8dc81083d09155de6c0a73ab5081e7a0.php 第 254 行.
NOTIC: [8] Use of undefined constant goods_id - assumed 'goods_id' C:\phpstudy\WWW\Runtime\Cache\Home\8dc81083d09155de6c0a73ab5081e7a0.php 第 270 行.
NOTIC: [8] Undefined variable: v C:\phpstudy\WWW\Runtime\Cache\Home\8dc81083d09155de6c0a73ab5081e7a0.php 第 270 行.
NOTIC: [8] Use of undefined constant goods_id - assumed 'goods_id' C:\phpstudy\WWW\Runtime\Cache\Home\8dc81083d09155de6c0a73ab5081e7a0.php 第 286 行.
NOTIC: [8] Undefined variable: v C:\phpstudy\WWW\Runtime\Cache\Home\8dc81083d09155de6c0a73ab5081e7a0.php 第 286 行.
NOTIC: [8] Use of undefined constant goods_id - assumed 'goods_id' C:\phpstudy\WWW\Runtime\Cache\Home\8dc81083d09155de6c0a73ab5081e7a0.php 第 302 行.
NOTIC: [8] Undefined variable: v C:\phpstudy\WWW\Runtime\Cache\Home\8dc81083d09155de6c0a73ab5081e7a0.php 第 302 行.
NOTIC: [8] Use of undefined constant goods_id - assumed 'goods_id' C:\phpstudy\WWW\Runtime\Cache\Home\8dc81083d09155de6c0a73ab5081e7a0.php 第 318 行.
NOTIC: [8] Undefined variable: v C:\phpstudy\WWW\Runtime\Cache\Home\8dc81083d09155de6c0a73ab5081e7a0.php 第 318 行.
NOTIC: [8] Use of undefined constant goods_id - assumed 'goods_id' C:\phpstudy\WWW\Runtime\Cache\Home\8dc81083d09155de6c0a73ab5081e7a0.php 第 254 行.
NOTIC: [8] Undefined variable: v C:\phpstudy\WWW\Runtime\Cache\Home\8dc81083d09155de6c0a73ab5081e7a0.php 第 254 行.
NOTIC: [8] Use of undefined constant goods_id - assumed 'goods_id' C:\phpstudy\WWW\Runtime\Cache\Home\8dc81083d09155de6c0a73ab5081e7a0.php 第 270 行.
NOTIC: [8] Undefined variable: v C:\phpstudy\WWW\Runtime\Cache\Home\8dc81083d09155de6c0a73ab5081e7a0.php 第 270 行.
NOTIC: [8] Use of undefined constant goods_id - assumed 'goods_id' C:\phpstudy\WWW\Runtime\Cache\Home\8dc81083d09155de6c0a73ab5081e7a0.php 第 286 行.
NOTIC: [8] Undefined variable: v C:\phpstudy\WWW\Runtime\Cache\Home\8dc81083d09155de6c0a73ab5081e7a0.php 第 286 行.
NOTIC: [8] Use of undefined constant goods_id - assumed 'goods_id' C:\phpstudy\WWW\Runtime\Cache\Home\8dc81083d09155de6c0a73ab5081e7a0.php 第 302 行.
NOTIC: [8] Undefined variable: v C:\phpstudy\WWW\Runtime\Cache\Home\8dc81083d09155de6c0a73ab5081e7a0.php 第 302 行.
NOTIC: [8] Use of undefined constant goods_id - assumed 'goods_id' C:\phpstudy\WWW\Runtime\Cache\Home\8dc81083d09155de6c0a73ab5081e7a0.php 第 318 行.
NOTIC: [8] Undefined variable: v C:\phpstudy\WWW\Runtime\Cache\Home\8dc81083d09155de6c0a73ab5081e7a0.php 第 318 行.
NOTIC: [8] Undefined variable: v C:\phpstudy\WWW\Runtime\Cache\Home\8dc81083d09155de6c0a73ab5081e7a0.php 第 340 行.
NOTIC: [8] Use of undefined constant title - assumed 'title' C:\phpstudy\WWW\Runtime\Cache\Home\8dc81083d09155de6c0a73ab5081e7a0.php 第 341 行.
NOTIC: [8] Undefined variable: v C:\phpstudy\WWW\Runtime\Cache\Home\8dc81083d09155de6c0a73ab5081e7a0.php 第 341 行.
NOTIC: [8] Use of undefined constant style - assumed 'style' C:\phpstudy\WWW\Runtime\Cache\Home\8dc81083d09155de6c0a73ab5081e7a0.php 第 341 行.
NOTIC: [8] Undefined variable: v C:\phpstudy\WWW\Runtime\Cache\Home\8dc81083d09155de6c0a73ab5081e7a0.php 第 341 行.
NOTIC: [8] Use of undefined constant article_id - assumed 'article_id' C:\phpstudy\WWW\Runtime\Cache\Home\8dc81083d09155de6c0a73ab5081e7a0.php 第 370 行.
NOTIC: [8] Undefined variable: v2 C:\phpstudy\WWW\Runtime\Cache\Home\8dc81083d09155de6c0a73ab5081e7a0.php 第 370 行.
NOTIC: [8] Use of undefined constant article_id - assumed 'article_id' C:\phpstudy\WWW\Runtime\Cache\Home\8dc81083d09155de6c0a73ab5081e7a0.php 第 373 行.
NOTIC: [8] Undefined variable: v2 C:\phpstudy\WWW\Runtime\Cache\Home\8dc81083d09155de6c0a73ab5081e7a0.php 第 373 行.
NOTIC: [8] Use of undefined constant article_id - assumed 'article_id' C:\phpstudy\WWW\Runtime\Cache\Home\8dc81083d09155de6c0a73ab5081e7a0.php 第 376 行.
NOTIC: [8] Undefined variable: v2 C:\phpstudy\WWW\Runtime\Cache\Home\8dc81083d09155de6c0a73ab5081e7a0.php 第 376 行.
NOTIC: [8] Use of undefined constant article_id - assumed 'article_id' C:\phpstudy\WWW\Runtime\Cache\Home\8dc81083d09155de6c0a73ab5081e7a0.php 第 388 行.
NOTIC: [8] Undefined variable: v2 C:\phpstudy\WWW\Runtime\Cache\Home\8dc81083d09155de6c0a73ab5081e7a0.php 第 388 行.
NOTIC: [8] Use of undefined constant article_id - assumed 'article_id' C:\phpstudy\WWW\Runtime\Cache\Home\8dc81083d09155de6c0a73ab5081e7a0.php 第 391 行.
NOTIC: [8] Undefined variable: v2 C:\phpstudy\WWW\Runtime\Cache\Home\8dc81083d09155de6c0a73ab5081e7a0.php 第 391 行.
NOTIC: [8] Use of undefined constant article_id - assumed 'article_id' C:\phpstudy\WWW\Runtime\Cache\Home\8dc81083d09155de6c0a73ab5081e7a0.php 第 394 行.
NOTIC: [8] Undefined variable: v2 C:\phpstudy\WWW\Runtime\Cache\Home\8dc81083d09155de6c0a73ab5081e7a0.php 第 394 行.
NOTIC: [8] Use of undefined constant article_id - assumed 'article_id' C:\phpstudy\WWW\Runtime\Cache\Home\8dc81083d09155de6c0a73ab5081e7a0.php 第 406 行.
NOTIC: [8] Undefined variable: v2 C:\phpstudy\WWW\Runtime\Cache\Home\8dc81083d09155de6c0a73ab5081e7a0.php 第 406 行.
NOTIC: [8] Use of undefined constant article_id - assumed 'article_id' C:\phpstudy\WWW\Runtime\Cache\Home\8dc81083d09155de6c0a73ab5081e7a0.php 第 409 行.
NOTIC: [8] Undefined variable: v2 C:\phpstudy\WWW\Runtime\Cache\Home\8dc81083d09155de6c0a73ab5081e7a0.php 第 409 行.
NOTIC: [8] Use of undefined constant article_id - assumed 'article_id' C:\phpstudy\WWW\Runtime\Cache\Home\8dc81083d09155de6c0a73ab5081e7a0.php 第 412 行.
NOTIC: [8] Undefined variable: v2 C:\phpstudy\WWW\Runtime\Cache\Home\8dc81083d09155de6c0a73ab5081e7a0.php 第 412 行.
NOTIC: [8] Use of undefined constant article_id - assumed 'article_id' C:\phpstudy\WWW\Runtime\Cache\Home\8dc81083d09155de6c0a73ab5081e7a0.php 第 424 行.
NOTIC: [8] Undefined variable: v2 C:\phpstudy\WWW\Runtime\Cache\Home\8dc81083d09155de6c0a73ab5081e7a0.php 第 424 行.
NOTIC: [8] Use of undefined constant article_id - assumed 'article_id' C:\phpstudy\WWW\Runtime\Cache\Home\8dc81083d09155de6c0a73ab5081e7a0.php 第 427 行.
NOTIC: [8] Undefined variable: v2 C:\phpstudy\WWW\Runtime\Cache\Home\8dc81083d09155de6c0a73ab5081e7a0.php 第 427 行.
NOTIC: [8] Use of undefined constant article_id - assumed 'article_id' C:\phpstudy\WWW\Runtime\Cache\Home\8dc81083d09155de6c0a73ab5081e7a0.php 第 430 行.
NOTIC: [8] Undefined variable: v2 C:\phpstudy\WWW\Runtime\Cache\Home\8dc81083d09155de6c0a73ab5081e7a0.php 第 430 行.
INFO: Run Behavior\ParseTemplateBehavior [ RunTime:0.047983s ]
INFO: [ view_parse ] --END-- [ RunTime:0.048205s ]
INFO: [ view_filter ] --START--
INFO: Run Behavior\WriteHtmlCacheBehavior [ RunTime:0.000811s ]
INFO: [ view_filter ] --END-- [ RunTime:0.000861s ]
INFO: [ app_end ] --START--
INFO: Run Behavior\ShowPageTraceBehavior [ RunTime:0.001585s ]
INFO: [ app_end ] --END-- [ RunTime:0.001690s ]

[ 2017-04-25T23:24:53+08:00 ] 127.0.0.1 /
INFO: [ app_init ] --START--
INFO: Run Behavior\BuildLiteBehavior [ RunTime:0.000009s ]
INFO: [ app_init ] --END-- [ RunTime:0.000390s ]
INFO: [ app_begin ] --START--
INFO: Run Behavior\ReadHtmlCacheBehavior [ RunTime:0.000398s ]
INFO: [ app_begin ] --END-- [ RunTime:0.000430s ]
NOTIC: [8] A session had already been started - ignoring session_start() C:\phpstudy\WWW\ThinkPHP\Common\functions.php 第 1263 行.
SQL: SHOW COLUMNS FROM `comment` [ RunTime:0.0046s ]
SQL: SELECT COUNT(*) AS tp_count FROM `comment` WHERE `touserid` = null AND `status` = 0 LIMIT 1   [ RunTime:0.0003s ]
SQL: SHOW COLUMNS FROM `product` [ RunTime:0.0040s ]
SQL: SELECT * FROM `product` ORDER BY createtime desc LIMIT 4   [ RunTime:0.0004s ]
SQL: SHOW COLUMNS FROM `category` [ RunTime:0.0035s ]
SQL: SELECT * FROM `category`  [ RunTime:0.0003s ]
SQL: SELECT * FROM `product` WHERE ( category = 1 ) ORDER BY createtime desc LIMIT 7   [ RunTime:0.0003s ]
SQL: SELECT * FROM `product` WHERE ( category = 2 ) ORDER BY createtime desc LIMIT 7   [ RunTime:0.0002s ]
SQL: SELECT * FROM `product` WHERE ( category = 3 ) ORDER BY createtime desc LIMIT 7   [ RunTime:0.0002s ]
SQL: SELECT * FROM `product` WHERE ( category = 4 ) ORDER BY createtime desc LIMIT 7   [ RunTime:0.0002s ]
SQL: SELECT * FROM `product` WHERE ( category = 5 ) ORDER BY createtime desc LIMIT 7   [ RunTime:0.0002s ]
INFO: [ view_parse ] --START--
INFO: [ template_filter ] --START--
INFO: Run Behavior\ContentReplaceBehavior [ RunTime:0.000111s ]
INFO: [ template_filter ] --END-- [ RunTime:0.000148s ]
NOTIC: [8] Undefined variable: v C:\phpstudy\WWW\Runtime\Cache\Home\8dc81083d09155de6c0a73ab5081e7a0.php 第 180 行.
NOTIC: [8] Use of undefined constant title - assumed 'title' C:\phpstudy\WWW\Runtime\Cache\Home\8dc81083d09155de6c0a73ab5081e7a0.php 第 181 行.
NOTIC: [8] Undefined variable: v C:\phpstudy\WWW\Runtime\Cache\Home\8dc81083d09155de6c0a73ab5081e7a0.php 第 181 行.
NOTIC: [8] Use of undefined constant style - assumed 'style' C:\phpstudy\WWW\Runtime\Cache\Home\8dc81083d09155de6c0a73ab5081e7a0.php 第 181 行.
NOTIC: [8] Undefined variable: v C:\phpstudy\WWW\Runtime\Cache\Home\8dc81083d09155de6c0a73ab5081e7a0.php 第 181 行.
NOTIC: [8] Use of undefined constant goods_id - assumed 'goods_id' C:\phpstudy\WWW\Runtime\Cache\Home\8dc81083d09155de6c0a73ab5081e7a0.php 第 254 行.
NOTIC: [8] Undefined variable: v C:\phpstudy\WWW\Runtime\Cache\Home\8dc81083d09155de6c0a73ab5081e7a0.php 第 254 行.
NOTIC: [8] Use of undefined constant goods_id - assumed 'goods_id' C:\phpstudy\WWW\Runtime\Cache\Home\8dc81083d09155de6c0a73ab5081e7a0.php 第 270 行.
NOTIC: [8] Undefined variable: v C:\phpstudy\WWW\Runtime\Cache\Home\8dc81083d09155de6c0a73ab5081e7a0.php 第 270 行.
NOTIC: [8] Use of undefined constant goods_id - assumed 'goods_id' C:\phpstudy\WWW\Runtime\Cache\Home\8dc81083d09155de6c0a73ab5081e7a0.php 第 286 行.
NOTIC: [8] Undefined variable: v C:\phpstudy\WWW\Runtime\Cache\Home\8dc81083d09155de6c0a73ab5081e7a0.php 第 286 行.
NOTIC: [8] Use of undefined constant goods_id - assumed 'goods_id' C:\phpstudy\WWW\Runtime\Cache\Home\8dc81083d09155de6c0a73ab5081e7a0.php 第 302 行.
NOTIC: [8] Undefined variable: v C:\phpstudy\WWW\Runtime\Cache\Home\8dc81083d09155de6c0a73ab5081e7a0.php 第 302 行.
NOTIC: [8] Use of undefined constant goods_id - assumed 'goods_id' C:\phpstudy\WWW\Runtime\Cache\Home\8dc81083d09155de6c0a73ab5081e7a0.php 第 318 行.
NOTIC: [8] Undefined variable: v C:\phpstudy\WWW\Runtime\Cache\Home\8dc81083d09155de6c0a73ab5081e7a0.php 第 318 行.
NOTIC: [8] Use of undefined constant goods_id - assumed 'goods_id' C:\phpstudy\WWW\Runtime\Cache\Home\8dc81083d09155de6c0a73ab5081e7a0.php 第 254 行.
NOTIC: [8] Undefined variable: v C:\phpstudy\WWW\Runtime\Cache\Home\8dc81083d09155de6c0a73ab5081e7a0.php 第 254 行.
NOTIC: [8] Use of undefined constant goods_id - assumed 'goods_id' C:\phpstudy\WWW\Runtime\Cache\Home\8dc81083d09155de6c0a73ab5081e7a0.php 第 270 行.
NOTIC: [8] Undefined variable: v C:\phpstudy\WWW\Runtime\Cache\Home\8dc81083d09155de6c0a73ab5081e7a0.php 第 270 行.
NOTIC: [8] Use of undefined constant goods_id - assumed 'goods_id' C:\phpstudy\WWW\Runtime\Cache\Home\8dc81083d09155de6c0a73ab5081e7a0.php 第 286 行.
NOTIC: [8] Undefined variable: v C:\phpstudy\WWW\Runtime\Cache\Home\8dc81083d09155de6c0a73ab5081e7a0.php 第 286 行.
NOTIC: [8] Use of undefined constant goods_id - assumed 'goods_id' C:\phpstudy\WWW\Runtime\Cache\Home\8dc81083d09155de6c0a73ab5081e7a0.php 第 302 行.
NOTIC: [8] Undefined variable: v C:\phpstudy\WWW\Runtime\Cache\Home\8dc81083d09155de6c0a73ab5081e7a0.php 第 302 行.
NOTIC: [8] Use of undefined constant goods_id - assumed 'goods_id' C:\phpstudy\WWW\Runtime\Cache\Home\8dc81083d09155de6c0a73ab5081e7a0.php 第 318 行.
NOTIC: [8] Undefined variable: v C:\phpstudy\WWW\Runtime\Cache\Home\8dc81083d09155de6c0a73ab5081e7a0.php 第 318 行.
NOTIC: [8] Use of undefined constant goods_id - assumed 'goods_id' C:\phpstudy\WWW\Runtime\Cache\Home\8dc81083d09155de6c0a73ab5081e7a0.php 第 254 行.
NOTIC: [8] Undefined variable: v C:\phpstudy\WWW\Runtime\Cache\Home\8dc81083d09155de6c0a73ab5081e7a0.php 第 254 行.
NOTIC: [8] Use of undefined constant goods_id - assumed 'goods_id' C:\phpstudy\WWW\Runtime\Cache\Home\8dc81083d09155de6c0a73ab5081e7a0.php 第 270 行.
NOTIC: [8] Undefined variable: v C:\phpstudy\WWW\Runtime\Cache\Home\8dc81083d09155de6c0a73ab5081e7a0.php 第 270 行.
NOTIC: [8] Use of undefined constant goods_id - assumed 'goods_id' C:\phpstudy\WWW\Runtime\Cache\Home\8dc81083d09155de6c0a73ab5081e7a0.php 第 286 行.
NOTIC: [8] Undefined variable: v C:\phpstudy\WWW\Runtime\Cache\Home\8dc81083d09155de6c0a73ab5081e7a0.php 第 286 行.
NOTIC: [8] Use of undefined constant goods_id - assumed 'goods_id' C:\phpstudy\WWW\Runtime\Cache\Home\8dc81083d09155de6c0a73ab5081e7a0.php 第 302 行.
NOTIC: [8] Undefined variable: v C:\phpstudy\WWW\Runtime\Cache\Home\8dc81083d09155de6c0a73ab5081e7a0.php 第 302 行.
NOTIC: [8] Use of undefined constant goods_id - assumed 'goods_id' C:\phpstudy\WWW\Runtime\Cache\Home\8dc81083d09155de6c0a73ab5081e7a0.php 第 318 行.
NOTIC: [8] Undefined variable: v C:\phpstudy\WWW\Runtime\Cache\Home\8dc81083d09155de6c0a73ab5081e7a0.php 第 318 行.
NOTIC: [8] Use of undefined constant goods_id - assumed 'goods_id' C:\phpstudy\WWW\Runtime\Cache\Home\8dc81083d09155de6c0a73ab5081e7a0.php 第 254 行.
NOTIC: [8] Undefined variable: v C:\phpstudy\WWW\Runtime\Cache\Home\8dc81083d09155de6c0a73ab5081e7a0.php 第 254 行.
NOTIC: [8] Use of undefined constant goods_id - assumed 'goods_id' C:\phpstudy\WWW\Runtime\Cache\Home\8dc81083d09155de6c0a73ab5081e7a0.php 第 270 行.
NOTIC: [8] Undefined variable: v C:\phpstudy\WWW\Runtime\Cache\Home\8dc81083d09155de6c0a73ab5081e7a0.php 第 270 行.
NOTIC: [8] Use of undefined constant goods_id - assumed 'goods_id' C:\phpstudy\WWW\Runtime\Cache\Home\8dc81083d09155de6c0a73ab5081e7a0.php 第 286 行.
NOTIC: [8] Undefined variable: v C:\phpstudy\WWW\Runtime\Cache\Home\8dc81083d09155de6c0a73ab5081e7a0.php 第 286 行.
NOTIC: [8] Use of undefined constant goods_id - assumed 'goods_id' C:\phpstudy\WWW\Runtime\Cache\Home\8dc81083d09155de6c0a73ab5081e7a0.php 第 302 行.
NOTIC: [8] Undefined variable: v C:\phpstudy\WWW\Runtime\Cache\Home\8dc81083d09155de6c0a73ab5081e7a0.php 第 302 行.
NOTIC: [8] Use of undefined constant goods_id - assumed 'goods_id' C:\phpstudy\WWW\Runtime\Cache\Home\8dc81083d09155de6c0a73ab5081e7a0.php 第 318 行.
NOTIC: [8] Undefined variable: v C:\phpstudy\WWW\Runtime\Cache\Home\8dc81083d09155de6c0a73ab5081e7a0.php 第 318 行.
NOTIC: [8] Use of undefined constant goods_id - assumed 'goods_id' C:\phpstudy\WWW\Runtime\Cache\Home\8dc81083d09155de6c0a73ab5081e7a0.php 第 254 行.
NOTIC: [8] Undefined variable: v C:\phpstudy\WWW\Runtime\Cache\Home\8dc81083d09155de6c0a73ab5081e7a0.php 第 254 行.
NOTIC: [8] Use of undefined constant goods_id - assumed 'goods_id' C:\phpstudy\WWW\Runtime\Cache\Home\8dc81083d09155de6c0a73ab5081e7a0.php 第 270 行.
NOTIC: [8] Undefined variable: v C:\phpstudy\WWW\Runtime\Cache\Home\8dc81083d09155de6c0a73ab5081e7a0.php 第 270 行.
NOTIC: [8] Use of undefined constant goods_id - assumed 'goods_id' C:\phpstudy\WWW\Runtime\Cache\Home\8dc81083d09155de6c0a73ab5081e7a0.php 第 286 行.
NOTIC: [8] Undefined variable: v C:\phpstudy\WWW\Runtime\Cache\Home\8dc81083d09155de6c0a73ab5081e7a0.php 第 286 行.
NOTIC: [8] Use of undefined constant goods_id - assumed 'goods_id' C:\phpstudy\WWW\Runtime\Cache\Home\8dc81083d09155de6c0a73ab5081e7a0.php 第 302 行.
NOTIC: [8] Undefined variable: v C:\phpstudy\WWW\Runtime\Cache\Home\8dc81083d09155de6c0a73ab5081e7a0.php 第 302 行.
NOTIC: [8] Use of undefined constant goods_id - assumed 'goods_id' C:\phpstudy\WWW\Runtime\Cache\Home\8dc81083d09155de6c0a73ab5081e7a0.php 第 318 行.
NOTIC: [8] Undefined variable: v C:\phpstudy\WWW\Runtime\Cache\Home\8dc81083d09155de6c0a73ab5081e7a0.php 第 318 行.
NOTIC: [8] Undefined variable: v C:\phpstudy\WWW\Runtime\Cache\Home\8dc81083d09155de6c0a73ab5081e7a0.php 第 340 行.
NOTIC: [8] Use of undefined constant title - assumed 'title' C:\phpstudy\WWW\Runtime\Cache\Home\8dc81083d09155de6c0a73ab5081e7a0.php 第 341 行.
NOTIC: [8] Undefined variable: v C:\phpstudy\WWW\Runtime\Cache\Home\8dc81083d09155de6c0a73ab5081e7a0.php 第 341 行.
NOTIC: [8] Use of undefined constant style - assumed 'style' C:\phpstudy\WWW\Runtime\Cache\Home\8dc81083d09155de6c0a73ab5081e7a0.php 第 341 行.
NOTIC: [8] Undefined variable: v C:\phpstudy\WWW\Runtime\Cache\Home\8dc81083d09155de6c0a73ab5081e7a0.php 第 341 行.
NOTIC: [8] Use of undefined constant article_id - assumed 'article_id' C:\phpstudy\WWW\Runtime\Cache\Home\8dc81083d09155de6c0a73ab5081e7a0.php 第 370 行.
NOTIC: [8] Undefined variable: v2 C:\phpstudy\WWW\Runtime\Cache\Home\8dc81083d09155de6c0a73ab5081e7a0.php 第 370 行.
NOTIC: [8] Use of undefined constant article_id - assumed 'article_id' C:\phpstudy\WWW\Runtime\Cache\Home\8dc81083d09155de6c0a73ab5081e7a0.php 第 373 行.
NOTIC: [8] Undefined variable: v2 C:\phpstudy\WWW\Runtime\Cache\Home\8dc81083d09155de6c0a73ab5081e7a0.php 第 373 行.
NOTIC: [8] Use of undefined constant article_id - assumed 'article_id' C:\phpstudy\WWW\Runtime\Cache\Home\8dc81083d09155de6c0a73ab5081e7a0.php 第 376 行.
NOTIC: [8] Undefined variable: v2 C:\phpstudy\WWW\Runtime\Cache\Home\8dc81083d09155de6c0a73ab5081e7a0.php 第 376 行.
NOTIC: [8] Use of undefined constant article_id - assumed 'article_id' C:\phpstudy\WWW\Runtime\Cache\Home\8dc81083d09155de6c0a73ab5081e7a0.php 第 388 行.
NOTIC: [8] Undefined variable: v2 C:\phpstudy\WWW\Runtime\Cache\Home\8dc81083d09155de6c0a73ab5081e7a0.php 第 388 行.
NOTIC: [8] Use of undefined constant article_id - assumed 'article_id' C:\phpstudy\WWW\Runtime\Cache\Home\8dc81083d09155de6c0a73ab5081e7a0.php 第 391 行.
NOTIC: [8] Undefined variable: v2 C:\phpstudy\WWW\Runtime\Cache\Home\8dc81083d09155de6c0a73ab5081e7a0.php 第 391 行.
NOTIC: [8] Use of undefined constant article_id - assumed 'article_id' C:\phpstudy\WWW\Runtime\Cache\Home\8dc81083d09155de6c0a73ab5081e7a0.php 第 394 行.
NOTIC: [8] Undefined variable: v2 C:\phpstudy\WWW\Runtime\Cache\Home\8dc81083d09155de6c0a73ab5081e7a0.php 第 394 行.
NOTIC: [8] Use of undefined constant article_id - assumed 'article_id' C:\phpstudy\WWW\Runtime\Cache\Home\8dc81083d09155de6c0a73ab5081e7a0.php 第 406 行.
NOTIC: [8] Undefined variable: v2 C:\phpstudy\WWW\Runtime\Cache\Home\8dc81083d09155de6c0a73ab5081e7a0.php 第 406 行.
NOTIC: [8] Use of undefined constant article_id - assumed 'article_id' C:\phpstudy\WWW\Runtime\Cache\Home\8dc81083d09155de6c0a73ab5081e7a0.php 第 409 行.
NOTIC: [8] Undefined variable: v2 C:\phpstudy\WWW\Runtime\Cache\Home\8dc81083d09155de6c0a73ab5081e7a0.php 第 409 行.
NOTIC: [8] Use of undefined constant article_id - assumed 'article_id' C:\phpstudy\WWW\Runtime\Cache\Home\8dc81083d09155de6c0a73ab5081e7a0.php 第 412 行.
NOTIC: [8] Undefined variable: v2 C:\phpstudy\WWW\Runtime\Cache\Home\8dc81083d09155de6c0a73ab5081e7a0.php 第 412 行.
NOTIC: [8] Use of undefined constant article_id - assumed 'article_id' C:\phpstudy\WWW\Runtime\Cache\Home\8dc81083d09155de6c0a73ab5081e7a0.php 第 424 行.
NOTIC: [8] Undefined variable: v2 C:\phpstudy\WWW\Runtime\Cache\Home\8dc81083d09155de6c0a73ab5081e7a0.php 第 424 行.
NOTIC: [8] Use of undefined constant article_id - assumed 'article_id' C:\phpstudy\WWW\Runtime\Cache\Home\8dc81083d09155de6c0a73ab5081e7a0.php 第 427 行.
NOTIC: [8] Undefined variable: v2 C:\phpstudy\WWW\Runtime\Cache\Home\8dc81083d09155de6c0a73ab5081e7a0.php 第 427 行.
NOTIC: [8] Use of undefined constant article_id - assumed 'article_id' C:\phpstudy\WWW\Runtime\Cache\Home\8dc81083d09155de6c0a73ab5081e7a0.php 第 430 行.
NOTIC: [8] Undefined variable: v2 C:\phpstudy\WWW\Runtime\Cache\Home\8dc81083d09155de6c0a73ab5081e7a0.php 第 430 行.
INFO: Run Behavior\ParseTemplateBehavior [ RunTime:0.020905s ]
INFO: [ view_parse ] --END-- [ RunTime:0.020935s ]
INFO: [ view_filter ] --START--
INFO: Run Behavior\WriteHtmlCacheBehavior [ RunTime:0.000313s ]
INFO: [ view_filter ] --END-- [ RunTime:0.000337s ]
INFO: [ app_end ] --START--
INFO: Run Behavior\ShowPageTraceBehavior [ RunTime:0.000448s ]
INFO: [ app_end ] --END-- [ RunTime:0.000475s ]

[ 2017-04-25T23:24:54+08:00 ] 127.0.0.1 /Home/User/login
INFO: [ app_init ] --START--
INFO: Run Behavior\BuildLiteBehavior [ RunTime:0.000012s ]
INFO: [ app_init ] --END-- [ RunTime:0.000413s ]
INFO: [ app_begin ] --START--
INFO: Run Behavior\ReadHtmlCacheBehavior [ RunTime:0.000394s ]
INFO: [ app_begin ] --END-- [ RunTime:0.000428s ]
NOTIC: [8] A session had already been started - ignoring session_start() C:\phpstudy\WWW\ThinkPHP\Common\functions.php 第 1263 行.
SQL: SHOW COLUMNS FROM `comment` [ RunTime:0.0038s ]
SQL: SELECT COUNT(*) AS tp_count FROM `comment` WHERE `touserid` = null AND `status` = 0 LIMIT 1   [ RunTime:0.0002s ]
INFO: [ view_parse ] --START--
INFO: [ template_filter ] --START--
INFO: Run Behavior\ContentReplaceBehavior [ RunTime:0.000315s ]
INFO: [ template_filter ] --END-- [ RunTime:0.000359s ]
NOTIC: [8] Use of undefined constant article_id - assumed 'article_id' C:\phpstudy\WWW\Runtime\Cache\Home\db612667911eb7a78617c580071ad3d8.php 第 146 行.
NOTIC: [8] Undefined variable: v2 C:\phpstudy\WWW\Runtime\Cache\Home\db612667911eb7a78617c580071ad3d8.php 第 146 行.
NOTIC: [8] Use of undefined constant article_id - assumed 'article_id' C:\phpstudy\WWW\Runtime\Cache\Home\db612667911eb7a78617c580071ad3d8.php 第 149 行.
NOTIC: [8] Undefined variable: v2 C:\phpstudy\WWW\Runtime\Cache\Home\db612667911eb7a78617c580071ad3d8.php 第 149 行.
NOTIC: [8] Use of undefined constant article_id - assumed 'article_id' C:\phpstudy\WWW\Runtime\Cache\Home\db612667911eb7a78617c580071ad3d8.php 第 152 行.
NOTIC: [8] Undefined variable: v2 C:\phpstudy\WWW\Runtime\Cache\Home\db612667911eb7a78617c580071ad3d8.php 第 152 行.
NOTIC: [8] Use of undefined constant article_id - assumed 'article_id' C:\phpstudy\WWW\Runtime\Cache\Home\db612667911eb7a78617c580071ad3d8.php 第 164 行.
NOTIC: [8] Undefined variable: v2 C:\phpstudy\WWW\Runtime\Cache\Home\db612667911eb7a78617c580071ad3d8.php 第 164 行.
NOTIC: [8] Use of undefined constant article_id - assumed 'article_id' C:\phpstudy\WWW\Runtime\Cache\Home\db612667911eb7a78617c580071ad3d8.php 第 167 行.
NOTIC: [8] Undefined variable: v2 C:\phpstudy\WWW\Runtime\Cache\Home\db612667911eb7a78617c580071ad3d8.php 第 167 行.
NOTIC: [8] Use of undefined constant article_id - assumed 'article_id' C:\phpstudy\WWW\Runtime\Cache\Home\db612667911eb7a78617c580071ad3d8.php 第 170 行.
NOTIC: [8] Undefined variable: v2 C:\phpstudy\WWW\Runtime\Cache\Home\db612667911eb7a78617c580071ad3d8.php 第 170 行.
NOTIC: [8] Use of undefined constant article_id - assumed 'article_id' C:\phpstudy\WWW\Runtime\Cache\Home\db612667911eb7a78617c580071ad3d8.php 第 182 行.
NOTIC: [8] Undefined variable: v2 C:\phpstudy\WWW\Runtime\Cache\Home\db612667911eb7a78617c580071ad3d8.php 第 182 行.
NOTIC: [8] Use of undefined constant article_id - assumed 'article_id' C:\phpstudy\WWW\Runtime\Cache\Home\db612667911eb7a78617c580071ad3d8.php 第 185 行.
NOTIC: [8] Undefined variable: v2 C:\phpstudy\WWW\Runtime\Cache\Home\db612667911eb7a78617c580071ad3d8.php 第 185 行.
NOTIC: [8] Use of undefined constant article_id - assumed 'article_id' C:\phpstudy\WWW\Runtime\Cache\Home\db612667911eb7a78617c580071ad3d8.php 第 188 行.
NOTIC: [8] Undefined variable: v2 C:\phpstudy\WWW\Runtime\Cache\Home\db612667911eb7a78617c580071ad3d8.php 第 188 行.
NOTIC: [8] Use of undefined constant article_id - assumed 'article_id' C:\phpstudy\WWW\Runtime\Cache\Home\db612667911eb7a78617c580071ad3d8.php 第 200 行.
NOTIC: [8] Undefined variable: v2 C:\phpstudy\WWW\Runtime\Cache\Home\db612667911eb7a78617c580071ad3d8.php 第 200 行.
NOTIC: [8] Use of undefined constant article_id - assumed 'article_id' C:\phpstudy\WWW\Runtime\Cache\Home\db612667911eb7a78617c580071ad3d8.php 第 203 行.
NOTIC: [8] Undefined variable: v2 C:\phpstudy\WWW\Runtime\Cache\Home\db612667911eb7a78617c580071ad3d8.php 第 203 行.
NOTIC: [8] Use of undefined constant article_id - assumed 'article_id' C:\phpstudy\WWW\Runtime\Cache\Home\db612667911eb7a78617c580071ad3d8.php 第 206 行.
NOTIC: [8] Undefined variable: v2 C:\phpstudy\WWW\Runtime\Cache\Home\db612667911eb7a78617c580071ad3d8.php 第 206 行.
INFO: Run Behavior\ParseTemplateBehavior [ RunTime:0.006868s ]
INFO: [ view_parse ] --END-- [ RunTime:0.006899s ]
INFO: [ view_filter ] --START--
INFO: Run Behavior\WriteHtmlCacheBehavior [ RunTime:0.000294s ]
INFO: [ view_filter ] --END-- [ RunTime:0.000318s ]
INFO: [ app_end ] --START--
INFO: Run Behavior\ShowPageTraceBehavior [ RunTime:0.000429s ]
INFO: [ app_end ] --END-- [ RunTime:0.000454s ]

[ 2017-04-25T23:24:54+08:00 ] 127.0.0.1 /Home/Verifyimg/verifyimg
INFO: [ app_init ] --START--
INFO: Run Behavior\BuildLiteBehavior [ RunTime:0.000012s ]
INFO: [ app_init ] --END-- [ RunTime:0.000354s ]
INFO: [ app_begin ] --START--
INFO: Run Behavior\ReadHtmlCacheBehavior [ RunTime:0.000418s ]
INFO: [ app_begin ] --END-- [ RunTime:0.000461s ]
NOTIC: [8] A session had already been started - ignoring session_start() C:\phpstudy\WWW\ThinkPHP\Common\functions.php 第 1263 行.
INFO: [ app_end ] --START--
INFO: Run Behavior\ShowPageTraceBehavior [ RunTime:0.001064s ]
INFO: [ app_end ] --END-- [ RunTime:0.001165s ]

[ 2017-04-25T23:24:56+08:00 ] 127.0.0.1 /Home/User/forget
INFO: [ app_init ] --START--
INFO: Run Behavior\BuildLiteBehavior [ RunTime:0.000012s ]
INFO: [ app_init ] --END-- [ RunTime:0.000449s ]
INFO: [ app_begin ] --START--
INFO: Run Behavior\ReadHtmlCacheBehavior [ RunTime:0.000441s ]
INFO: [ app_begin ] --END-- [ RunTime:0.000477s ]
NOTIC: [8] A session had already been started - ignoring session_start() C:\phpstudy\WWW\ThinkPHP\Common\functions.php 第 1263 行.
SQL: SHOW COLUMNS FROM `comment` [ RunTime:0.0058s ]
SQL: SELECT COUNT(*) AS tp_count FROM `comment` WHERE `touserid` = null AND `status` = 0 LIMIT 1   [ RunTime:0.0002s ]
INFO: [ view_parse ] --START--
INFO: [ template_filter ] --START--
INFO: Run Behavior\ContentReplaceBehavior [ RunTime:0.000047s ]
INFO: [ template_filter ] --END-- [ RunTime:0.000075s ]
NOTIC: [8] Use of undefined constant article_id - assumed 'article_id' C:\phpstudy\WWW\Runtime\Cache\Home\47df0f089b06052bd5592ce4b6ce66d9.php 第 133 行.
NOTIC: [8] Undefined variable: v2 C:\phpstudy\WWW\Runtime\Cache\Home\47df0f089b06052bd5592ce4b6ce66d9.php 第 133 行.
NOTIC: [8] Use of undefined constant article_id - assumed 'article_id' C:\phpstudy\WWW\Runtime\Cache\Home\47df0f089b06052bd5592ce4b6ce66d9.php 第 136 行.
NOTIC: [8] Undefined variable: v2 C:\phpstudy\WWW\Runtime\Cache\Home\47df0f089b06052bd5592ce4b6ce66d9.php 第 136 行.
NOTIC: [8] Use of undefined constant article_id - assumed 'article_id' C:\phpstudy\WWW\Runtime\Cache\Home\47df0f089b06052bd5592ce4b6ce66d9.php 第 139 行.
NOTIC: [8] Undefined variable: v2 C:\phpstudy\WWW\Runtime\Cache\Home\47df0f089b06052bd5592ce4b6ce66d9.php 第 139 行.
NOTIC: [8] Use of undefined constant article_id - assumed 'article_id' C:\phpstudy\WWW\Runtime\Cache\Home\47df0f089b06052bd5592ce4b6ce66d9.php 第 151 行.
NOTIC: [8] Undefined variable: v2 C:\phpstudy\WWW\Runtime\Cache\Home\47df0f089b06052bd5592ce4b6ce66d9.php 第 151 行.
NOTIC: [8] Use of undefined constant article_id - assumed 'article_id' C:\phpstudy\WWW\Runtime\Cache\Home\47df0f089b06052bd5592ce4b6ce66d9.php 第 154 行.
NOTIC: [8] Undefined variable: v2 C:\phpstudy\WWW\Runtime\Cache\Home\47df0f089b06052bd5592ce4b6ce66d9.php 第 154 行.
NOTIC: [8] Use of undefined constant article_id - assumed 'article_id' C:\phpstudy\WWW\Runtime\Cache\Home\47df0f089b06052bd5592ce4b6ce66d9.php 第 157 行.
NOTIC: [8] Undefined variable: v2 C:\phpstudy\WWW\Runtime\Cache\Home\47df0f089b06052bd5592ce4b6ce66d9.php 第 157 行.
NOTIC: [8] Use of undefined constant article_id - assumed 'article_id' C:\phpstudy\WWW\Runtime\Cache\Home\47df0f089b06052bd5592ce4b6ce66d9.php 第 169 行.
NOTIC: [8] Undefined variable: v2 C:\phpstudy\WWW\Runtime\Cache\Home\47df0f089b06052bd5592ce4b6ce66d9.php 第 169 行.
NOTIC: [8] Use of undefined constant article_id - assumed 'article_id' C:\phpstudy\WWW\Runtime\Cache\Home\47df0f089b06052bd5592ce4b6ce66d9.php 第 172 行.
NOTIC: [8] Undefined variable: v2 C:\phpstudy\WWW\Runtime\Cache\Home\47df0f089b06052bd5592ce4b6ce66d9.php 第 172 行.
NOTIC: [8] Use of undefined constant article_id - assumed 'article_id' C:\phpstudy\WWW\Runtime\Cache\Home\47df0f089b06052bd5592ce4b6ce66d9.php 第 175 行.
NOTIC: [8] Undefined variable: v2 C:\phpstudy\WWW\Runtime\Cache\Home\47df0f089b06052bd5592ce4b6ce66d9.php 第 175 行.
NOTIC: [8] Use of undefined constant article_id - assumed 'article_id' C:\phpstudy\WWW\Runtime\Cache\Home\47df0f089b06052bd5592ce4b6ce66d9.php 第 187 行.
NOTIC: [8] Undefined variable: v2 C:\phpstudy\WWW\Runtime\Cache\Home\47df0f089b06052bd5592ce4b6ce66d9.php 第 187 行.
NOTIC: [8] Use of undefined constant article_id - assumed 'article_id' C:\phpstudy\WWW\Runtime\Cache\Home\47df0f089b06052bd5592ce4b6ce66d9.php 第 190 行.
NOTIC: [8] Undefined variable: v2 C:\phpstudy\WWW\Runtime\Cache\Home\47df0f089b06052bd5592ce4b6ce66d9.php 第 190 行.
NOTIC: [8] Use of undefined constant article_id - assumed 'article_id' C:\phpstudy\WWW\Runtime\Cache\Home\47df0f089b06052bd5592ce4b6ce66d9.php 第 193 行.
NOTIC: [8] Undefined variable: v2 C:\phpstudy\WWW\Runtime\Cache\Home\47df0f089b06052bd5592ce4b6ce66d9.php 第 193 行.
INFO: Run Behavior\ParseTemplateBehavior [ RunTime:0.006177s ]
INFO: [ view_parse ] --END-- [ RunTime:0.006205s ]
INFO: [ view_filter ] --START--
INFO: Run Behavior\WriteHtmlCacheBehavior [ RunTime:0.000332s ]
INFO: [ view_filter ] --END-- [ RunTime:0.000356s ]
INFO: [ app_end ] --START--
INFO: Run Behavior\ShowPageTraceBehavior [ RunTime:0.000457s ]
INFO: [ app_end ] --END-- [ RunTime:0.000485s ]

[ 2017-04-25T23:24:56+08:00 ] 127.0.0.1 /Home/Verifyimg/verifyimg
INFO: [ app_init ] --START--
INFO: Run Behavior\BuildLiteBehavior [ RunTime:0.000026s ]
INFO: [ app_init ] --END-- [ RunTime:0.000575s ]
INFO: [ app_begin ] --START--
INFO: Run Behavior\ReadHtmlCacheBehavior [ RunTime:0.000589s ]
INFO: [ app_begin ] --END-- [ RunTime:0.000653s ]
NOTIC: [8] A session had already been started - ignoring session_start() C:\phpstudy\WWW\ThinkPHP\Common\functions.php 第 1263 行.
INFO: [ app_end ] --START--
INFO: Run Behavior\ShowPageTraceBehavior [ RunTime:0.000660s ]
INFO: [ app_end ] --END-- [ RunTime:0.000737s ]

[ 2017-04-25T23:25:21+08:00 ] 127.0.0.1 /Home/User/doforget
INFO: [ app_init ] --START--
INFO: Run Behavior\BuildLiteBehavior [ RunTime:0.000010s ]
INFO: [ app_init ] --END-- [ RunTime:0.000355s ]
INFO: [ app_begin ] --START--
INFO: Run Behavior\ReadHtmlCacheBehavior [ RunTime:0.000391s ]
INFO: [ app_begin ] --END-- [ RunTime:0.000421s ]
NOTIC: [8] A session had already been started - ignoring session_start() C:\phpstudy\WWW\ThinkPHP\Common\functions.php 第 1263 行.
SQL: SHOW COLUMNS FROM `comment` [ RunTime:0.0043s ]
SQL: SELECT COUNT(*) AS tp_count FROM `comment` WHERE `touserid` = null AND `status` = 0 LIMIT 1   [ RunTime:0.0002s ]
SQL: SHOW COLUMNS FROM `user` [ RunTime:0.0034s ]
SQL: SELECT * FROM `user` WHERE `username` = 'test' LIMIT 1   [ RunTime:0.0013s ]
SQL: UPDATE `user` SET `forgetcode`='752847361',`forgettime`='1493133913' WHERE `username` = 'test' [ RunTime:0.0051s ]

[ 2017-04-25T23:29:43+08:00 ] 127.0.0.1 /Home/User/editpassword/?code=ZWQxNzU1OGU2MTJjZTk2ODFlNTg3MTc5ZGJkYTc5YmU3NjUyMzUzOQ==&id=1
INFO: [ app_init ] --START--
INFO: Run Behavior\BuildLiteBehavior [ RunTime:0.000011s ]
INFO: [ app_init ] --END-- [ RunTime:0.000439s ]
INFO: [ app_begin ] --START--
INFO: Run Behavior\ReadHtmlCacheBehavior [ RunTime:0.000509s ]
INFO: [ app_begin ] --END-- [ RunTime:0.000554s ]
NOTIC: [8] A session had already been started - ignoring session_start() C:\phpstudy\WWW\ThinkPHP\Common\functions.php 第 1263 行.
SQL: SHOW COLUMNS FROM `comment` [ RunTime:0.0054s ]
SQL: SELECT COUNT(*) AS tp_count FROM `comment` WHERE `touserid` = null AND `status` = 0 LIMIT 1   [ RunTime:0.0002s ]
SQL: SHOW COLUMNS FROM `user` [ RunTime:0.0038s ]
SQL: SELECT `forgetcode` FROM `user` WHERE `userid` = 1 LIMIT 1   [ RunTime:0.0003s ]
SQL: SELECT `forgettime` FROM `user` WHERE `userid` = 1 LIMIT 1   [ RunTime:0.0002s ]
INFO: [ view_parse ] --START--
INFO: [ template_filter ] --START--
INFO: Run Behavior\ContentReplaceBehavior [ RunTime:0.000048s ]
INFO: [ template_filter ] --END-- [ RunTime:0.000078s ]
NOTIC: [8] Use of undefined constant article_id - assumed 'article_id' C:\phpstudy\WWW\Runtime\Cache\Home\ce7c21c54d00f4bbf78475a26891dfb6.php 第 130 行.
NOTIC: [8] Undefined variable: v2 C:\phpstudy\WWW\Runtime\Cache\Home\ce7c21c54d00f4bbf78475a26891dfb6.php 第 130 行.
NOTIC: [8] Use of undefined constant article_id - assumed 'article_id' C:\phpstudy\WWW\Runtime\Cache\Home\ce7c21c54d00f4bbf78475a26891dfb6.php 第 133 行.
NOTIC: [8] Undefined variable: v2 C:\phpstudy\WWW\Runtime\Cache\Home\ce7c21c54d00f4bbf78475a26891dfb6.php 第 133 行.
NOTIC: [8] Use of undefined constant article_id - assumed 'article_id' C:\phpstudy\WWW\Runtime\Cache\Home\ce7c21c54d00f4bbf78475a26891dfb6.php 第 136 行.
NOTIC: [8] Undefined variable: v2 C:\phpstudy\WWW\Runtime\Cache\Home\ce7c21c54d00f4bbf78475a26891dfb6.php 第 136 行.
NOTIC: [8] Use of undefined constant article_id - assumed 'article_id' C:\phpstudy\WWW\Runtime\Cache\Home\ce7c21c54d00f4bbf78475a26891dfb6.php 第 148 行.
NOTIC: [8] Undefined variable: v2 C:\phpstudy\WWW\Runtime\Cache\Home\ce7c21c54d00f4bbf78475a26891dfb6.php 第 148 行.
NOTIC: [8] Use of undefined constant article_id - assumed 'article_id' C:\phpstudy\WWW\Runtime\Cache\Home\ce7c21c54d00f4bbf78475a26891dfb6.php 第 151 行.
NOTIC: [8] Undefined variable: v2 C:\phpstudy\WWW\Runtime\Cache\Home\ce7c21c54d00f4bbf78475a26891dfb6.php 第 151 行.
NOTIC: [8] Use of undefined constant article_id - assumed 'article_id' C:\phpstudy\WWW\Runtime\Cache\Home\ce7c21c54d00f4bbf78475a26891dfb6.php 第 154 行.
NOTIC: [8] Undefined variable: v2 C:\phpstudy\WWW\Runtime\Cache\Home\ce7c21c54d00f4bbf78475a26891dfb6.php 第 154 行.
NOTIC: [8] Use of undefined constant article_id - assumed 'article_id' C:\phpstudy\WWW\Runtime\Cache\Home\ce7c21c54d00f4bbf78475a26891dfb6.php 第 166 行.
NOTIC: [8] Undefined variable: v2 C:\phpstudy\WWW\Runtime\Cache\Home\ce7c21c54d00f4bbf78475a26891dfb6.php 第 166 行.
NOTIC: [8] Use of undefined constant article_id - assumed 'article_id' C:\phpstudy\WWW\Runtime\Cache\Home\ce7c21c54d00f4bbf78475a26891dfb6.php 第 169 行.
NOTIC: [8] Undefined variable: v2 C:\phpstudy\WWW\Runtime\Cache\Home\ce7c21c54d00f4bbf78475a26891dfb6.php 第 169 行.
NOTIC: [8] Use of undefined constant article_id - assumed 'article_id' C:\phpstudy\WWW\Runtime\Cache\Home\ce7c21c54d00f4bbf78475a26891dfb6.php 第 172 行.
NOTIC: [8] Undefined variable: v2 C:\phpstudy\WWW\Runtime\Cache\Home\ce7c21c54d00f4bbf78475a26891dfb6.php 第 172 行.
NOTIC: [8] Use of undefined constant article_id - assumed 'article_id' C:\phpstudy\WWW\Runtime\Cache\Home\ce7c21c54d00f4bbf78475a26891dfb6.php 第 184 行.
NOTIC: [8] Undefined variable: v2 C:\phpstudy\WWW\Runtime\Cache\Home\ce7c21c54d00f4bbf78475a26891dfb6.php 第 184 行.
NOTIC: [8] Use of undefined constant article_id - assumed 'article_id' C:\phpstudy\WWW\Runtime\Cache\Home\ce7c21c54d00f4bbf78475a26891dfb6.php 第 187 行.
NOTIC: [8] Undefined variable: v2 C:\phpstudy\WWW\Runtime\Cache\Home\ce7c21c54d00f4bbf78475a26891dfb6.php 第 187 行.
NOTIC: [8] Use of undefined constant article_id - assumed 'article_id' C:\phpstudy\WWW\Runtime\Cache\Home\ce7c21c54d00f4bbf78475a26891dfb6.php 第 190 行.
NOTIC: [8] Undefined variable: v2 C:\phpstudy\WWW\Runtime\Cache\Home\ce7c21c54d00f4bbf78475a26891dfb6.php 第 190 行.
INFO: Run Behavior\ParseTemplateBehavior [ RunTime:0.006905s ]
INFO: [ view_parse ] --END-- [ RunTime:0.006937s ]
INFO: [ view_filter ] --START--
INFO: Run Behavior\WriteHtmlCacheBehavior [ RunTime:0.000358s ]
INFO: [ view_filter ] --END-- [ RunTime:0.000383s ]
INFO: [ app_end ] --START--
INFO: Run Behavior\ShowPageTraceBehavior [ RunTime:0.000484s ]
INFO: [ app_end ] --END-- [ RunTime:0.000511s ]

[ 2017-04-25T23:29:52+08:00 ] 127.0.0.1 /Home/User/editpassword/?code=ZWQxNzU1OGU2MTJjZTk2ODFlNTg3MTc5ZGJkYTc5YmU3NjUyMzUzOQ==&id=1
INFO: [ app_init ] --START--
INFO: Run Behavior\BuildLiteBehavior [ RunTime:0.000010s ]
INFO: [ app_init ] --END-- [ RunTime:0.000360s ]
INFO: [ app_begin ] --START--
INFO: Run Behavior\ReadHtmlCacheBehavior [ RunTime:0.000493s ]
INFO: [ app_begin ] --END-- [ RunTime:0.000529s ]
NOTIC: [8] A session had already been started - ignoring session_start() C:\phpstudy\WWW\ThinkPHP\Common\functions.php 第 1263 行.
SQL: SHOW COLUMNS FROM `comment` [ RunTime:0.0053s ]
SQL: SELECT COUNT(*) AS tp_count FROM `comment` WHERE `touserid` = null AND `status` = 0 LIMIT 1   [ RunTime:0.0002s ]
SQL: SHOW COLUMNS FROM `user` [ RunTime:0.0035s ]
SQL: SELECT `forgetcode` FROM `user` WHERE `userid` = 1 LIMIT 1   [ RunTime:0.0003s ]
SQL: SELECT `forgettime` FROM `user` WHERE `userid` = 1 LIMIT 1   [ RunTime:0.0005s ]
SQL: UPDATE `user` SET `password`='b30de6291edd1aede085f3df51fd38bb973d6e13' WHERE `userid` = 1 [ RunTime:0.0202s ]
INFO: [ view_parse ] --START--
INFO: [ template_filter ] --START--
INFO: Run Behavior\ContentReplaceBehavior [ RunTime:0.000026s ]
INFO: [ template_filter ] --END-- [ RunTime:0.000058s ]
INFO: Run Behavior\ParseTemplateBehavior [ RunTime:0.004771s ]
INFO: [ view_parse ] --END-- [ RunTime:0.004802s ]
INFO: [ view_filter ] --START--
INFO: Run Behavior\WriteHtmlCacheBehavior [ RunTime:0.000400s ]
INFO: [ view_filter ] --END-- [ RunTime:0.000423s ]

[ 2017-04-25T23:29:55+08:00 ] 127.0.0.1 /
INFO: [ app_init ] --START--
INFO: Run Behavior\BuildLiteBehavior [ RunTime:0.000010s ]
INFO: [ app_init ] --END-- [ RunTime:0.000360s ]
INFO: [ app_begin ] --START--
INFO: Run Behavior\ReadHtmlCacheBehavior [ RunTime:0.000473s ]
INFO: [ app_begin ] --END-- [ RunTime:0.000509s ]
NOTIC: [8] A session had already been started - ignoring session_start() C:\phpstudy\WWW\ThinkPHP\Common\functions.php 第 1263 行.
SQL: SHOW COLUMNS FROM `comment` [ RunTime:0.0062s ]
SQL: SELECT COUNT(*) AS tp_count FROM `comment` WHERE `touserid` = null AND `status` = 0 LIMIT 1   [ RunTime:0.0002s ]
SQL: SHOW COLUMNS FROM `product` [ RunTime:0.0034s ]
SQL: SELECT * FROM `product` ORDER BY createtime desc LIMIT 4   [ RunTime:0.0004s ]
SQL: SHOW COLUMNS FROM `category` [ RunTime:0.0031s ]
SQL: SELECT * FROM `category`  [ RunTime:0.0002s ]
SQL: SELECT * FROM `product` WHERE ( category = 1 ) ORDER BY createtime desc LIMIT 7   [ RunTime:0.0003s ]
SQL: SELECT * FROM `product` WHERE ( category = 2 ) ORDER BY createtime desc LIMIT 7   [ RunTime:0.0002s ]
SQL: SELECT * FROM `product` WHERE ( category = 3 ) ORDER BY createtime desc LIMIT 7   [ RunTime:0.0002s ]
SQL: SELECT * FROM `product` WHERE ( category = 4 ) ORDER BY createtime desc LIMIT 7   [ RunTime:0.0002s ]
SQL: SELECT * FROM `product` WHERE ( category = 5 ) ORDER BY createtime desc LIMIT 7   [ RunTime:0.0002s ]
INFO: [ view_parse ] --START--
INFO: [ template_filter ] --START--
INFO: Run Behavior\ContentReplaceBehavior [ RunTime:0.000133s ]
INFO: [ template_filter ] --END-- [ RunTime:0.000173s ]
NOTIC: [8] Undefined variable: v C:\phpstudy\WWW\Runtime\Cache\Home\8dc81083d09155de6c0a73ab5081e7a0.php 第 180 行.
NOTIC: [8] Use of undefined constant title - assumed 'title' C:\phpstudy\WWW\Runtime\Cache\Home\8dc81083d09155de6c0a73ab5081e7a0.php 第 181 行.
NOTIC: [8] Undefined variable: v C:\phpstudy\WWW\Runtime\Cache\Home\8dc81083d09155de6c0a73ab5081e7a0.php 第 181 行.
NOTIC: [8] Use of undefined constant style - assumed 'style' C:\phpstudy\WWW\Runtime\Cache\Home\8dc81083d09155de6c0a73ab5081e7a0.php 第 181 行.
NOTIC: [8] Undefined variable: v C:\phpstudy\WWW\Runtime\Cache\Home\8dc81083d09155de6c0a73ab5081e7a0.php 第 181 行.
NOTIC: [8] Use of undefined constant goods_id - assumed 'goods_id' C:\phpstudy\WWW\Runtime\Cache\Home\8dc81083d09155de6c0a73ab5081e7a0.php 第 254 行.
NOTIC: [8] Undefined variable: v C:\phpstudy\WWW\Runtime\Cache\Home\8dc81083d09155de6c0a73ab5081e7a0.php 第 254 行.
NOTIC: [8] Use of undefined constant goods_id - assumed 'goods_id' C:\phpstudy\WWW\Runtime\Cache\Home\8dc81083d09155de6c0a73ab5081e7a0.php 第 270 行.
NOTIC: [8] Undefined variable: v C:\phpstudy\WWW\Runtime\Cache\Home\8dc81083d09155de6c0a73ab5081e7a0.php 第 270 行.
NOTIC: [8] Use of undefined constant goods_id - assumed 'goods_id' C:\phpstudy\WWW\Runtime\Cache\Home\8dc81083d09155de6c0a73ab5081e7a0.php 第 286 行.
NOTIC: [8] Undefined variable: v C:\phpstudy\WWW\Runtime\Cache\Home\8dc81083d09155de6c0a73ab5081e7a0.php 第 286 行.
NOTIC: [8] Use of undefined constant goods_id - assumed 'goods_id' C:\phpstudy\WWW\Runtime\Cache\Home\8dc81083d09155de6c0a73ab5081e7a0.php 第 302 行.
NOTIC: [8] Undefined variable: v C:\phpstudy\WWW\Runtime\Cache\Home\8dc81083d09155de6c0a73ab5081e7a0.php 第 302 行.
NOTIC: [8] Use of undefined constant goods_id - assumed 'goods_id' C:\phpstudy\WWW\Runtime\Cache\Home\8dc81083d09155de6c0a73ab5081e7a0.php 第 318 行.
NOTIC: [8] Undefined variable: v C:\phpstudy\WWW\Runtime\Cache\Home\8dc81083d09155de6c0a73ab5081e7a0.php 第 318 行.
NOTIC: [8] Use of undefined constant goods_id - assumed 'goods_id' C:\phpstudy\WWW\Runtime\Cache\Home\8dc81083d09155de6c0a73ab5081e7a0.php 第 254 行.
NOTIC: [8] Undefined variable: v C:\phpstudy\WWW\Runtime\Cache\Home\8dc81083d09155de6c0a73ab5081e7a0.php 第 254 行.
NOTIC: [8] Use of undefined constant goods_id - assumed 'goods_id' C:\phpstudy\WWW\Runtime\Cache\Home\8dc81083d09155de6c0a73ab5081e7a0.php 第 270 行.
NOTIC: [8] Undefined variable: v C:\phpstudy\WWW\Runtime\Cache\Home\8dc81083d09155de6c0a73ab5081e7a0.php 第 270 行.
NOTIC: [8] Use of undefined constant goods_id - assumed 'goods_id' C:\phpstudy\WWW\Runtime\Cache\Home\8dc81083d09155de6c0a73ab5081e7a0.php 第 286 行.
NOTIC: [8] Undefined variable: v C:\phpstudy\WWW\Runtime\Cache\Home\8dc81083d09155de6c0a73ab5081e7a0.php 第 286 行.
NOTIC: [8] Use of undefined constant goods_id - assumed 'goods_id' C:\phpstudy\WWW\Runtime\Cache\Home\8dc81083d09155de6c0a73ab5081e7a0.php 第 302 行.
NOTIC: [8] Undefined variable: v C:\phpstudy\WWW\Runtime\Cache\Home\8dc81083d09155de6c0a73ab5081e7a0.php 第 302 行.
NOTIC: [8] Use of undefined constant goods_id - assumed 'goods_id' C:\phpstudy\WWW\Runtime\Cache\Home\8dc81083d09155de6c0a73ab5081e7a0.php 第 318 行.
NOTIC: [8] Undefined variable: v C:\phpstudy\WWW\Runtime\Cache\Home\8dc81083d09155de6c0a73ab5081e7a0.php 第 318 行.
NOTIC: [8] Use of undefined constant goods_id - assumed 'goods_id' C:\phpstudy\WWW\Runtime\Cache\Home\8dc81083d09155de6c0a73ab5081e7a0.php 第 254 行.
NOTIC: [8] Undefined variable: v C:\phpstudy\WWW\Runtime\Cache\Home\8dc81083d09155de6c0a73ab5081e7a0.php 第 254 行.
NOTIC: [8] Use of undefined constant goods_id - assumed 'goods_id' C:\phpstudy\WWW\Runtime\Cache\Home\8dc81083d09155de6c0a73ab5081e7a0.php 第 270 行.
NOTIC: [8] Undefined variable: v C:\phpstudy\WWW\Runtime\Cache\Home\8dc81083d09155de6c0a73ab5081e7a0.php 第 270 行.
NOTIC: [8] Use of undefined constant goods_id - assumed 'goods_id' C:\phpstudy\WWW\Runtime\Cache\Home\8dc81083d09155de6c0a73ab5081e7a0.php 第 286 行.
NOTIC: [8] Undefined variable: v C:\phpstudy\WWW\Runtime\Cache\Home\8dc81083d09155de6c0a73ab5081e7a0.php 第 286 行.
NOTIC: [8] Use of undefined constant goods_id - assumed 'goods_id' C:\phpstudy\WWW\Runtime\Cache\Home\8dc81083d09155de6c0a73ab5081e7a0.php 第 302 行.
NOTIC: [8] Undefined variable: v C:\phpstudy\WWW\Runtime\Cache\Home\8dc81083d09155de6c0a73ab5081e7a0.php 第 302 行.
NOTIC: [8] Use of undefined constant goods_id - assumed 'goods_id' C:\phpstudy\WWW\Runtime\Cache\Home\8dc81083d09155de6c0a73ab5081e7a0.php 第 318 行.
NOTIC: [8] Undefined variable: v C:\phpstudy\WWW\Runtime\Cache\Home\8dc81083d09155de6c0a73ab5081e7a0.php 第 318 行.
NOTIC: [8] Use of undefined constant goods_id - assumed 'goods_id' C:\phpstudy\WWW\Runtime\Cache\Home\8dc81083d09155de6c0a73ab5081e7a0.php 第 254 行.
NOTIC: [8] Undefined variable: v C:\phpstudy\WWW\Runtime\Cache\Home\8dc81083d09155de6c0a73ab5081e7a0.php 第 254 行.
NOTIC: [8] Use of undefined constant goods_id - assumed 'goods_id' C:\phpstudy\WWW\Runtime\Cache\Home\8dc81083d09155de6c0a73ab5081e7a0.php 第 270 行.
NOTIC: [8] Undefined variable: v C:\phpstudy\WWW\Runtime\Cache\Home\8dc81083d09155de6c0a73ab5081e7a0.php 第 270 行.
NOTIC: [8] Use of undefined constant goods_id - assumed 'goods_id' C:\phpstudy\WWW\Runtime\Cache\Home\8dc81083d09155de6c0a73ab5081e7a0.php 第 286 行.
NOTIC: [8] Undefined variable: v C:\phpstudy\WWW\Runtime\Cache\Home\8dc81083d09155de6c0a73ab5081e7a0.php 第 286 行.
NOTIC: [8] Use of undefined constant goods_id - assumed 'goods_id' C:\phpstudy\WWW\Runtime\Cache\Home\8dc81083d09155de6c0a73ab5081e7a0.php 第 302 行.
NOTIC: [8] Undefined variable: v C:\phpstudy\WWW\Runtime\Cache\Home\8dc81083d09155de6c0a73ab5081e7a0.php 第 302 行.
NOTIC: [8] Use of undefined constant goods_id - assumed 'goods_id' C:\phpstudy\WWW\Runtime\Cache\Home\8dc81083d09155de6c0a73ab5081e7a0.php 第 318 行.
NOTIC: [8] Undefined variable: v C:\phpstudy\WWW\Runtime\Cache\Home\8dc81083d09155de6c0a73ab5081e7a0.php 第 318 行.
NOTIC: [8] Use of undefined constant goods_id - assumed 'goods_id' C:\phpstudy\WWW\Runtime\Cache\Home\8dc81083d09155de6c0a73ab5081e7a0.php 第 254 行.
NOTIC: [8] Undefined variable: v C:\phpstudy\WWW\Runtime\Cache\Home\8dc81083d09155de6c0a73ab5081e7a0.php 第 254 行.
NOTIC: [8] Use of undefined constant goods_id - assumed 'goods_id' C:\phpstudy\WWW\Runtime\Cache\Home\8dc81083d09155de6c0a73ab5081e7a0.php 第 270 行.
NOTIC: [8] Undefined variable: v C:\phpstudy\WWW\Runtime\Cache\Home\8dc81083d09155de6c0a73ab5081e7a0.php 第 270 行.
NOTIC: [8] Use of undefined constant goods_id - assumed 'goods_id' C:\phpstudy\WWW\Runtime\Cache\Home\8dc81083d09155de6c0a73ab5081e7a0.php 第 286 行.
NOTIC: [8] Undefined variable: v C:\phpstudy\WWW\Runtime\Cache\Home\8dc81083d09155de6c0a73ab5081e7a0.php 第 286 行.
NOTIC: [8] Use of undefined constant goods_id - assumed 'goods_id' C:\phpstudy\WWW\Runtime\Cache\Home\8dc81083d09155de6c0a73ab5081e7a0.php 第 302 行.
NOTIC: [8] Undefined variable: v C:\phpstudy\WWW\Runtime\Cache\Home\8dc81083d09155de6c0a73ab5081e7a0.php 第 302 行.
NOTIC: [8] Use of undefined constant goods_id - assumed 'goods_id' C:\phpstudy\WWW\Runtime\Cache\Home\8dc81083d09155de6c0a73ab5081e7a0.php 第 318 行.
NOTIC: [8] Undefined variable: v C:\phpstudy\WWW\Runtime\Cache\Home\8dc81083d09155de6c0a73ab5081e7a0.php 第 318 行.
NOTIC: [8] Undefined variable: v C:\phpstudy\WWW\Runtime\Cache\Home\8dc81083d09155de6c0a73ab5081e7a0.php 第 340 行.
NOTIC: [8] Use of undefined constant title - assumed 'title' C:\phpstudy\WWW\Runtime\Cache\Home\8dc81083d09155de6c0a73ab5081e7a0.php 第 341 行.
NOTIC: [8] Undefined variable: v C:\phpstudy\WWW\Runtime\Cache\Home\8dc81083d09155de6c0a73ab5081e7a0.php 第 341 行.
NOTIC: [8] Use of undefined constant style - assumed 'style' C:\phpstudy\WWW\Runtime\Cache\Home\8dc81083d09155de6c0a73ab5081e7a0.php 第 341 行.
NOTIC: [8] Undefined variable: v C:\phpstudy\WWW\Runtime\Cache\Home\8dc81083d09155de6c0a73ab5081e7a0.php 第 341 行.
NOTIC: [8] Use of undefined constant article_id - assumed 'article_id' C:\phpstudy\WWW\Runtime\Cache\Home\8dc81083d09155de6c0a73ab5081e7a0.php 第 370 行.
NOTIC: [8] Undefined variable: v2 C:\phpstudy\WWW\Runtime\Cache\Home\8dc81083d09155de6c0a73ab5081e7a0.php 第 370 行.
NOTIC: [8] Use of undefined constant article_id - assumed 'article_id' C:\phpstudy\WWW\Runtime\Cache\Home\8dc81083d09155de6c0a73ab5081e7a0.php 第 373 行.
NOTIC: [8] Undefined variable: v2 C:\phpstudy\WWW\Runtime\Cache\Home\8dc81083d09155de6c0a73ab5081e7a0.php 第 373 行.
NOTIC: [8] Use of undefined constant article_id - assumed 'article_id' C:\phpstudy\WWW\Runtime\Cache\Home\8dc81083d09155de6c0a73ab5081e7a0.php 第 376 行.
NOTIC: [8] Undefined variable: v2 C:\phpstudy\WWW\Runtime\Cache\Home\8dc81083d09155de6c0a73ab5081e7a0.php 第 376 行.
NOTIC: [8] Use of undefined constant article_id - assumed 'article_id' C:\phpstudy\WWW\Runtime\Cache\Home\8dc81083d09155de6c0a73ab5081e7a0.php 第 388 行.
NOTIC: [8] Undefined variable: v2 C:\phpstudy\WWW\Runtime\Cache\Home\8dc81083d09155de6c0a73ab5081e7a0.php 第 388 行.
NOTIC: [8] Use of undefined constant article_id - assumed 'article_id' C:\phpstudy\WWW\Runtime\Cache\Home\8dc81083d09155de6c0a73ab5081e7a0.php 第 391 行.
NOTIC: [8] Undefined variable: v2 C:\phpstudy\WWW\Runtime\Cache\Home\8dc81083d09155de6c0a73ab5081e7a0.php 第 391 行.
NOTIC: [8] Use of undefined constant article_id - assumed 'article_id' C:\phpstudy\WWW\Runtime\Cache\Home\8dc81083d09155de6c0a73ab5081e7a0.php 第 394 行.
NOTIC: [8] Undefined variable: v2 C:\phpstudy\WWW\Runtime\Cache\Home\8dc81083d09155de6c0a73ab5081e7a0.php 第 394 行.
NOTIC: [8] Use of undefined constant article_id - assumed 'article_id' C:\phpstudy\WWW\Runtime\Cache\Home\8dc81083d09155de6c0a73ab5081e7a0.php 第 406 行.
NOTIC: [8] Undefined variable: v2 C:\phpstudy\WWW\Runtime\Cache\Home\8dc81083d09155de6c0a73ab5081e7a0.php 第 406 行.
NOTIC: [8] Use of undefined constant article_id - assumed 'article_id' C:\phpstudy\WWW\Runtime\Cache\Home\8dc81083d09155de6c0a73ab5081e7a0.php 第 409 行.
NOTIC: [8] Undefined variable: v2 C:\phpstudy\WWW\Runtime\Cache\Home\8dc81083d09155de6c0a73ab5081e7a0.php 第 409 行.
NOTIC: [8] Use of undefined constant article_id - assumed 'article_id' C:\phpstudy\WWW\Runtime\Cache\Home\8dc81083d09155de6c0a73ab5081e7a0.php 第 412 行.
NOTIC: [8] Undefined variable: v2 C:\phpstudy\WWW\Runtime\Cache\Home\8dc81083d09155de6c0a73ab5081e7a0.php 第 412 行.
NOTIC: [8] Use of undefined constant article_id - assumed 'article_id' C:\phpstudy\WWW\Runtime\Cache\Home\8dc81083d09155de6c0a73ab5081e7a0.php 第 424 行.
NOTIC: [8] Undefined variable: v2 C:\phpstudy\WWW\Runtime\Cache\Home\8dc81083d09155de6c0a73ab5081e7a0.php 第 424 行.
NOTIC: [8] Use of undefined constant article_id - assumed 'article_id' C:\phpstudy\WWW\Runtime\Cache\Home\8dc81083d09155de6c0a73ab5081e7a0.php 第 427 行.
NOTIC: [8] Undefined variable: v2 C:\phpstudy\WWW\Runtime\Cache\Home\8dc81083d09155de6c0a73ab5081e7a0.php 第 427 行.
NOTIC: [8] Use of undefined constant article_id - assumed 'article_id' C:\phpstudy\WWW\Runtime\Cache\Home\8dc81083d09155de6c0a73ab5081e7a0.php 第 430 行.
NOTIC: [8] Undefined variable: v2 C:\phpstudy\WWW\Runtime\Cache\Home\8dc81083d09155de6c0a73ab5081e7a0.php 第 430 行.
INFO: Run Behavior\ParseTemplateBehavior [ RunTime:0.014681s ]
INFO: [ view_parse ] --END-- [ RunTime:0.014712s ]
INFO: [ view_filter ] --START--
INFO: Run Behavior\WriteHtmlCacheBehavior [ RunTime:0.000368s ]
INFO: [ view_filter ] --END-- [ RunTime:0.000393s ]
INFO: [ app_end ] --START--
INFO: Run Behavior\ShowPageTraceBehavior [ RunTime:0.000493s ]
INFO: [ app_end ] --END-- [ RunTime:0.000526s ]

[ 2017-04-25T23:32:50+08:00 ] 127.0.0.1 /
INFO: [ app_init ] --START--
INFO: Run Behavior\BuildLiteBehavior [ RunTime:0.000009s ]
INFO: [ app_init ] --END-- [ RunTime:0.000405s ]
INFO: [ app_begin ] --START--
INFO: Run Behavior\ReadHtmlCacheBehavior [ RunTime:0.000382s ]
INFO: [ app_begin ] --END-- [ RunTime:0.000414s ]
NOTIC: [8] A session had already been started - ignoring session_start() C:\phpstudy\WWW\ThinkPHP\Common\functions.php 第 1263 行.
SQL: SHOW COLUMNS FROM `comment` [ RunTime:0.0039s ]
SQL: SELECT COUNT(*) AS tp_count FROM `comment` WHERE `touserid` = null AND `status` = 0 LIMIT 1   [ RunTime:0.0002s ]
SQL: SHOW COLUMNS FROM `product` [ RunTime:0.0042s ]
SQL: SELECT * FROM `product` ORDER BY createtime desc LIMIT 4   [ RunTime:0.0004s ]
SQL: SHOW COLUMNS FROM `category` [ RunTime:0.0036s ]
SQL: SELECT * FROM `category`  [ RunTime:0.0002s ]
SQL: SELECT * FROM `product` WHERE ( category = 1 ) ORDER BY createtime desc LIMIT 7   [ RunTime:0.0004s ]
SQL: SELECT * FROM `product` WHERE ( category = 2 ) ORDER BY createtime desc LIMIT 7   [ RunTime:0.0002s ]
SQL: SELECT * FROM `product` WHERE ( category = 3 ) ORDER BY createtime desc LIMIT 7   [ RunTime:0.0002s ]
SQL: SELECT * FROM `product` WHERE ( category = 4 ) ORDER BY createtime desc LIMIT 7   [ RunTime:0.0002s ]
SQL: SELECT * FROM `product` WHERE ( category = 5 ) ORDER BY createtime desc LIMIT 7   [ RunTime:0.0002s ]
INFO: [ view_parse ] --START--
INFO: [ template_filter ] --START--
INFO: Run Behavior\ContentReplaceBehavior [ RunTime:0.000123s ]
INFO: [ template_filter ] --END-- [ RunTime:0.000159s ]
NOTIC: [8] Undefined variable: v C:\phpstudy\WWW\Runtime\Cache\Home\8dc81083d09155de6c0a73ab5081e7a0.php 第 180 行.
NOTIC: [8] Use of undefined constant title - assumed 'title' C:\phpstudy\WWW\Runtime\Cache\Home\8dc81083d09155de6c0a73ab5081e7a0.php 第 181 行.
NOTIC: [8] Undefined variable: v C:\phpstudy\WWW\Runtime\Cache\Home\8dc81083d09155de6c0a73ab5081e7a0.php 第 181 行.
NOTIC: [8] Use of undefined constant style - assumed 'style' C:\phpstudy\WWW\Runtime\Cache\Home\8dc81083d09155de6c0a73ab5081e7a0.php 第 181 行.
NOTIC: [8] Undefined variable: v C:\phpstudy\WWW\Runtime\Cache\Home\8dc81083d09155de6c0a73ab5081e7a0.php 第 181 行.
NOTIC: [8] Use of undefined constant goods_id - assumed 'goods_id' C:\phpstudy\WWW\Runtime\Cache\Home\8dc81083d09155de6c0a73ab5081e7a0.php 第 254 行.
NOTIC: [8] Undefined variable: v C:\phpstudy\WWW\Runtime\Cache\Home\8dc81083d09155de6c0a73ab5081e7a0.php 第 254 行.
NOTIC: [8] Use of undefined constant goods_id - assumed 'goods_id' C:\phpstudy\WWW\Runtime\Cache\Home\8dc81083d09155de6c0a73ab5081e7a0.php 第 270 行.
NOTIC: [8] Undefined variable: v C:\phpstudy\WWW\Runtime\Cache\Home\8dc81083d09155de6c0a73ab5081e7a0.php 第 270 行.
NOTIC: [8] Use of undefined constant goods_id - assumed 'goods_id' C:\phpstudy\WWW\Runtime\Cache\Home\8dc81083d09155de6c0a73ab5081e7a0.php 第 286 行.
NOTIC: [8] Undefined variable: v C:\phpstudy\WWW\Runtime\Cache\Home\8dc81083d09155de6c0a73ab5081e7a0.php 第 286 行.
NOTIC: [8] Use of undefined constant goods_id - assumed 'goods_id' C:\phpstudy\WWW\Runtime\Cache\Home\8dc81083d09155de6c0a73ab5081e7a0.php 第 302 行.
NOTIC: [8] Undefined variable: v C:\phpstudy\WWW\Runtime\Cache\Home\8dc81083d09155de6c0a73ab5081e7a0.php 第 302 行.
NOTIC: [8] Use of undefined constant goods_id - assumed 'goods_id' C:\phpstudy\WWW\Runtime\Cache\Home\8dc81083d09155de6c0a73ab5081e7a0.php 第 318 行.
NOTIC: [8] Undefined variable: v C:\phpstudy\WWW\Runtime\Cache\Home\8dc81083d09155de6c0a73ab5081e7a0.php 第 318 行.
NOTIC: [8] Use of undefined constant goods_id - assumed 'goods_id' C:\phpstudy\WWW\Runtime\Cache\Home\8dc81083d09155de6c0a73ab5081e7a0.php 第 254 行.
NOTIC: [8] Undefined variable: v C:\phpstudy\WWW\Runtime\Cache\Home\8dc81083d09155de6c0a73ab5081e7a0.php 第 254 行.
NOTIC: [8] Use of undefined constant goods_id - assumed 'goods_id' C:\phpstudy\WWW\Runtime\Cache\Home\8dc81083d09155de6c0a73ab5081e7a0.php 第 270 行.
NOTIC: [8] Undefined variable: v C:\phpstudy\WWW\Runtime\Cache\Home\8dc81083d09155de6c0a73ab5081e7a0.php 第 270 行.
NOTIC: [8] Use of undefined constant goods_id - assumed 'goods_id' C:\phpstudy\WWW\Runtime\Cache\Home\8dc81083d09155de6c0a73ab5081e7a0.php 第 286 行.
NOTIC: [8] Undefined variable: v C:\phpstudy\WWW\Runtime\Cache\Home\8dc81083d09155de6c0a73ab5081e7a0.php 第 286 行.
NOTIC: [8] Use of undefined constant goods_id - assumed 'goods_id' C:\phpstudy\WWW\Runtime\Cache\Home\8dc81083d09155de6c0a73ab5081e7a0.php 第 302 行.
NOTIC: [8] Undefined variable: v C:\phpstudy\WWW\Runtime\Cache\Home\8dc81083d09155de6c0a73ab5081e7a0.php 第 302 行.
NOTIC: [8] Use of undefined constant goods_id - assumed 'goods_id' C:\phpstudy\WWW\Runtime\Cache\Home\8dc81083d09155de6c0a73ab5081e7a0.php 第 318 行.
NOTIC: [8] Undefined variable: v C:\phpstudy\WWW\Runtime\Cache\Home\8dc81083d09155de6c0a73ab5081e7a0.php 第 318 行.
NOTIC: [8] Use of undefined constant goods_id - assumed 'goods_id' C:\phpstudy\WWW\Runtime\Cache\Home\8dc81083d09155de6c0a73ab5081e7a0.php 第 254 行.
NOTIC: [8] Undefined variable: v C:\phpstudy\WWW\Runtime\Cache\Home\8dc81083d09155de6c0a73ab5081e7a0.php 第 254 行.
NOTIC: [8] Use of undefined constant goods_id - assumed 'goods_id' C:\phpstudy\WWW\Runtime\Cache\Home\8dc81083d09155de6c0a73ab5081e7a0.php 第 270 行.
NOTIC: [8] Undefined variable: v C:\phpstudy\WWW\Runtime\Cache\Home\8dc81083d09155de6c0a73ab5081e7a0.php 第 270 行.
NOTIC: [8] Use of undefined constant goods_id - assumed 'goods_id' C:\phpstudy\WWW\Runtime\Cache\Home\8dc81083d09155de6c0a73ab5081e7a0.php 第 286 行.
NOTIC: [8] Undefined variable: v C:\phpstudy\WWW\Runtime\Cache\Home\8dc81083d09155de6c0a73ab5081e7a0.php 第 286 行.
NOTIC: [8] Use of undefined constant goods_id - assumed 'goods_id' C:\phpstudy\WWW\Runtime\Cache\Home\8dc81083d09155de6c0a73ab5081e7a0.php 第 302 行.
NOTIC: [8] Undefined variable: v C:\phpstudy\WWW\Runtime\Cache\Home\8dc81083d09155de6c0a73ab5081e7a0.php 第 302 行.
NOTIC: [8] Use of undefined constant goods_id - assumed 'goods_id' C:\phpstudy\WWW\Runtime\Cache\Home\8dc81083d09155de6c0a73ab5081e7a0.php 第 318 行.
NOTIC: [8] Undefined variable: v C:\phpstudy\WWW\Runtime\Cache\Home\8dc81083d09155de6c0a73ab5081e7a0.php 第 318 行.
NOTIC: [8] Use of undefined constant goods_id - assumed 'goods_id' C:\phpstudy\WWW\Runtime\Cache\Home\8dc81083d09155de6c0a73ab5081e7a0.php 第 254 行.
NOTIC: [8] Undefined variable: v C:\phpstudy\WWW\Runtime\Cache\Home\8dc81083d09155de6c0a73ab5081e7a0.php 第 254 行.
NOTIC: [8] Use of undefined constant goods_id - assumed 'goods_id' C:\phpstudy\WWW\Runtime\Cache\Home\8dc81083d09155de6c0a73ab5081e7a0.php 第 270 行.
NOTIC: [8] Undefined variable: v C:\phpstudy\WWW\Runtime\Cache\Home\8dc81083d09155de6c0a73ab5081e7a0.php 第 270 行.
NOTIC: [8] Use of undefined constant goods_id - assumed 'goods_id' C:\phpstudy\WWW\Runtime\Cache\Home\8dc81083d09155de6c0a73ab5081e7a0.php 第 286 行.
NOTIC: [8] Undefined variable: v C:\phpstudy\WWW\Runtime\Cache\Home\8dc81083d09155de6c0a73ab5081e7a0.php 第 286 行.
NOTIC: [8] Use of undefined constant goods_id - assumed 'goods_id' C:\phpstudy\WWW\Runtime\Cache\Home\8dc81083d09155de6c0a73ab5081e7a0.php 第 302 行.
NOTIC: [8] Undefined variable: v C:\phpstudy\WWW\Runtime\Cache\Home\8dc81083d09155de6c0a73ab5081e7a0.php 第 302 行.
NOTIC: [8] Use of undefined constant goods_id - assumed 'goods_id' C:\phpstudy\WWW\Runtime\Cache\Home\8dc81083d09155de6c0a73ab5081e7a0.php 第 318 行.
NOTIC: [8] Undefined variable: v C:\phpstudy\WWW\Runtime\Cache\Home\8dc81083d09155de6c0a73ab5081e7a0.php 第 318 行.
NOTIC: [8] Use of undefined constant goods_id - assumed 'goods_id' C:\phpstudy\WWW\Runtime\Cache\Home\8dc81083d09155de6c0a73ab5081e7a0.php 第 254 行.
NOTIC: [8] Undefined variable: v C:\phpstudy\WWW\Runtime\Cache\Home\8dc81083d09155de6c0a73ab5081e7a0.php 第 254 行.
NOTIC: [8] Use of undefined constant goods_id - assumed 'goods_id' C:\phpstudy\WWW\Runtime\Cache\Home\8dc81083d09155de6c0a73ab5081e7a0.php 第 270 行.
NOTIC: [8] Undefined variable: v C:\phpstudy\WWW\Runtime\Cache\Home\8dc81083d09155de6c0a73ab5081e7a0.php 第 270 行.
NOTIC: [8] Use of undefined constant goods_id - assumed 'goods_id' C:\phpstudy\WWW\Runtime\Cache\Home\8dc81083d09155de6c0a73ab5081e7a0.php 第 286 行.
NOTIC: [8] Undefined variable: v C:\phpstudy\WWW\Runtime\Cache\Home\8dc81083d09155de6c0a73ab5081e7a0.php 第 286 行.
NOTIC: [8] Use of undefined constant goods_id - assumed 'goods_id' C:\phpstudy\WWW\Runtime\Cache\Home\8dc81083d09155de6c0a73ab5081e7a0.php 第 302 行.
NOTIC: [8] Undefined variable: v C:\phpstudy\WWW\Runtime\Cache\Home\8dc81083d09155de6c0a73ab5081e7a0.php 第 302 行.
NOTIC: [8] Use of undefined constant goods_id - assumed 'goods_id' C:\phpstudy\WWW\Runtime\Cache\Home\8dc81083d09155de6c0a73ab5081e7a0.php 第 318 行.
NOTIC: [8] Undefined variable: v C:\phpstudy\WWW\Runtime\Cache\Home\8dc81083d09155de6c0a73ab5081e7a0.php 第 318 行.
NOTIC: [8] Undefined variable: v C:\phpstudy\WWW\Runtime\Cache\Home\8dc81083d09155de6c0a73ab5081e7a0.php 第 340 行.
NOTIC: [8] Use of undefined constant title - assumed 'title' C:\phpstudy\WWW\Runtime\Cache\Home\8dc81083d09155de6c0a73ab5081e7a0.php 第 341 行.
NOTIC: [8] Undefined variable: v C:\phpstudy\WWW\Runtime\Cache\Home\8dc81083d09155de6c0a73ab5081e7a0.php 第 341 行.
NOTIC: [8] Use of undefined constant style - assumed 'style' C:\phpstudy\WWW\Runtime\Cache\Home\8dc81083d09155de6c0a73ab5081e7a0.php 第 341 行.
NOTIC: [8] Undefined variable: v C:\phpstudy\WWW\Runtime\Cache\Home\8dc81083d09155de6c0a73ab5081e7a0.php 第 341 行.
NOTIC: [8] Use of undefined constant article_id - assumed 'article_id' C:\phpstudy\WWW\Runtime\Cache\Home\8dc81083d09155de6c0a73ab5081e7a0.php 第 370 行.
NOTIC: [8] Undefined variable: v2 C:\phpstudy\WWW\Runtime\Cache\Home\8dc81083d09155de6c0a73ab5081e7a0.php 第 370 行.
NOTIC: [8] Use of undefined constant article_id - assumed 'article_id' C:\phpstudy\WWW\Runtime\Cache\Home\8dc81083d09155de6c0a73ab5081e7a0.php 第 373 行.
NOTIC: [8] Undefined variable: v2 C:\phpstudy\WWW\Runtime\Cache\Home\8dc81083d09155de6c0a73ab5081e7a0.php 第 373 行.
NOTIC: [8] Use of undefined constant article_id - assumed 'article_id' C:\phpstudy\WWW\Runtime\Cache\Home\8dc81083d09155de6c0a73ab5081e7a0.php 第 376 行.
NOTIC: [8] Undefined variable: v2 C:\phpstudy\WWW\Runtime\Cache\Home\8dc81083d09155de6c0a73ab5081e7a0.php 第 376 行.
NOTIC: [8] Use of undefined constant article_id - assumed 'article_id' C:\phpstudy\WWW\Runtime\Cache\Home\8dc81083d09155de6c0a73ab5081e7a0.php 第 388 行.
NOTIC: [8] Undefined variable: v2 C:\phpstudy\WWW\Runtime\Cache\Home\8dc81083d09155de6c0a73ab5081e7a0.php 第 388 行.
NOTIC: [8] Use of undefined constant article_id - assumed 'article_id' C:\phpstudy\WWW\Runtime\Cache\Home\8dc81083d09155de6c0a73ab5081e7a0.php 第 391 行.
NOTIC: [8] Undefined variable: v2 C:\phpstudy\WWW\Runtime\Cache\Home\8dc81083d09155de6c0a73ab5081e7a0.php 第 391 行.
NOTIC: [8] Use of undefined constant article_id - assumed 'article_id' C:\phpstudy\WWW\Runtime\Cache\Home\8dc81083d09155de6c0a73ab5081e7a0.php 第 394 行.
NOTIC: [8] Undefined variable: v2 C:\phpstudy\WWW\Runtime\Cache\Home\8dc81083d09155de6c0a73ab5081e7a0.php 第 394 行.
NOTIC: [8] Use of undefined constant article_id - assumed 'article_id' C:\phpstudy\WWW\Runtime\Cache\Home\8dc81083d09155de6c0a73ab5081e7a0.php 第 406 行.
NOTIC: [8] Undefined variable: v2 C:\phpstudy\WWW\Runtime\Cache\Home\8dc81083d09155de6c0a73ab5081e7a0.php 第 406 行.
NOTIC: [8] Use of undefined constant article_id - assumed 'article_id' C:\phpstudy\WWW\Runtime\Cache\Home\8dc81083d09155de6c0a73ab5081e7a0.php 第 409 行.
NOTIC: [8] Undefined variable: v2 C:\phpstudy\WWW\Runtime\Cache\Home\8dc81083d09155de6c0a73ab5081e7a0.php 第 409 行.
NOTIC: [8] Use of undefined constant article_id - assumed 'article_id' C:\phpstudy\WWW\Runtime\Cache\Home\8dc81083d09155de6c0a73ab5081e7a0.php 第 412 行.
NOTIC: [8] Undefined variable: v2 C:\phpstudy\WWW\Runtime\Cache\Home\8dc81083d09155de6c0a73ab5081e7a0.php 第 412 行.
NOTIC: [8] Use of undefined constant article_id - assumed 'article_id' C:\phpstudy\WWW\Runtime\Cache\Home\8dc81083d09155de6c0a73ab5081e7a0.php 第 424 行.
NOTIC: [8] Undefined variable: v2 C:\phpstudy\WWW\Runtime\Cache\Home\8dc81083d09155de6c0a73ab5081e7a0.php 第 424 行.
NOTIC: [8] Use of undefined constant article_id - assumed 'article_id' C:\phpstudy\WWW\Runtime\Cache\Home\8dc81083d09155de6c0a73ab5081e7a0.php 第 427 行.
NOTIC: [8] Undefined variable: v2 C:\phpstudy\WWW\Runtime\Cache\Home\8dc81083d09155de6c0a73ab5081e7a0.php 第 427 行.
NOTIC: [8] Use of undefined constant article_id - assumed 'article_id' C:\phpstudy\WWW\Runtime\Cache\Home\8dc81083d09155de6c0a73ab5081e7a0.php 第 430 行.
NOTIC: [8] Undefined variable: v2 C:\phpstudy\WWW\Runtime\Cache\Home\8dc81083d09155de6c0a73ab5081e7a0.php 第 430 行.
INFO: Run Behavior\ParseTemplateBehavior [ RunTime:0.020514s ]
INFO: [ view_parse ] --END-- [ RunTime:0.020546s ]
INFO: [ view_filter ] --START--
INFO: Run Behavior\WriteHtmlCacheBehavior [ RunTime:0.000354s ]
INFO: [ view_filter ] --END-- [ RunTime:0.000378s ]
INFO: [ app_end ] --START--
INFO: Run Behavior\ShowPageTraceBehavior [ RunTime:0.000469s ]
INFO: [ app_end ] --END-- [ RunTime:0.000498s ]

[ 2017-04-25T23:32:51+08:00 ] 127.0.0.1 /Home/User/login
INFO: [ app_init ] --START--
INFO: Run Behavior\BuildLiteBehavior [ RunTime:0.000009s ]
INFO: [ app_init ] --END-- [ RunTime:0.000336s ]
INFO: [ app_begin ] --START--
INFO: Run Behavior\ReadHtmlCacheBehavior [ RunTime:0.000451s ]
INFO: [ app_begin ] --END-- [ RunTime:0.000489s ]
NOTIC: [8] A session had already been started - ignoring session_start() C:\phpstudy\WWW\ThinkPHP\Common\functions.php 第 1263 行.
SQL: SHOW COLUMNS FROM `comment` [ RunTime:0.0059s ]
SQL: SELECT COUNT(*) AS tp_count FROM `comment` WHERE `touserid` = null AND `status` = 0 LIMIT 1   [ RunTime:0.0002s ]
INFO: [ view_parse ] --START--
INFO: [ template_filter ] --START--
INFO: Run Behavior\ContentReplaceBehavior [ RunTime:0.000052s ]
INFO: [ template_filter ] --END-- [ RunTime:0.000080s ]
NOTIC: [8] Use of undefined constant article_id - assumed 'article_id' C:\phpstudy\WWW\Runtime\Cache\Home\db612667911eb7a78617c580071ad3d8.php 第 146 行.
NOTIC: [8] Undefined variable: v2 C:\phpstudy\WWW\Runtime\Cache\Home\db612667911eb7a78617c580071ad3d8.php 第 146 行.
NOTIC: [8] Use of undefined constant article_id - assumed 'article_id' C:\phpstudy\WWW\Runtime\Cache\Home\db612667911eb7a78617c580071ad3d8.php 第 149 行.
NOTIC: [8] Undefined variable: v2 C:\phpstudy\WWW\Runtime\Cache\Home\db612667911eb7a78617c580071ad3d8.php 第 149 行.
NOTIC: [8] Use of undefined constant article_id - assumed 'article_id' C:\phpstudy\WWW\Runtime\Cache\Home\db612667911eb7a78617c580071ad3d8.php 第 152 行.
NOTIC: [8] Undefined variable: v2 C:\phpstudy\WWW\Runtime\Cache\Home\db612667911eb7a78617c580071ad3d8.php 第 152 行.
NOTIC: [8] Use of undefined constant article_id - assumed 'article_id' C:\phpstudy\WWW\Runtime\Cache\Home\db612667911eb7a78617c580071ad3d8.php 第 164 行.
NOTIC: [8] Undefined variable: v2 C:\phpstudy\WWW\Runtime\Cache\Home\db612667911eb7a78617c580071ad3d8.php 第 164 行.
NOTIC: [8] Use of undefined constant article_id - assumed 'article_id' C:\phpstudy\WWW\Runtime\Cache\Home\db612667911eb7a78617c580071ad3d8.php 第 167 行.
NOTIC: [8] Undefined variable: v2 C:\phpstudy\WWW\Runtime\Cache\Home\db612667911eb7a78617c580071ad3d8.php 第 167 行.
NOTIC: [8] Use of undefined constant article_id - assumed 'article_id' C:\phpstudy\WWW\Runtime\Cache\Home\db612667911eb7a78617c580071ad3d8.php 第 170 行.
NOTIC: [8] Undefined variable: v2 C:\phpstudy\WWW\Runtime\Cache\Home\db612667911eb7a78617c580071ad3d8.php 第 170 行.
NOTIC: [8] Use of undefined constant article_id - assumed 'article_id' C:\phpstudy\WWW\Runtime\Cache\Home\db612667911eb7a78617c580071ad3d8.php 第 182 行.
NOTIC: [8] Undefined variable: v2 C:\phpstudy\WWW\Runtime\Cache\Home\db612667911eb7a78617c580071ad3d8.php 第 182 行.
NOTIC: [8] Use of undefined constant article_id - assumed 'article_id' C:\phpstudy\WWW\Runtime\Cache\Home\db612667911eb7a78617c580071ad3d8.php 第 185 行.
NOTIC: [8] Undefined variable: v2 C:\phpstudy\WWW\Runtime\Cache\Home\db612667911eb7a78617c580071ad3d8.php 第 185 行.
NOTIC: [8] Use of undefined constant article_id - assumed 'article_id' C:\phpstudy\WWW\Runtime\Cache\Home\db612667911eb7a78617c580071ad3d8.php 第 188 行.
NOTIC: [8] Undefined variable: v2 C:\phpstudy\WWW\Runtime\Cache\Home\db612667911eb7a78617c580071ad3d8.php 第 188 行.
NOTIC: [8] Use of undefined constant article_id - assumed 'article_id' C:\phpstudy\WWW\Runtime\Cache\Home\db612667911eb7a78617c580071ad3d8.php 第 200 行.
NOTIC: [8] Undefined variable: v2 C:\phpstudy\WWW\Runtime\Cache\Home\db612667911eb7a78617c580071ad3d8.php 第 200 行.
NOTIC: [8] Use of undefined constant article_id - assumed 'article_id' C:\phpstudy\WWW\Runtime\Cache\Home\db612667911eb7a78617c580071ad3d8.php 第 203 行.
NOTIC: [8] Undefined variable: v2 C:\phpstudy\WWW\Runtime\Cache\Home\db612667911eb7a78617c580071ad3d8.php 第 203 行.
NOTIC: [8] Use of undefined constant article_id - assumed 'article_id' C:\phpstudy\WWW\Runtime\Cache\Home\db612667911eb7a78617c580071ad3d8.php 第 206 行.
NOTIC: [8] Undefined variable: v2 C:\phpstudy\WWW\Runtime\Cache\Home\db612667911eb7a78617c580071ad3d8.php 第 206 行.
INFO: Run Behavior\ParseTemplateBehavior [ RunTime:0.006143s ]
INFO: [ view_parse ] --END-- [ RunTime:0.006171s ]
INFO: [ view_filter ] --START--
INFO: Run Behavior\WriteHtmlCacheBehavior [ RunTime:0.000330s ]
INFO: [ view_filter ] --END-- [ RunTime:0.000354s ]
INFO: [ app_end ] --START--
INFO: Run Behavior\ShowPageTraceBehavior [ RunTime:0.000467s ]
INFO: [ app_end ] --END-- [ RunTime:0.000492s ]

[ 2017-04-25T23:32:51+08:00 ] 127.0.0.1 /Home/Verifyimg/verifyimg
INFO: [ app_init ] --START--
INFO: Run Behavior\BuildLiteBehavior [ RunTime:0.000012s ]
INFO: [ app_init ] --END-- [ RunTime:0.000597s ]
INFO: [ app_begin ] --START--
INFO: Run Behavior\ReadHtmlCacheBehavior [ RunTime:0.000552s ]
INFO: [ app_begin ] --END-- [ RunTime:0.000601s ]
NOTIC: [8] A session had already been started - ignoring session_start() C:\phpstudy\WWW\ThinkPHP\Common\functions.php 第 1263 行.
INFO: [ app_end ] --START--
INFO: Run Behavior\ShowPageTraceBehavior [ RunTime:0.000531s ]
INFO: [ app_end ] --END-- [ RunTime:0.000574s ]

[ 2017-04-25T23:32:52+08:00 ] 127.0.0.1 /Home/User/forget
INFO: [ app_init ] --START--
INFO: Run Behavior\BuildLiteBehavior [ RunTime:0.000010s ]
INFO: [ app_init ] --END-- [ RunTime:0.000384s ]
INFO: [ app_begin ] --START--
INFO: Run Behavior\ReadHtmlCacheBehavior [ RunTime:0.000456s ]
INFO: [ app_begin ] --END-- [ RunTime:0.000493s ]
NOTIC: [8] A session had already been started - ignoring session_start() C:\phpstudy\WWW\ThinkPHP\Common\functions.php 第 1263 行.
SQL: SHOW COLUMNS FROM `comment` [ RunTime:0.0056s ]
SQL: SELECT COUNT(*) AS tp_count FROM `comment` WHERE `touserid` = null AND `status` = 0 LIMIT 1   [ RunTime:0.0002s ]
INFO: [ view_parse ] --START--
INFO: [ template_filter ] --START--
INFO: Run Behavior\ContentReplaceBehavior [ RunTime:0.000045s ]
INFO: [ template_filter ] --END-- [ RunTime:0.000072s ]
NOTIC: [8] Use of undefined constant article_id - assumed 'article_id' C:\phpstudy\WWW\Runtime\Cache\Home\47df0f089b06052bd5592ce4b6ce66d9.php 第 133 行.
NOTIC: [8] Undefined variable: v2 C:\phpstudy\WWW\Runtime\Cache\Home\47df0f089b06052bd5592ce4b6ce66d9.php 第 133 行.
NOTIC: [8] Use of undefined constant article_id - assumed 'article_id' C:\phpstudy\WWW\Runtime\Cache\Home\47df0f089b06052bd5592ce4b6ce66d9.php 第 136 行.
NOTIC: [8] Undefined variable: v2 C:\phpstudy\WWW\Runtime\Cache\Home\47df0f089b06052bd5592ce4b6ce66d9.php 第 136 行.
NOTIC: [8] Use of undefined constant article_id - assumed 'article_id' C:\phpstudy\WWW\Runtime\Cache\Home\47df0f089b06052bd5592ce4b6ce66d9.php 第 139 行.
NOTIC: [8] Undefined variable: v2 C:\phpstudy\WWW\Runtime\Cache\Home\47df0f089b06052bd5592ce4b6ce66d9.php 第 139 行.
NOTIC: [8] Use of undefined constant article_id - assumed 'article_id' C:\phpstudy\WWW\Runtime\Cache\Home\47df0f089b06052bd5592ce4b6ce66d9.php 第 151 行.
NOTIC: [8] Undefined variable: v2 C:\phpstudy\WWW\Runtime\Cache\Home\47df0f089b06052bd5592ce4b6ce66d9.php 第 151 行.
NOTIC: [8] Use of undefined constant article_id - assumed 'article_id' C:\phpstudy\WWW\Runtime\Cache\Home\47df0f089b06052bd5592ce4b6ce66d9.php 第 154 行.
NOTIC: [8] Undefined variable: v2 C:\phpstudy\WWW\Runtime\Cache\Home\47df0f089b06052bd5592ce4b6ce66d9.php 第 154 行.
NOTIC: [8] Use of undefined constant article_id - assumed 'article_id' C:\phpstudy\WWW\Runtime\Cache\Home\47df0f089b06052bd5592ce4b6ce66d9.php 第 157 行.
NOTIC: [8] Undefined variable: v2 C:\phpstudy\WWW\Runtime\Cache\Home\47df0f089b06052bd5592ce4b6ce66d9.php 第 157 行.
NOTIC: [8] Use of undefined constant article_id - assumed 'article_id' C:\phpstudy\WWW\Runtime\Cache\Home\47df0f089b06052bd5592ce4b6ce66d9.php 第 169 行.
NOTIC: [8] Undefined variable: v2 C:\phpstudy\WWW\Runtime\Cache\Home\47df0f089b06052bd5592ce4b6ce66d9.php 第 169 行.
NOTIC: [8] Use of undefined constant article_id - assumed 'article_id' C:\phpstudy\WWW\Runtime\Cache\Home\47df0f089b06052bd5592ce4b6ce66d9.php 第 172 行.
NOTIC: [8] Undefined variable: v2 C:\phpstudy\WWW\Runtime\Cache\Home\47df0f089b06052bd5592ce4b6ce66d9.php 第 172 行.
NOTIC: [8] Use of undefined constant article_id - assumed 'article_id' C:\phpstudy\WWW\Runtime\Cache\Home\47df0f089b06052bd5592ce4b6ce66d9.php 第 175 行.
NOTIC: [8] Undefined variable: v2 C:\phpstudy\WWW\Runtime\Cache\Home\47df0f089b06052bd5592ce4b6ce66d9.php 第 175 行.
NOTIC: [8] Use of undefined constant article_id - assumed 'article_id' C:\phpstudy\WWW\Runtime\Cache\Home\47df0f089b06052bd5592ce4b6ce66d9.php 第 187 行.
NOTIC: [8] Undefined variable: v2 C:\phpstudy\WWW\Runtime\Cache\Home\47df0f089b06052bd5592ce4b6ce66d9.php 第 187 行.
NOTIC: [8] Use of undefined constant article_id - assumed 'article_id' C:\phpstudy\WWW\Runtime\Cache\Home\47df0f089b06052bd5592ce4b6ce66d9.php 第 190 行.
NOTIC: [8] Undefined variable: v2 C:\phpstudy\WWW\Runtime\Cache\Home\47df0f089b06052bd5592ce4b6ce66d9.php 第 190 行.
NOTIC: [8] Use of undefined constant article_id - assumed 'article_id' C:\phpstudy\WWW\Runtime\Cache\Home\47df0f089b06052bd5592ce4b6ce66d9.php 第 193 行.
NOTIC: [8] Undefined variable: v2 C:\phpstudy\WWW\Runtime\Cache\Home\47df0f089b06052bd5592ce4b6ce66d9.php 第 193 行.
INFO: Run Behavior\ParseTemplateBehavior [ RunTime:0.005823s ]
INFO: [ view_parse ] --END-- [ RunTime:0.005853s ]
INFO: [ view_filter ] --START--
INFO: Run Behavior\WriteHtmlCacheBehavior [ RunTime:0.000347s ]
INFO: [ view_filter ] --END-- [ RunTime:0.000372s ]
INFO: [ app_end ] --START--
INFO: Run Behavior\ShowPageTraceBehavior [ RunTime:0.000470s ]
INFO: [ app_end ] --END-- [ RunTime:0.000496s ]

[ 2017-04-25T23:32:52+08:00 ] 127.0.0.1 /Home/Verifyimg/verifyimg
INFO: [ app_init ] --START--
INFO: Run Behavior\BuildLiteBehavior [ RunTime:0.000013s ]
INFO: [ app_init ] --END-- [ RunTime:0.000498s ]
INFO: [ app_begin ] --START--
INFO: Run Behavior\ReadHtmlCacheBehavior [ RunTime:0.000495s ]
INFO: [ app_begin ] --END-- [ RunTime:0.000542s ]
NOTIC: [8] A session had already been started - ignoring session_start() C:\phpstudy\WWW\ThinkPHP\Common\functions.php 第 1263 行.
INFO: [ app_end ] --START--
INFO: Run Behavior\ShowPageTraceBehavior [ RunTime:0.000718s ]
INFO: [ app_end ] --END-- [ RunTime:0.000794s ]

[ 2017-04-25T23:33:07+08:00 ] 127.0.0.1 /Home/User/doforget
INFO: [ app_init ] --START--
INFO: Run Behavior\BuildLiteBehavior [ RunTime:0.000008s ]
INFO: [ app_init ] --END-- [ RunTime:0.000295s ]
INFO: [ app_begin ] --START--
INFO: Run Behavior\ReadHtmlCacheBehavior [ RunTime:0.000391s ]
INFO: [ app_begin ] --END-- [ RunTime:0.000423s ]
NOTIC: [8] A session had already been started - ignoring session_start() C:\phpstudy\WWW\ThinkPHP\Common\functions.php 第 1263 行.
SQL: SHOW COLUMNS FROM `comment` [ RunTime:0.0066s ]
SQL: SELECT COUNT(*) AS tp_count FROM `comment` WHERE `touserid` = null AND `status` = 0 LIMIT 1   [ RunTime:0.0003s ]
SQL: SHOW COLUMNS FROM `user` [ RunTime:0.0039s ]
SQL: SELECT * FROM `user` WHERE `username` = 'test' LIMIT 1   [ RunTime:0.0003s ]
SQL: UPDATE `user` SET `forgetcode`='766896433',`forgettime`='1493134379' WHERE `username` = 'test' [ RunTime:0.0026s ]

