[ 2017-05-06T14:14:22+08:00 ] 127.0.0.1 /
INFO: [ app_init ] --START--
INFO: Run Behavior\BuildLiteBehavior [ RunTime:0.000018s ]
INFO: [ app_init ] --END-- [ RunTime:0.001996s ]
INFO: [ app_begin ] --START--
INFO: Run Behavior\ReadHtmlCacheBehavior [ RunTime:0.001133s ]
INFO: [ app_begin ] --END-- [ RunTime:0.001213s ]
NOTIC: [8] A session had already been started - ignoring session_start() C:\phpstudy\WWW\ThinkPHP\Common\functions.php 第 1263 行.
SQL: SHOW COLUMNS FROM `comment` [ RunTime:0.0065s ]
SQL: SELECT COUNT(*) AS tp_count FROM `comment` WHERE `touserid` = null AND `status` = 0 LIMIT 1   [ RunTime:0.0027s ]
SQL: SHOW COLUMNS FROM `product` [ RunTime:0.0082s ]
SQL: SELECT * FROM `product` ORDER BY createtime desc LIMIT 4   [ RunTime:0.0026s ]
SQL: SHOW COLUMNS FROM `category` [ RunTime:0.0075s ]
SQL: SELECT * FROM `category`  [ RunTime:0.0004s ]
SQL: SELECT * FROM `product` WHERE ( category = 1 ) ORDER BY createtime desc LIMIT 7   [ RunTime:0.0004s ]
SQL: SELECT * FROM `product` WHERE ( category = 2 ) ORDER BY createtime desc LIMIT 7   [ RunTime:0.0003s ]
SQL: SELECT * FROM `product` WHERE ( category = 3 ) ORDER BY createtime desc LIMIT 7   [ RunTime:0.0003s ]
SQL: SELECT * FROM `product` WHERE ( category = 4 ) ORDER BY createtime desc LIMIT 7   [ RunTime:0.0003s ]
SQL: SELECT * FROM `product` WHERE ( category = 5 ) ORDER BY createtime desc LIMIT 7   [ RunTime:0.0003s ]
INFO: [ view_parse ] --START--
INFO: [ template_filter ] --START--
INFO: Run Behavior\ContentReplaceBehavior [ RunTime:0.001060s ]
INFO: [ template_filter ] --END-- [ RunTime:0.001136s ]
NOTIC: [8] Undefined variable: v C:\phpstudy\WWW\Runtime\Cache\Home\8dc81083d09155de6c0a73ab5081e7a0.php 第 180 行.
NOTIC: [8] Use of undefined constant title - assumed 'title' C:\phpstudy\WWW\Runtime\Cache\Home\8dc81083d09155de6c0a73ab5081e7a0.php 第 181 行.
NOTIC: [8] Undefined variable: v C:\phpstudy\WWW\Runtime\Cache\Home\8dc81083d09155de6c0a73ab5081e7a0.php 第 181 行.
NOTIC: [8] Use of undefined constant style - assumed 'style' C:\phpstudy\WWW\Runtime\Cache\Home\8dc81083d09155de6c0a73ab5081e7a0.php 第 181 行.
NOTIC: [8] Undefined variable: v C:\phpstudy\WWW\Runtime\Cache\Home\8dc81083d09155de6c0a73ab5081e7a0.php 第 181 行.
NOTIC: [8] Use of undefined constant goods_id - assumed 'goods_id' C:\phpstudy\WWW\Runtime\Cache\Home\8dc81083d09155de6c0a73ab5081e7a0.php 第 254 行.
NOTIC: [8] Undefined variable: v C:\phpstudy\WWW\Runtime\Cache\Home\8dc81083d09155de6c0a73ab5081e7a0.php 第 254 行.
NOTIC: [8] Use of undefined constant goods_id - assumed 'goods_id' C:\phpstudy\WWW\Runtime\Cache\Home\8dc81083d09155de6c0a73ab5081e7a0.php 第 270 行.
NOTIC: [8] Undefined variable: v C:\phpstudy\WWW\Runtime\Cache\Home\8dc81083d09155de6c0a73ab5081e7a0.php 第 270 行.
NOTIC: [8] Use of undefined constant goods_id - assumed 'goods_id' C:\phpstudy\WWW\Runtime\Cache\Home\8dc81083d09155de6c0a73ab5081e7a0.php 第 286 行.
NOTIC: [8] Undefined variable: v C:\phpstudy\WWW\Runtime\Cache\Home\8dc81083d09155de6c0a73ab5081e7a0.php 第 286 行.
NOTIC: [8] Use of undefined constant goods_id - assumed 'goods_id' C:\phpstudy\WWW\Runtime\Cache\Home\8dc81083d09155de6c0a73ab5081e7a0.php 第 302 行.
NOTIC: [8] Undefined variable: v C:\phpstudy\WWW\Runtime\Cache\Home\8dc81083d09155de6c0a73ab5081e7a0.php 第 302 行.
NOTIC: [8] Use of undefined constant goods_id - assumed 'goods_id' C:\phpstudy\WWW\Runtime\Cache\Home\8dc81083d09155de6c0a73ab5081e7a0.php 第 318 行.
NOTIC: [8] Undefined variable: v C:\phpstudy\WWW\Runtime\Cache\Home\8dc81083d09155de6c0a73ab5081e7a0.php 第 318 行.
NOTIC: [8] Use of undefined constant goods_id - assumed 'goods_id' C:\phpstudy\WWW\Runtime\Cache\Home\8dc81083d09155de6c0a73ab5081e7a0.php 第 254 行.
NOTIC: [8] Undefined variable: v C:\phpstudy\WWW\Runtime\Cache\Home\8dc81083d09155de6c0a73ab5081e7a0.php 第 254 行.
NOTIC: [8] Use of undefined constant goods_id - assumed 'goods_id' C:\phpstudy\WWW\Runtime\Cache\Home\8dc81083d09155de6c0a73ab5081e7a0.php 第 270 行.
NOTIC: [8] Undefined variable: v C:\phpstudy\WWW\Runtime\Cache\Home\8dc81083d09155de6c0a73ab5081e7a0.php 第 270 行.
NOTIC: [8] Use of undefined constant goods_id - assumed 'goods_id' C:\phpstudy\WWW\Runtime\Cache\Home\8dc81083d09155de6c0a73ab5081e7a0.php 第 286 行.
NOTIC: [8] Undefined variable: v C:\phpstudy\WWW\Runtime\Cache\Home\8dc81083d09155de6c0a73ab5081e7a0.php 第 286 行.
NOTIC: [8] Use of undefined constant goods_id - assumed 'goods_id' C:\phpstudy\WWW\Runtime\Cache\Home\8dc81083d09155de6c0a73ab5081e7a0.php 第 302 行.
NOTIC: [8] Undefined variable: v C:\phpstudy\WWW\Runtime\Cache\Home\8dc81083d09155de6c0a73ab5081e7a0.php 第 302 行.
NOTIC: [8] Use of undefined constant goods_id - assumed 'goods_id' C:\phpstudy\WWW\Runtime\Cache\Home\8dc81083d09155de6c0a73ab5081e7a0.php 第 318 行.
NOTIC: [8] Undefined variable: v C:\phpstudy\WWW\Runtime\Cache\Home\8dc81083d09155de6c0a73ab5081e7a0.php 第 318 行.
NOTIC: [8] Use of undefined constant goods_id - assumed 'goods_id' C:\phpstudy\WWW\Runtime\Cache\Home\8dc81083d09155de6c0a73ab5081e7a0.php 第 254 行.
NOTIC: [8] Undefined variable: v C:\phpstudy\WWW\Runtime\Cache\Home\8dc81083d09155de6c0a73ab5081e7a0.php 第 254 行.
NOTIC: [8] Use of undefined constant goods_id - assumed 'goods_id' C:\phpstudy\WWW\Runtime\Cache\Home\8dc81083d09155de6c0a73ab5081e7a0.php 第 270 行.
NOTIC: [8] Undefined variable: v C:\phpstudy\WWW\Runtime\Cache\Home\8dc81083d09155de6c0a73ab5081e7a0.php 第 270 行.
NOTIC: [8] Use of undefined constant goods_id - assumed 'goods_id' C:\phpstudy\WWW\Runtime\Cache\Home\8dc81083d09155de6c0a73ab5081e7a0.php 第 286 行.
NOTIC: [8] Undefined variable: v C:\phpstudy\WWW\Runtime\Cache\Home\8dc81083d09155de6c0a73ab5081e7a0.php 第 286 行.
NOTIC: [8] Use of undefined constant goods_id - assumed 'goods_id' C:\phpstudy\WWW\Runtime\Cache\Home\8dc81083d09155de6c0a73ab5081e7a0.php 第 302 行.
NOTIC: [8] Undefined variable: v C:\phpstudy\WWW\Runtime\Cache\Home\8dc81083d09155de6c0a73ab5081e7a0.php 第 302 行.
NOTIC: [8] Use of undefined constant goods_id - assumed 'goods_id' C:\phpstudy\WWW\Runtime\Cache\Home\8dc81083d09155de6c0a73ab5081e7a0.php 第 318 行.
NOTIC: [8] Undefined variable: v C:\phpstudy\WWW\Runtime\Cache\Home\8dc81083d09155de6c0a73ab5081e7a0.php 第 318 行.
NOTIC: [8] Use of undefined constant goods_id - assumed 'goods_id' C:\phpstudy\WWW\Runtime\Cache\Home\8dc81083d09155de6c0a73ab5081e7a0.php 第 254 行.
NOTIC: [8] Undefined variable: v C:\phpstudy\WWW\Runtime\Cache\Home\8dc81083d09155de6c0a73ab5081e7a0.php 第 254 行.
NOTIC: [8] Use of undefined constant goods_id - assumed 'goods_id' C:\phpstudy\WWW\Runtime\Cache\Home\8dc81083d09155de6c0a73ab5081e7a0.php 第 270 行.
NOTIC: [8] Undefined variable: v C:\phpstudy\WWW\Runtime\Cache\Home\8dc81083d09155de6c0a73ab5081e7a0.php 第 270 行.
NOTIC: [8] Use of undefined constant goods_id - assumed 'goods_id' C:\phpstudy\WWW\Runtime\Cache\Home\8dc81083d09155de6c0a73ab5081e7a0.php 第 286 行.
NOTIC: [8] Undefined variable: v C:\phpstudy\WWW\Runtime\Cache\Home\8dc81083d09155de6c0a73ab5081e7a0.php 第 286 行.
NOTIC: [8] Use of undefined constant goods_id - assumed 'goods_id' C:\phpstudy\WWW\Runtime\Cache\Home\8dc81083d09155de6c0a73ab5081e7a0.php 第 302 行.
NOTIC: [8] Undefined variable: v C:\phpstudy\WWW\Runtime\Cache\Home\8dc81083d09155de6c0a73ab5081e7a0.php 第 302 行.
NOTIC: [8] Use of undefined constant goods_id - assumed 'goods_id' C:\phpstudy\WWW\Runtime\Cache\Home\8dc81083d09155de6c0a73ab5081e7a0.php 第 318 行.
NOTIC: [8] Undefined variable: v C:\phpstudy\WWW\Runtime\Cache\Home\8dc81083d09155de6c0a73ab5081e7a0.php 第 318 行.
NOTIC: [8] Use of undefined constant goods_id - assumed 'goods_id' C:\phpstudy\WWW\Runtime\Cache\Home\8dc81083d09155de6c0a73ab5081e7a0.php 第 254 行.
NOTIC: [8] Undefined variable: v C:\phpstudy\WWW\Runtime\Cache\Home\8dc81083d09155de6c0a73ab5081e7a0.php 第 254 行.
NOTIC: [8] Use of undefined constant goods_id - assumed 'goods_id' C:\phpstudy\WWW\Runtime\Cache\Home\8dc81083d09155de6c0a73ab5081e7a0.php 第 270 行.
NOTIC: [8] Undefined variable: v C:\phpstudy\WWW\Runtime\Cache\Home\8dc81083d09155de6c0a73ab5081e7a0.php 第 270 行.
NOTIC: [8] Use of undefined constant goods_id - assumed 'goods_id' C:\phpstudy\WWW\Runtime\Cache\Home\8dc81083d09155de6c0a73ab5081e7a0.php 第 286 行.
NOTIC: [8] Undefined variable: v C:\phpstudy\WWW\Runtime\Cache\Home\8dc81083d09155de6c0a73ab5081e7a0.php 第 286 行.
NOTIC: [8] Use of undefined constant goods_id - assumed 'goods_id' C:\phpstudy\WWW\Runtime\Cache\Home\8dc81083d09155de6c0a73ab5081e7a0.php 第 302 行.
NOTIC: [8] Undefined variable: v C:\phpstudy\WWW\Runtime\Cache\Home\8dc81083d09155de6c0a73ab5081e7a0.php 第 302 行.
NOTIC: [8] Use of undefined constant goods_id - assumed 'goods_id' C:\phpstudy\WWW\Runtime\Cache\Home\8dc81083d09155de6c0a73ab5081e7a0.php 第 318 行.
NOTIC: [8] Undefined variable: v C:\phpstudy\WWW\Runtime\Cache\Home\8dc81083d09155de6c0a73ab5081e7a0.php 第 318 行.
NOTIC: [8] Undefined variable: v C:\phpstudy\WWW\Runtime\Cache\Home\8dc81083d09155de6c0a73ab5081e7a0.php 第 340 行.
NOTIC: [8] Use of undefined constant title - assumed 'title' C:\phpstudy\WWW\Runtime\Cache\Home\8dc81083d09155de6c0a73ab5081e7a0.php 第 341 行.
NOTIC: [8] Undefined variable: v C:\phpstudy\WWW\Runtime\Cache\Home\8dc81083d09155de6c0a73ab5081e7a0.php 第 341 行.
NOTIC: [8] Use of undefined constant style - assumed 'style' C:\phpstudy\WWW\Runtime\Cache\Home\8dc81083d09155de6c0a73ab5081e7a0.php 第 341 行.
NOTIC: [8] Undefined variable: v C:\phpstudy\WWW\Runtime\Cache\Home\8dc81083d09155de6c0a73ab5081e7a0.php 第 341 行.
NOTIC: [8] Use of undefined constant article_id - assumed 'article_id' C:\phpstudy\WWW\Runtime\Cache\Home\8dc81083d09155de6c0a73ab5081e7a0.php 第 370 行.
NOTIC: [8] Undefined variable: v2 C:\phpstudy\WWW\Runtime\Cache\Home\8dc81083d09155de6c0a73ab5081e7a0.php 第 370 行.
NOTIC: [8] Use of undefined constant article_id - assumed 'article_id' C:\phpstudy\WWW\Runtime\Cache\Home\8dc81083d09155de6c0a73ab5081e7a0.php 第 373 行.
NOTIC: [8] Undefined variable: v2 C:\phpstudy\WWW\Runtime\Cache\Home\8dc81083d09155de6c0a73ab5081e7a0.php 第 373 行.
NOTIC: [8] Use of undefined constant article_id - assumed 'article_id' C:\phpstudy\WWW\Runtime\Cache\Home\8dc81083d09155de6c0a73ab5081e7a0.php 第 376 行.
NOTIC: [8] Undefined variable: v2 C:\phpstudy\WWW\Runtime\Cache\Home\8dc81083d09155de6c0a73ab5081e7a0.php 第 376 行.
NOTIC: [8] Use of undefined constant article_id - assumed 'article_id' C:\phpstudy\WWW\Runtime\Cache\Home\8dc81083d09155de6c0a73ab5081e7a0.php 第 388 行.
NOTIC: [8] Undefined variable: v2 C:\phpstudy\WWW\Runtime\Cache\Home\8dc81083d09155de6c0a73ab5081e7a0.php 第 388 行.
NOTIC: [8] Use of undefined constant article_id - assumed 'article_id' C:\phpstudy\WWW\Runtime\Cache\Home\8dc81083d09155de6c0a73ab5081e7a0.php 第 391 行.
NOTIC: [8] Undefined variable: v2 C:\phpstudy\WWW\Runtime\Cache\Home\8dc81083d09155de6c0a73ab5081e7a0.php 第 391 行.
NOTIC: [8] Use of undefined constant article_id - assumed 'article_id' C:\phpstudy\WWW\Runtime\Cache\Home\8dc81083d09155de6c0a73ab5081e7a0.php 第 394 行.
NOTIC: [8] Undefined variable: v2 C:\phpstudy\WWW\Runtime\Cache\Home\8dc81083d09155de6c0a73ab5081e7a0.php 第 394 行.
NOTIC: [8] Use of undefined constant article_id - assumed 'article_id' C:\phpstudy\WWW\Runtime\Cache\Home\8dc81083d09155de6c0a73ab5081e7a0.php 第 406 行.
NOTIC: [8] Undefined variable: v2 C:\phpstudy\WWW\Runtime\Cache\Home\8dc81083d09155de6c0a73ab5081e7a0.php 第 406 行.
NOTIC: [8] Use of undefined constant article_id - assumed 'article_id' C:\phpstudy\WWW\Runtime\Cache\Home\8dc81083d09155de6c0a73ab5081e7a0.php 第 409 行.
NOTIC: [8] Undefined variable: v2 C:\phpstudy\WWW\Runtime\Cache\Home\8dc81083d09155de6c0a73ab5081e7a0.php 第 409 行.
NOTIC: [8] Use of undefined constant article_id - assumed 'article_id' C:\phpstudy\WWW\Runtime\Cache\Home\8dc81083d09155de6c0a73ab5081e7a0.php 第 412 行.
NOTIC: [8] Undefined variable: v2 C:\phpstudy\WWW\Runtime\Cache\Home\8dc81083d09155de6c0a73ab5081e7a0.php 第 412 行.
NOTIC: [8] Use of undefined constant article_id - assumed 'article_id' C:\phpstudy\WWW\Runtime\Cache\Home\8dc81083d09155de6c0a73ab5081e7a0.php 第 424 行.
NOTIC: [8] Undefined variable: v2 C:\phpstudy\WWW\Runtime\Cache\Home\8dc81083d09155de6c0a73ab5081e7a0.php 第 424 行.
NOTIC: [8] Use of undefined constant article_id - assumed 'article_id' C:\phpstudy\WWW\Runtime\Cache\Home\8dc81083d09155de6c0a73ab5081e7a0.php 第 427 行.
NOTIC: [8] Undefined variable: v2 C:\phpstudy\WWW\Runtime\Cache\Home\8dc81083d09155de6c0a73ab5081e7a0.php 第 427 行.
NOTIC: [8] Use of undefined constant article_id - assumed 'article_id' C:\phpstudy\WWW\Runtime\Cache\Home\8dc81083d09155de6c0a73ab5081e7a0.php 第 430 行.
NOTIC: [8] Undefined variable: v2 C:\phpstudy\WWW\Runtime\Cache\Home\8dc81083d09155de6c0a73ab5081e7a0.php 第 430 行.
INFO: Run Behavior\ParseTemplateBehavior [ RunTime:0.049219s ]
INFO: [ view_parse ] --END-- [ RunTime:0.049281s ]
INFO: [ view_filter ] --START--
INFO: Run Behavior\WriteHtmlCacheBehavior [ RunTime:0.001422s ]
INFO: [ view_filter ] --END-- [ RunTime:0.001483s ]
INFO: [ app_end ] --START--
INFO: Run Behavior\ShowPageTraceBehavior [ RunTime:0.001392s ]
INFO: [ app_end ] --END-- [ RunTime:0.001462s ]

[ 2017-05-06T14:14:23+08:00 ] 127.0.0.1 /
INFO: [ app_init ] --START--
INFO: Run Behavior\BuildLiteBehavior [ RunTime:0.000015s ]
INFO: [ app_init ] --END-- [ RunTime:0.000561s ]
INFO: [ app_begin ] --START--
INFO: Run Behavior\ReadHtmlCacheBehavior [ RunTime:0.001156s ]
INFO: [ app_begin ] --END-- [ RunTime:0.001323s ]
NOTIC: [8] A session had already been started - ignoring session_start() C:\phpstudy\WWW\ThinkPHP\Common\functions.php 第 1263 行.
SQL: SHOW COLUMNS FROM `comment` [ RunTime:0.0051s ]
SQL: SELECT COUNT(*) AS tp_count FROM `comment` WHERE `touserid` = null AND `status` = 0 LIMIT 1   [ RunTime:0.0004s ]
SQL: SHOW COLUMNS FROM `product` [ RunTime:0.0075s ]
SQL: SELECT * FROM `product` ORDER BY createtime desc LIMIT 4   [ RunTime:0.0014s ]
SQL: SHOW COLUMNS FROM `category` [ RunTime:0.0085s ]
SQL: SELECT * FROM `category`  [ RunTime:0.0006s ]
SQL: SELECT * FROM `product` WHERE ( category = 1 ) ORDER BY createtime desc LIMIT 7   [ RunTime:0.0006s ]
SQL: SELECT * FROM `product` WHERE ( category = 2 ) ORDER BY createtime desc LIMIT 7   [ RunTime:0.0005s ]
SQL: SELECT * FROM `product` WHERE ( category = 3 ) ORDER BY createtime desc LIMIT 7   [ RunTime:0.0003s ]
SQL: SELECT * FROM `product` WHERE ( category = 4 ) ORDER BY createtime desc LIMIT 7   [ RunTime:0.0003s ]
SQL: SELECT * FROM `product` WHERE ( category = 5 ) ORDER BY createtime desc LIMIT 7   [ RunTime:0.0003s ]
INFO: [ view_parse ] --START--
INFO: [ template_filter ] --START--
INFO: Run Behavior\ContentReplaceBehavior [ RunTime:0.000145s ]
INFO: [ template_filter ] --END-- [ RunTime:0.000206s ]
NOTIC: [8] Undefined variable: v C:\phpstudy\WWW\Runtime\Cache\Home\8dc81083d09155de6c0a73ab5081e7a0.php 第 180 行.
NOTIC: [8] Use of undefined constant title - assumed 'title' C:\phpstudy\WWW\Runtime\Cache\Home\8dc81083d09155de6c0a73ab5081e7a0.php 第 181 行.
NOTIC: [8] Undefined variable: v C:\phpstudy\WWW\Runtime\Cache\Home\8dc81083d09155de6c0a73ab5081e7a0.php 第 181 行.
NOTIC: [8] Use of undefined constant style - assumed 'style' C:\phpstudy\WWW\Runtime\Cache\Home\8dc81083d09155de6c0a73ab5081e7a0.php 第 181 行.
NOTIC: [8] Undefined variable: v C:\phpstudy\WWW\Runtime\Cache\Home\8dc81083d09155de6c0a73ab5081e7a0.php 第 181 行.
NOTIC: [8] Use of undefined constant goods_id - assumed 'goods_id' C:\phpstudy\WWW\Runtime\Cache\Home\8dc81083d09155de6c0a73ab5081e7a0.php 第 254 行.
NOTIC: [8] Undefined variable: v C:\phpstudy\WWW\Runtime\Cache\Home\8dc81083d09155de6c0a73ab5081e7a0.php 第 254 行.
NOTIC: [8] Use of undefined constant goods_id - assumed 'goods_id' C:\phpstudy\WWW\Runtime\Cache\Home\8dc81083d09155de6c0a73ab5081e7a0.php 第 270 行.
NOTIC: [8] Undefined variable: v C:\phpstudy\WWW\Runtime\Cache\Home\8dc81083d09155de6c0a73ab5081e7a0.php 第 270 行.
NOTIC: [8] Use of undefined constant goods_id - assumed 'goods_id' C:\phpstudy\WWW\Runtime\Cache\Home\8dc81083d09155de6c0a73ab5081e7a0.php 第 286 行.
NOTIC: [8] Undefined variable: v C:\phpstudy\WWW\Runtime\Cache\Home\8dc81083d09155de6c0a73ab5081e7a0.php 第 286 行.
NOTIC: [8] Use of undefined constant goods_id - assumed 'goods_id' C:\phpstudy\WWW\Runtime\Cache\Home\8dc81083d09155de6c0a73ab5081e7a0.php 第 302 行.
NOTIC: [8] Undefined variable: v C:\phpstudy\WWW\Runtime\Cache\Home\8dc81083d09155de6c0a73ab5081e7a0.php 第 302 行.
NOTIC: [8] Use of undefined constant goods_id - assumed 'goods_id' C:\phpstudy\WWW\Runtime\Cache\Home\8dc81083d09155de6c0a73ab5081e7a0.php 第 318 行.
NOTIC: [8] Undefined variable: v C:\phpstudy\WWW\Runtime\Cache\Home\8dc81083d09155de6c0a73ab5081e7a0.php 第 318 行.
NOTIC: [8] Use of undefined constant goods_id - assumed 'goods_id' C:\phpstudy\WWW\Runtime\Cache\Home\8dc81083d09155de6c0a73ab5081e7a0.php 第 254 行.
NOTIC: [8] Undefined variable: v C:\phpstudy\WWW\Runtime\Cache\Home\8dc81083d09155de6c0a73ab5081e7a0.php 第 254 行.
NOTIC: [8] Use of undefined constant goods_id - assumed 'goods_id' C:\phpstudy\WWW\Runtime\Cache\Home\8dc81083d09155de6c0a73ab5081e7a0.php 第 270 行.
NOTIC: [8] Undefined variable: v C:\phpstudy\WWW\Runtime\Cache\Home\8dc81083d09155de6c0a73ab5081e7a0.php 第 270 行.
NOTIC: [8] Use of undefined constant goods_id - assumed 'goods_id' C:\phpstudy\WWW\Runtime\Cache\Home\8dc81083d09155de6c0a73ab5081e7a0.php 第 286 行.
NOTIC: [8] Undefined variable: v C:\phpstudy\WWW\Runtime\Cache\Home\8dc81083d09155de6c0a73ab5081e7a0.php 第 286 行.
NOTIC: [8] Use of undefined constant goods_id - assumed 'goods_id' C:\phpstudy\WWW\Runtime\Cache\Home\8dc81083d09155de6c0a73ab5081e7a0.php 第 302 行.
NOTIC: [8] Undefined variable: v C:\phpstudy\WWW\Runtime\Cache\Home\8dc81083d09155de6c0a73ab5081e7a0.php 第 302 行.
NOTIC: [8] Use of undefined constant goods_id - assumed 'goods_id' C:\phpstudy\WWW\Runtime\Cache\Home\8dc81083d09155de6c0a73ab5081e7a0.php 第 318 行.
NOTIC: [8] Undefined variable: v C:\phpstudy\WWW\Runtime\Cache\Home\8dc81083d09155de6c0a73ab5081e7a0.php 第 318 行.
NOTIC: [8] Use of undefined constant goods_id - assumed 'goods_id' C:\phpstudy\WWW\Runtime\Cache\Home\8dc81083d09155de6c0a73ab5081e7a0.php 第 254 行.
NOTIC: [8] Undefined variable: v C:\phpstudy\WWW\Runtime\Cache\Home\8dc81083d09155de6c0a73ab5081e7a0.php 第 254 行.
NOTIC: [8] Use of undefined constant goods_id - assumed 'goods_id' C:\phpstudy\WWW\Runtime\Cache\Home\8dc81083d09155de6c0a73ab5081e7a0.php 第 270 行.
NOTIC: [8] Undefined variable: v C:\phpstudy\WWW\Runtime\Cache\Home\8dc81083d09155de6c0a73ab5081e7a0.php 第 270 行.
NOTIC: [8] Use of undefined constant goods_id - assumed 'goods_id' C:\phpstudy\WWW\Runtime\Cache\Home\8dc81083d09155de6c0a73ab5081e7a0.php 第 286 行.
NOTIC: [8] Undefined variable: v C:\phpstudy\WWW\Runtime\Cache\Home\8dc81083d09155de6c0a73ab5081e7a0.php 第 286 行.
NOTIC: [8] Use of undefined constant goods_id - assumed 'goods_id' C:\phpstudy\WWW\Runtime\Cache\Home\8dc81083d09155de6c0a73ab5081e7a0.php 第 302 行.
NOTIC: [8] Undefined variable: v C:\phpstudy\WWW\Runtime\Cache\Home\8dc81083d09155de6c0a73ab5081e7a0.php 第 302 行.
NOTIC: [8] Use of undefined constant goods_id - assumed 'goods_id' C:\phpstudy\WWW\Runtime\Cache\Home\8dc81083d09155de6c0a73ab5081e7a0.php 第 318 行.
NOTIC: [8] Undefined variable: v C:\phpstudy\WWW\Runtime\Cache\Home\8dc81083d09155de6c0a73ab5081e7a0.php 第 318 行.
NOTIC: [8] Use of undefined constant goods_id - assumed 'goods_id' C:\phpstudy\WWW\Runtime\Cache\Home\8dc81083d09155de6c0a73ab5081e7a0.php 第 254 行.
NOTIC: [8] Undefined variable: v C:\phpstudy\WWW\Runtime\Cache\Home\8dc81083d09155de6c0a73ab5081e7a0.php 第 254 行.
NOTIC: [8] Use of undefined constant goods_id - assumed 'goods_id' C:\phpstudy\WWW\Runtime\Cache\Home\8dc81083d09155de6c0a73ab5081e7a0.php 第 270 行.
NOTIC: [8] Undefined variable: v C:\phpstudy\WWW\Runtime\Cache\Home\8dc81083d09155de6c0a73ab5081e7a0.php 第 270 行.
NOTIC: [8] Use of undefined constant goods_id - assumed 'goods_id' C:\phpstudy\WWW\Runtime\Cache\Home\8dc81083d09155de6c0a73ab5081e7a0.php 第 286 行.
NOTIC: [8] Undefined variable: v C:\phpstudy\WWW\Runtime\Cache\Home\8dc81083d09155de6c0a73ab5081e7a0.php 第 286 行.
NOTIC: [8] Use of undefined constant goods_id - assumed 'goods_id' C:\phpstudy\WWW\Runtime\Cache\Home\8dc81083d09155de6c0a73ab5081e7a0.php 第 302 行.
NOTIC: [8] Undefined variable: v C:\phpstudy\WWW\Runtime\Cache\Home\8dc81083d09155de6c0a73ab5081e7a0.php 第 302 行.
NOTIC: [8] Use of undefined constant goods_id - assumed 'goods_id' C:\phpstudy\WWW\Runtime\Cache\Home\8dc81083d09155de6c0a73ab5081e7a0.php 第 318 行.
NOTIC: [8] Undefined variable: v C:\phpstudy\WWW\Runtime\Cache\Home\8dc81083d09155de6c0a73ab5081e7a0.php 第 318 行.
NOTIC: [8] Use of undefined constant goods_id - assumed 'goods_id' C:\phpstudy\WWW\Runtime\Cache\Home\8dc81083d09155de6c0a73ab5081e7a0.php 第 254 行.
NOTIC: [8] Undefined variable: v C:\phpstudy\WWW\Runtime\Cache\Home\8dc81083d09155de6c0a73ab5081e7a0.php 第 254 行.
NOTIC: [8] Use of undefined constant goods_id - assumed 'goods_id' C:\phpstudy\WWW\Runtime\Cache\Home\8dc81083d09155de6c0a73ab5081e7a0.php 第 270 行.
NOTIC: [8] Undefined variable: v C:\phpstudy\WWW\Runtime\Cache\Home\8dc81083d09155de6c0a73ab5081e7a0.php 第 270 行.
NOTIC: [8] Use of undefined constant goods_id - assumed 'goods_id' C:\phpstudy\WWW\Runtime\Cache\Home\8dc81083d09155de6c0a73ab5081e7a0.php 第 286 行.
NOTIC: [8] Undefined variable: v C:\phpstudy\WWW\Runtime\Cache\Home\8dc81083d09155de6c0a73ab5081e7a0.php 第 286 行.
NOTIC: [8] Use of undefined constant goods_id - assumed 'goods_id' C:\phpstudy\WWW\Runtime\Cache\Home\8dc81083d09155de6c0a73ab5081e7a0.php 第 302 行.
NOTIC: [8] Undefined variable: v C:\phpstudy\WWW\Runtime\Cache\Home\8dc81083d09155de6c0a73ab5081e7a0.php 第 302 行.
NOTIC: [8] Use of undefined constant goods_id - assumed 'goods_id' C:\phpstudy\WWW\Runtime\Cache\Home\8dc81083d09155de6c0a73ab5081e7a0.php 第 318 行.
NOTIC: [8] Undefined variable: v C:\phpstudy\WWW\Runtime\Cache\Home\8dc81083d09155de6c0a73ab5081e7a0.php 第 318 行.
NOTIC: [8] Undefined variable: v C:\phpstudy\WWW\Runtime\Cache\Home\8dc81083d09155de6c0a73ab5081e7a0.php 第 340 行.
NOTIC: [8] Use of undefined constant title - assumed 'title' C:\phpstudy\WWW\Runtime\Cache\Home\8dc81083d09155de6c0a73ab5081e7a0.php 第 341 行.
NOTIC: [8] Undefined variable: v C:\phpstudy\WWW\Runtime\Cache\Home\8dc81083d09155de6c0a73ab5081e7a0.php 第 341 行.
NOTIC: [8] Use of undefined constant style - assumed 'style' C:\phpstudy\WWW\Runtime\Cache\Home\8dc81083d09155de6c0a73ab5081e7a0.php 第 341 行.
NOTIC: [8] Undefined variable: v C:\phpstudy\WWW\Runtime\Cache\Home\8dc81083d09155de6c0a73ab5081e7a0.php 第 341 行.
NOTIC: [8] Use of undefined constant article_id - assumed 'article_id' C:\phpstudy\WWW\Runtime\Cache\Home\8dc81083d09155de6c0a73ab5081e7a0.php 第 370 行.
NOTIC: [8] Undefined variable: v2 C:\phpstudy\WWW\Runtime\Cache\Home\8dc81083d09155de6c0a73ab5081e7a0.php 第 370 行.
NOTIC: [8] Use of undefined constant article_id - assumed 'article_id' C:\phpstudy\WWW\Runtime\Cache\Home\8dc81083d09155de6c0a73ab5081e7a0.php 第 373 行.
NOTIC: [8] Undefined variable: v2 C:\phpstudy\WWW\Runtime\Cache\Home\8dc81083d09155de6c0a73ab5081e7a0.php 第 373 行.
NOTIC: [8] Use of undefined constant article_id - assumed 'article_id' C:\phpstudy\WWW\Runtime\Cache\Home\8dc81083d09155de6c0a73ab5081e7a0.php 第 376 行.
NOTIC: [8] Undefined variable: v2 C:\phpstudy\WWW\Runtime\Cache\Home\8dc81083d09155de6c0a73ab5081e7a0.php 第 376 行.
NOTIC: [8] Use of undefined constant article_id - assumed 'article_id' C:\phpstudy\WWW\Runtime\Cache\Home\8dc81083d09155de6c0a73ab5081e7a0.php 第 388 行.
NOTIC: [8] Undefined variable: v2 C:\phpstudy\WWW\Runtime\Cache\Home\8dc81083d09155de6c0a73ab5081e7a0.php 第 388 行.
NOTIC: [8] Use of undefined constant article_id - assumed 'article_id' C:\phpstudy\WWW\Runtime\Cache\Home\8dc81083d09155de6c0a73ab5081e7a0.php 第 391 行.
NOTIC: [8] Undefined variable: v2 C:\phpstudy\WWW\Runtime\Cache\Home\8dc81083d09155de6c0a73ab5081e7a0.php 第 391 行.
NOTIC: [8] Use of undefined constant article_id - assumed 'article_id' C:\phpstudy\WWW\Runtime\Cache\Home\8dc81083d09155de6c0a73ab5081e7a0.php 第 394 行.
NOTIC: [8] Undefined variable: v2 C:\phpstudy\WWW\Runtime\Cache\Home\8dc81083d09155de6c0a73ab5081e7a0.php 第 394 行.
NOTIC: [8] Use of undefined constant article_id - assumed 'article_id' C:\phpstudy\WWW\Runtime\Cache\Home\8dc81083d09155de6c0a73ab5081e7a0.php 第 406 行.
NOTIC: [8] Undefined variable: v2 C:\phpstudy\WWW\Runtime\Cache\Home\8dc81083d09155de6c0a73ab5081e7a0.php 第 406 行.
NOTIC: [8] Use of undefined constant article_id - assumed 'article_id' C:\phpstudy\WWW\Runtime\Cache\Home\8dc81083d09155de6c0a73ab5081e7a0.php 第 409 行.
NOTIC: [8] Undefined variable: v2 C:\phpstudy\WWW\Runtime\Cache\Home\8dc81083d09155de6c0a73ab5081e7a0.php 第 409 行.
NOTIC: [8] Use of undefined constant article_id - assumed 'article_id' C:\phpstudy\WWW\Runtime\Cache\Home\8dc81083d09155de6c0a73ab5081e7a0.php 第 412 行.
NOTIC: [8] Undefined variable: v2 C:\phpstudy\WWW\Runtime\Cache\Home\8dc81083d09155de6c0a73ab5081e7a0.php 第 412 行.
NOTIC: [8] Use of undefined constant article_id - assumed 'article_id' C:\phpstudy\WWW\Runtime\Cache\Home\8dc81083d09155de6c0a73ab5081e7a0.php 第 424 行.
NOTIC: [8] Undefined variable: v2 C:\phpstudy\WWW\Runtime\Cache\Home\8dc81083d09155de6c0a73ab5081e7a0.php 第 424 行.
NOTIC: [8] Use of undefined constant article_id - assumed 'article_id' C:\phpstudy\WWW\Runtime\Cache\Home\8dc81083d09155de6c0a73ab5081e7a0.php 第 427 行.
NOTIC: [8] Undefined variable: v2 C:\phpstudy\WWW\Runtime\Cache\Home\8dc81083d09155de6c0a73ab5081e7a0.php 第 427 行.
NOTIC: [8] Use of undefined constant article_id - assumed 'article_id' C:\phpstudy\WWW\Runtime\Cache\Home\8dc81083d09155de6c0a73ab5081e7a0.php 第 430 行.
NOTIC: [8] Undefined variable: v2 C:\phpstudy\WWW\Runtime\Cache\Home\8dc81083d09155de6c0a73ab5081e7a0.php 第 430 行.
INFO: Run Behavior\ParseTemplateBehavior [ RunTime:0.023326s ]
INFO: [ view_parse ] --END-- [ RunTime:0.023371s ]
INFO: [ view_filter ] --START--
INFO: Run Behavior\WriteHtmlCacheBehavior [ RunTime:0.000407s ]
INFO: [ view_filter ] --END-- [ RunTime:0.000439s ]
INFO: [ app_end ] --START--
INFO: Run Behavior\ShowPageTraceBehavior [ RunTime:0.000566s ]
INFO: [ app_end ] --END-- [ RunTime:0.000605s ]

