[ 2017-04-30T10:07:20+08:00 ] 127.0.0.1 /
INFO: [ app_init ] --START--
INFO: Run Behavior\BuildLiteBehavior [ RunTime:0.000009s ]
INFO: [ app_init ] --END-- [ RunTime:0.000683s ]
INFO: [ app_begin ] --START--
INFO: Run Behavior\ReadHtmlCacheBehavior [ RunTime:0.000671s ]
INFO: [ app_begin ] --END-- [ RunTime:0.000703s ]
NOTIC: [8] A session had already been started - ignoring session_start() C:\phpstudy\WWW\ThinkPHP\Common\functions.php 第 1263 行.
SQL: SHOW COLUMNS FROM `comment` [ RunTime:0.0099s ]
SQL: SELECT COUNT(*) AS tp_count FROM `comment` WHERE `touserid` = null AND `status` = 0 LIMIT 1   [ RunTime:0.0021s ]
SQL: SHOW COLUMNS FROM `product` [ RunTime:0.0047s ]
SQL: SELECT * FROM `product` ORDER BY createtime desc LIMIT 4   [ RunTime:0.0011s ]
SQL: SHOW COLUMNS FROM `category` [ RunTime:0.0041s ]
SQL: SELECT * FROM `category`  [ RunTime:0.0002s ]
SQL: SELECT * FROM `product` WHERE ( category = 1 ) ORDER BY createtime desc LIMIT 7   [ RunTime:0.0004s ]
SQL: SELECT * FROM `product` WHERE ( category = 2 ) ORDER BY createtime desc LIMIT 7   [ RunTime:0.0002s ]
SQL: SELECT * FROM `product` WHERE ( category = 3 ) ORDER BY createtime desc LIMIT 7   [ RunTime:0.0002s ]
SQL: SELECT * FROM `product` WHERE ( category = 4 ) ORDER BY createtime desc LIMIT 7   [ RunTime:0.0002s ]
SQL: SELECT * FROM `product` WHERE ( category = 5 ) ORDER BY createtime desc LIMIT 7   [ RunTime:0.0002s ]
INFO: [ view_parse ] --START--
INFO: [ template_filter ] --START--
INFO: Run Behavior\ContentReplaceBehavior [ RunTime:0.000152s ]
INFO: [ template_filter ] --END-- [ RunTime:0.000200s ]
NOTIC: [8] Undefined variable: v C:\phpstudy\WWW\Runtime\Cache\Home\8dc81083d09155de6c0a73ab5081e7a0.php 第 180 行.
NOTIC: [8] Use of undefined constant title - assumed 'title' C:\phpstudy\WWW\Runtime\Cache\Home\8dc81083d09155de6c0a73ab5081e7a0.php 第 181 行.
NOTIC: [8] Undefined variable: v C:\phpstudy\WWW\Runtime\Cache\Home\8dc81083d09155de6c0a73ab5081e7a0.php 第 181 行.
NOTIC: [8] Use of undefined constant style - assumed 'style' C:\phpstudy\WWW\Runtime\Cache\Home\8dc81083d09155de6c0a73ab5081e7a0.php 第 181 行.
NOTIC: [8] Undefined variable: v C:\phpstudy\WWW\Runtime\Cache\Home\8dc81083d09155de6c0a73ab5081e7a0.php 第 181 行.
NOTIC: [8] Use of undefined constant goods_id - assumed 'goods_id' C:\phpstudy\WWW\Runtime\Cache\Home\8dc81083d09155de6c0a73ab5081e7a0.php 第 254 行.
NOTIC: [8] Undefined variable: v C:\phpstudy\WWW\Runtime\Cache\Home\8dc81083d09155de6c0a73ab5081e7a0.php 第 254 行.
NOTIC: [8] Use of undefined constant goods_id - assumed 'goods_id' C:\phpstudy\WWW\Runtime\Cache\Home\8dc81083d09155de6c0a73ab5081e7a0.php 第 270 行.
NOTIC: [8] Undefined variable: v C:\phpstudy\WWW\Runtime\Cache\Home\8dc81083d09155de6c0a73ab5081e7a0.php 第 270 行.
NOTIC: [8] Use of undefined constant goods_id - assumed 'goods_id' C:\phpstudy\WWW\Runtime\Cache\Home\8dc81083d09155de6c0a73ab5081e7a0.php 第 286 行.
NOTIC: [8] Undefined variable: v C:\phpstudy\WWW\Runtime\Cache\Home\8dc81083d09155de6c0a73ab5081e7a0.php 第 286 行.
NOTIC: [8] Use of undefined constant goods_id - assumed 'goods_id' C:\phpstudy\WWW\Runtime\Cache\Home\8dc81083d09155de6c0a73ab5081e7a0.php 第 302 行.
NOTIC: [8] Undefined variable: v C:\phpstudy\WWW\Runtime\Cache\Home\8dc81083d09155de6c0a73ab5081e7a0.php 第 302 行.
NOTIC: [8] Use of undefined constant goods_id - assumed 'goods_id' C:\phpstudy\WWW\Runtime\Cache\Home\8dc81083d09155de6c0a73ab5081e7a0.php 第 318 行.
NOTIC: [8] Undefined variable: v C:\phpstudy\WWW\Runtime\Cache\Home\8dc81083d09155de6c0a73ab5081e7a0.php 第 318 行.
NOTIC: [8] Use of undefined constant goods_id - assumed 'goods_id' C:\phpstudy\WWW\Runtime\Cache\Home\8dc81083d09155de6c0a73ab5081e7a0.php 第 254 行.
NOTIC: [8] Undefined variable: v C:\phpstudy\WWW\Runtime\Cache\Home\8dc81083d09155de6c0a73ab5081e7a0.php 第 254 行.
NOTIC: [8] Use of undefined constant goods_id - assumed 'goods_id' C:\phpstudy\WWW\Runtime\Cache\Home\8dc81083d09155de6c0a73ab5081e7a0.php 第 270 行.
NOTIC: [8] Undefined variable: v C:\phpstudy\WWW\Runtime\Cache\Home\8dc81083d09155de6c0a73ab5081e7a0.php 第 270 行.
NOTIC: [8] Use of undefined constant goods_id - assumed 'goods_id' C:\phpstudy\WWW\Runtime\Cache\Home\8dc81083d09155de6c0a73ab5081e7a0.php 第 286 行.
NOTIC: [8] Undefined variable: v C:\phpstudy\WWW\Runtime\Cache\Home\8dc81083d09155de6c0a73ab5081e7a0.php 第 286 行.
NOTIC: [8] Use of undefined constant goods_id - assumed 'goods_id' C:\phpstudy\WWW\Runtime\Cache\Home\8dc81083d09155de6c0a73ab5081e7a0.php 第 302 行.
NOTIC: [8] Undefined variable: v C:\phpstudy\WWW\Runtime\Cache\Home\8dc81083d09155de6c0a73ab5081e7a0.php 第 302 行.
NOTIC: [8] Use of undefined constant goods_id - assumed 'goods_id' C:\phpstudy\WWW\Runtime\Cache\Home\8dc81083d09155de6c0a73ab5081e7a0.php 第 318 行.
NOTIC: [8] Undefined variable: v C:\phpstudy\WWW\Runtime\Cache\Home\8dc81083d09155de6c0a73ab5081e7a0.php 第 318 行.
NOTIC: [8] Use of undefined constant goods_id - assumed 'goods_id' C:\phpstudy\WWW\Runtime\Cache\Home\8dc81083d09155de6c0a73ab5081e7a0.php 第 254 行.
NOTIC: [8] Undefined variable: v C:\phpstudy\WWW\Runtime\Cache\Home\8dc81083d09155de6c0a73ab5081e7a0.php 第 254 行.
NOTIC: [8] Use of undefined constant goods_id - assumed 'goods_id' C:\phpstudy\WWW\Runtime\Cache\Home\8dc81083d09155de6c0a73ab5081e7a0.php 第 270 行.
NOTIC: [8] Undefined variable: v C:\phpstudy\WWW\Runtime\Cache\Home\8dc81083d09155de6c0a73ab5081e7a0.php 第 270 行.
NOTIC: [8] Use of undefined constant goods_id - assumed 'goods_id' C:\phpstudy\WWW\Runtime\Cache\Home\8dc81083d09155de6c0a73ab5081e7a0.php 第 286 行.
NOTIC: [8] Undefined variable: v C:\phpstudy\WWW\Runtime\Cache\Home\8dc81083d09155de6c0a73ab5081e7a0.php 第 286 行.
NOTIC: [8] Use of undefined constant goods_id - assumed 'goods_id' C:\phpstudy\WWW\Runtime\Cache\Home\8dc81083d09155de6c0a73ab5081e7a0.php 第 302 行.
NOTIC: [8] Undefined variable: v C:\phpstudy\WWW\Runtime\Cache\Home\8dc81083d09155de6c0a73ab5081e7a0.php 第 302 行.
NOTIC: [8] Use of undefined constant goods_id - assumed 'goods_id' C:\phpstudy\WWW\Runtime\Cache\Home\8dc81083d09155de6c0a73ab5081e7a0.php 第 318 行.
NOTIC: [8] Undefined variable: v C:\phpstudy\WWW\Runtime\Cache\Home\8dc81083d09155de6c0a73ab5081e7a0.php 第 318 行.
NOTIC: [8] Use of undefined constant goods_id - assumed 'goods_id' C:\phpstudy\WWW\Runtime\Cache\Home\8dc81083d09155de6c0a73ab5081e7a0.php 第 254 行.
NOTIC: [8] Undefined variable: v C:\phpstudy\WWW\Runtime\Cache\Home\8dc81083d09155de6c0a73ab5081e7a0.php 第 254 行.
NOTIC: [8] Use of undefined constant goods_id - assumed 'goods_id' C:\phpstudy\WWW\Runtime\Cache\Home\8dc81083d09155de6c0a73ab5081e7a0.php 第 270 行.
NOTIC: [8] Undefined variable: v C:\phpstudy\WWW\Runtime\Cache\Home\8dc81083d09155de6c0a73ab5081e7a0.php 第 270 行.
NOTIC: [8] Use of undefined constant goods_id - assumed 'goods_id' C:\phpstudy\WWW\Runtime\Cache\Home\8dc81083d09155de6c0a73ab5081e7a0.php 第 286 行.
NOTIC: [8] Undefined variable: v C:\phpstudy\WWW\Runtime\Cache\Home\8dc81083d09155de6c0a73ab5081e7a0.php 第 286 行.
NOTIC: [8] Use of undefined constant goods_id - assumed 'goods_id' C:\phpstudy\WWW\Runtime\Cache\Home\8dc81083d09155de6c0a73ab5081e7a0.php 第 302 行.
NOTIC: [8] Undefined variable: v C:\phpstudy\WWW\Runtime\Cache\Home\8dc81083d09155de6c0a73ab5081e7a0.php 第 302 行.
NOTIC: [8] Use of undefined constant goods_id - assumed 'goods_id' C:\phpstudy\WWW\Runtime\Cache\Home\8dc81083d09155de6c0a73ab5081e7a0.php 第 318 行.
NOTIC: [8] Undefined variable: v C:\phpstudy\WWW\Runtime\Cache\Home\8dc81083d09155de6c0a73ab5081e7a0.php 第 318 行.
NOTIC: [8] Use of undefined constant goods_id - assumed 'goods_id' C:\phpstudy\WWW\Runtime\Cache\Home\8dc81083d09155de6c0a73ab5081e7a0.php 第 254 行.
NOTIC: [8] Undefined variable: v C:\phpstudy\WWW\Runtime\Cache\Home\8dc81083d09155de6c0a73ab5081e7a0.php 第 254 行.
NOTIC: [8] Use of undefined constant goods_id - assumed 'goods_id' C:\phpstudy\WWW\Runtime\Cache\Home\8dc81083d09155de6c0a73ab5081e7a0.php 第 270 行.
NOTIC: [8] Undefined variable: v C:\phpstudy\WWW\Runtime\Cache\Home\8dc81083d09155de6c0a73ab5081e7a0.php 第 270 行.
NOTIC: [8] Use of undefined constant goods_id - assumed 'goods_id' C:\phpstudy\WWW\Runtime\Cache\Home\8dc81083d09155de6c0a73ab5081e7a0.php 第 286 行.
NOTIC: [8] Undefined variable: v C:\phpstudy\WWW\Runtime\Cache\Home\8dc81083d09155de6c0a73ab5081e7a0.php 第 286 行.
NOTIC: [8] Use of undefined constant goods_id - assumed 'goods_id' C:\phpstudy\WWW\Runtime\Cache\Home\8dc81083d09155de6c0a73ab5081e7a0.php 第 302 行.
NOTIC: [8] Undefined variable: v C:\phpstudy\WWW\Runtime\Cache\Home\8dc81083d09155de6c0a73ab5081e7a0.php 第 302 行.
NOTIC: [8] Use of undefined constant goods_id - assumed 'goods_id' C:\phpstudy\WWW\Runtime\Cache\Home\8dc81083d09155de6c0a73ab5081e7a0.php 第 318 行.
NOTIC: [8] Undefined variable: v C:\phpstudy\WWW\Runtime\Cache\Home\8dc81083d09155de6c0a73ab5081e7a0.php 第 318 行.
NOTIC: [8] Undefined variable: v C:\phpstudy\WWW\Runtime\Cache\Home\8dc81083d09155de6c0a73ab5081e7a0.php 第 340 行.
NOTIC: [8] Use of undefined constant title - assumed 'title' C:\phpstudy\WWW\Runtime\Cache\Home\8dc81083d09155de6c0a73ab5081e7a0.php 第 341 行.
NOTIC: [8] Undefined variable: v C:\phpstudy\WWW\Runtime\Cache\Home\8dc81083d09155de6c0a73ab5081e7a0.php 第 341 行.
NOTIC: [8] Use of undefined constant style - assumed 'style' C:\phpstudy\WWW\Runtime\Cache\Home\8dc81083d09155de6c0a73ab5081e7a0.php 第 341 行.
NOTIC: [8] Undefined variable: v C:\phpstudy\WWW\Runtime\Cache\Home\8dc81083d09155de6c0a73ab5081e7a0.php 第 341 行.
NOTIC: [8] Use of undefined constant article_id - assumed 'article_id' C:\phpstudy\WWW\Runtime\Cache\Home\8dc81083d09155de6c0a73ab5081e7a0.php 第 370 行.
NOTIC: [8] Undefined variable: v2 C:\phpstudy\WWW\Runtime\Cache\Home\8dc81083d09155de6c0a73ab5081e7a0.php 第 370 行.
NOTIC: [8] Use of undefined constant article_id - assumed 'article_id' C:\phpstudy\WWW\Runtime\Cache\Home\8dc81083d09155de6c0a73ab5081e7a0.php 第 373 行.
NOTIC: [8] Undefined variable: v2 C:\phpstudy\WWW\Runtime\Cache\Home\8dc81083d09155de6c0a73ab5081e7a0.php 第 373 行.
NOTIC: [8] Use of undefined constant article_id - assumed 'article_id' C:\phpstudy\WWW\Runtime\Cache\Home\8dc81083d09155de6c0a73ab5081e7a0.php 第 376 行.
NOTIC: [8] Undefined variable: v2 C:\phpstudy\WWW\Runtime\Cache\Home\8dc81083d09155de6c0a73ab5081e7a0.php 第 376 行.
NOTIC: [8] Use of undefined constant article_id - assumed 'article_id' C:\phpstudy\WWW\Runtime\Cache\Home\8dc81083d09155de6c0a73ab5081e7a0.php 第 388 行.
NOTIC: [8] Undefined variable: v2 C:\phpstudy\WWW\Runtime\Cache\Home\8dc81083d09155de6c0a73ab5081e7a0.php 第 388 行.
NOTIC: [8] Use of undefined constant article_id - assumed 'article_id' C:\phpstudy\WWW\Runtime\Cache\Home\8dc81083d09155de6c0a73ab5081e7a0.php 第 391 行.
NOTIC: [8] Undefined variable: v2 C:\phpstudy\WWW\Runtime\Cache\Home\8dc81083d09155de6c0a73ab5081e7a0.php 第 391 行.
NOTIC: [8] Use of undefined constant article_id - assumed 'article_id' C:\phpstudy\WWW\Runtime\Cache\Home\8dc81083d09155de6c0a73ab5081e7a0.php 第 394 行.
NOTIC: [8] Undefined variable: v2 C:\phpstudy\WWW\Runtime\Cache\Home\8dc81083d09155de6c0a73ab5081e7a0.php 第 394 行.
NOTIC: [8] Use of undefined constant article_id - assumed 'article_id' C:\phpstudy\WWW\Runtime\Cache\Home\8dc81083d09155de6c0a73ab5081e7a0.php 第 406 行.
NOTIC: [8] Undefined variable: v2 C:\phpstudy\WWW\Runtime\Cache\Home\8dc81083d09155de6c0a73ab5081e7a0.php 第 406 行.
NOTIC: [8] Use of undefined constant article_id - assumed 'article_id' C:\phpstudy\WWW\Runtime\Cache\Home\8dc81083d09155de6c0a73ab5081e7a0.php 第 409 行.
NOTIC: [8] Undefined variable: v2 C:\phpstudy\WWW\Runtime\Cache\Home\8dc81083d09155de6c0a73ab5081e7a0.php 第 409 行.
NOTIC: [8] Use of undefined constant article_id - assumed 'article_id' C:\phpstudy\WWW\Runtime\Cache\Home\8dc81083d09155de6c0a73ab5081e7a0.php 第 412 行.
NOTIC: [8] Undefined variable: v2 C:\phpstudy\WWW\Runtime\Cache\Home\8dc81083d09155de6c0a73ab5081e7a0.php 第 412 行.
NOTIC: [8] Use of undefined constant article_id - assumed 'article_id' C:\phpstudy\WWW\Runtime\Cache\Home\8dc81083d09155de6c0a73ab5081e7a0.php 第 424 行.
NOTIC: [8] Undefined variable: v2 C:\phpstudy\WWW\Runtime\Cache\Home\8dc81083d09155de6c0a73ab5081e7a0.php 第 424 行.
NOTIC: [8] Use of undefined constant article_id - assumed 'article_id' C:\phpstudy\WWW\Runtime\Cache\Home\8dc81083d09155de6c0a73ab5081e7a0.php 第 427 行.
NOTIC: [8] Undefined variable: v2 C:\phpstudy\WWW\Runtime\Cache\Home\8dc81083d09155de6c0a73ab5081e7a0.php 第 427 行.
NOTIC: [8] Use of undefined constant article_id - assumed 'article_id' C:\phpstudy\WWW\Runtime\Cache\Home\8dc81083d09155de6c0a73ab5081e7a0.php 第 430 行.
NOTIC: [8] Undefined variable: v2 C:\phpstudy\WWW\Runtime\Cache\Home\8dc81083d09155de6c0a73ab5081e7a0.php 第 430 行.
INFO: Run Behavior\ParseTemplateBehavior [ RunTime:0.028885s ]
INFO: [ view_parse ] --END-- [ RunTime:0.028922s ]
INFO: [ view_filter ] --START--
INFO: Run Behavior\WriteHtmlCacheBehavior [ RunTime:0.000569s ]
INFO: [ view_filter ] --END-- [ RunTime:0.000595s ]
INFO: [ app_end ] --START--
INFO: Run Behavior\ShowPageTraceBehavior [ RunTime:0.000774s ]
INFO: [ app_end ] --END-- [ RunTime:0.000820s ]

[ 2017-04-30T10:15:12+08:00 ] 127.0.0.1 /Home/User/login
INFO: [ app_init ] --START--
INFO: Run Behavior\BuildLiteBehavior [ RunTime:0.000009s ]
INFO: [ app_init ] --END-- [ RunTime:0.000482s ]
INFO: [ app_begin ] --START--
INFO: Run Behavior\ReadHtmlCacheBehavior [ RunTime:0.000450s ]
INFO: [ app_begin ] --END-- [ RunTime:0.000485s ]
NOTIC: [8] A session had already been started - ignoring session_start() C:\phpstudy\WWW\ThinkPHP\Common\functions.php 第 1263 行.
SQL: SHOW COLUMNS FROM `comment` [ RunTime:0.0044s ]
SQL: SELECT COUNT(*) AS tp_count FROM `comment` WHERE `touserid` = null AND `status` = 0 LIMIT 1   [ RunTime:0.0002s ]
INFO: [ view_parse ] --START--
INFO: [ template_filter ] --START--
INFO: Run Behavior\ContentReplaceBehavior [ RunTime:0.000080s ]
INFO: [ template_filter ] --END-- [ RunTime:0.000115s ]
NOTIC: [8] Use of undefined constant article_id - assumed 'article_id' C:\phpstudy\WWW\Runtime\Cache\Home\db612667911eb7a78617c580071ad3d8.php 第 146 行.
NOTIC: [8] Undefined variable: v2 C:\phpstudy\WWW\Runtime\Cache\Home\db612667911eb7a78617c580071ad3d8.php 第 146 行.
NOTIC: [8] Use of undefined constant article_id - assumed 'article_id' C:\phpstudy\WWW\Runtime\Cache\Home\db612667911eb7a78617c580071ad3d8.php 第 149 行.
NOTIC: [8] Undefined variable: v2 C:\phpstudy\WWW\Runtime\Cache\Home\db612667911eb7a78617c580071ad3d8.php 第 149 行.
NOTIC: [8] Use of undefined constant article_id - assumed 'article_id' C:\phpstudy\WWW\Runtime\Cache\Home\db612667911eb7a78617c580071ad3d8.php 第 152 行.
NOTIC: [8] Undefined variable: v2 C:\phpstudy\WWW\Runtime\Cache\Home\db612667911eb7a78617c580071ad3d8.php 第 152 行.
NOTIC: [8] Use of undefined constant article_id - assumed 'article_id' C:\phpstudy\WWW\Runtime\Cache\Home\db612667911eb7a78617c580071ad3d8.php 第 164 行.
NOTIC: [8] Undefined variable: v2 C:\phpstudy\WWW\Runtime\Cache\Home\db612667911eb7a78617c580071ad3d8.php 第 164 行.
NOTIC: [8] Use of undefined constant article_id - assumed 'article_id' C:\phpstudy\WWW\Runtime\Cache\Home\db612667911eb7a78617c580071ad3d8.php 第 167 行.
NOTIC: [8] Undefined variable: v2 C:\phpstudy\WWW\Runtime\Cache\Home\db612667911eb7a78617c580071ad3d8.php 第 167 行.
NOTIC: [8] Use of undefined constant article_id - assumed 'article_id' C:\phpstudy\WWW\Runtime\Cache\Home\db612667911eb7a78617c580071ad3d8.php 第 170 行.
NOTIC: [8] Undefined variable: v2 C:\phpstudy\WWW\Runtime\Cache\Home\db612667911eb7a78617c580071ad3d8.php 第 170 行.
NOTIC: [8] Use of undefined constant article_id - assumed 'article_id' C:\phpstudy\WWW\Runtime\Cache\Home\db612667911eb7a78617c580071ad3d8.php 第 182 行.
NOTIC: [8] Undefined variable: v2 C:\phpstudy\WWW\Runtime\Cache\Home\db612667911eb7a78617c580071ad3d8.php 第 182 行.
NOTIC: [8] Use of undefined constant article_id - assumed 'article_id' C:\phpstudy\WWW\Runtime\Cache\Home\db612667911eb7a78617c580071ad3d8.php 第 185 行.
NOTIC: [8] Undefined variable: v2 C:\phpstudy\WWW\Runtime\Cache\Home\db612667911eb7a78617c580071ad3d8.php 第 185 行.
NOTIC: [8] Use of undefined constant article_id - assumed 'article_id' C:\phpstudy\WWW\Runtime\Cache\Home\db612667911eb7a78617c580071ad3d8.php 第 188 行.
NOTIC: [8] Undefined variable: v2 C:\phpstudy\WWW\Runtime\Cache\Home\db612667911eb7a78617c580071ad3d8.php 第 188 行.
NOTIC: [8] Use of undefined constant article_id - assumed 'article_id' C:\phpstudy\WWW\Runtime\Cache\Home\db612667911eb7a78617c580071ad3d8.php 第 200 行.
NOTIC: [8] Undefined variable: v2 C:\phpstudy\WWW\Runtime\Cache\Home\db612667911eb7a78617c580071ad3d8.php 第 200 行.
NOTIC: [8] Use of undefined constant article_id - assumed 'article_id' C:\phpstudy\WWW\Runtime\Cache\Home\db612667911eb7a78617c580071ad3d8.php 第 203 行.
NOTIC: [8] Undefined variable: v2 C:\phpstudy\WWW\Runtime\Cache\Home\db612667911eb7a78617c580071ad3d8.php 第 203 行.
NOTIC: [8] Use of undefined constant article_id - assumed 'article_id' C:\phpstudy\WWW\Runtime\Cache\Home\db612667911eb7a78617c580071ad3d8.php 第 206 行.
NOTIC: [8] Undefined variable: v2 C:\phpstudy\WWW\Runtime\Cache\Home\db612667911eb7a78617c580071ad3d8.php 第 206 行.
INFO: Run Behavior\ParseTemplateBehavior [ RunTime:0.013828s ]
INFO: [ view_parse ] --END-- [ RunTime:0.013886s ]
INFO: [ view_filter ] --START--
INFO: Run Behavior\WriteHtmlCacheBehavior [ RunTime:0.000416s ]
INFO: [ view_filter ] --END-- [ RunTime:0.000442s ]
INFO: [ app_end ] --START--
INFO: Run Behavior\ShowPageTraceBehavior [ RunTime:0.000468s ]
INFO: [ app_end ] --END-- [ RunTime:0.000494s ]

[ 2017-04-30T10:15:12+08:00 ] 127.0.0.1 /Home/Verifyimg/verifyimg
INFO: [ app_init ] --START--
INFO: Run Behavior\BuildLiteBehavior [ RunTime:0.000010s ]
INFO: [ app_init ] --END-- [ RunTime:0.000340s ]
INFO: [ app_begin ] --START--
INFO: Run Behavior\ReadHtmlCacheBehavior [ RunTime:0.000484s ]
INFO: [ app_begin ] --END-- [ RunTime:0.000532s ]
NOTIC: [8] A session had already been started - ignoring session_start() C:\phpstudy\WWW\ThinkPHP\Common\functions.php 第 1263 行.
INFO: [ app_end ] --START--
INFO: Run Behavior\ShowPageTraceBehavior [ RunTime:0.000906s ]
INFO: [ app_end ] --END-- [ RunTime:0.000994s ]

[ 2017-04-30T10:15:19+08:00 ] 127.0.0.1 /Home/User/dologin
INFO: [ app_init ] --START--
INFO: Run Behavior\BuildLiteBehavior [ RunTime:0.000009s ]
INFO: [ app_init ] --END-- [ RunTime:0.000336s ]
INFO: [ app_begin ] --START--
INFO: Run Behavior\ReadHtmlCacheBehavior [ RunTime:0.000399s ]
INFO: [ app_begin ] --END-- [ RunTime:0.000429s ]
NOTIC: [8] A session had already been started - ignoring session_start() C:\phpstudy\WWW\ThinkPHP\Common\functions.php 第 1263 行.
SQL: SHOW COLUMNS FROM `comment` [ RunTime:0.0038s ]
SQL: SELECT COUNT(*) AS tp_count FROM `comment` WHERE `touserid` = null AND `status` = 0 LIMIT 1   [ RunTime:0.0002s ]
SQL: SHOW COLUMNS FROM `user` [ RunTime:0.0056s ]
SQL: SELECT * FROM `user` WHERE `username` = 'test' LIMIT 1   [ RunTime:0.0004s ]

[ 2017-04-30T10:15:20+08:00 ] 127.0.0.1 /
INFO: [ app_init ] --START--
INFO: Run Behavior\BuildLiteBehavior [ RunTime:0.000009s ]
INFO: [ app_init ] --END-- [ RunTime:0.000333s ]
INFO: [ app_begin ] --START--
INFO: Run Behavior\ReadHtmlCacheBehavior [ RunTime:0.000430s ]
INFO: [ app_begin ] --END-- [ RunTime:0.000472s ]
NOTIC: [8] A session had already been started - ignoring session_start() C:\phpstudy\WWW\ThinkPHP\Common\functions.php 第 1263 行.
SQL: SHOW COLUMNS FROM `comment` [ RunTime:0.0034s ]
SQL: SELECT COUNT(*) AS tp_count FROM `comment` WHERE `touserid` = 1 AND `status` = 0 LIMIT 1   [ RunTime:0.0002s ]
SQL: SHOW COLUMNS FROM `product` [ RunTime:0.0033s ]
SQL: SELECT * FROM `product` ORDER BY createtime desc LIMIT 4   [ RunTime:0.0003s ]
SQL: SHOW COLUMNS FROM `category` [ RunTime:0.0030s ]
SQL: SELECT * FROM `category`  [ RunTime:0.0002s ]
SQL: SELECT * FROM `product` WHERE ( category = 1 ) ORDER BY createtime desc LIMIT 7   [ RunTime:0.0003s ]
SQL: SELECT * FROM `product` WHERE ( category = 2 ) ORDER BY createtime desc LIMIT 7   [ RunTime:0.0002s ]
SQL: SELECT * FROM `product` WHERE ( category = 3 ) ORDER BY createtime desc LIMIT 7   [ RunTime:0.0002s ]
SQL: SELECT * FROM `product` WHERE ( category = 4 ) ORDER BY createtime desc LIMIT 7   [ RunTime:0.0002s ]
SQL: SELECT * FROM `product` WHERE ( category = 5 ) ORDER BY createtime desc LIMIT 7   [ RunTime:0.0002s ]
INFO: [ view_parse ] --START--
INFO: [ template_filter ] --START--
INFO: Run Behavior\ContentReplaceBehavior [ RunTime:0.000106s ]
INFO: [ template_filter ] --END-- [ RunTime:0.000138s ]
NOTIC: [8] Undefined variable: v C:\phpstudy\WWW\Runtime\Cache\Home\8dc81083d09155de6c0a73ab5081e7a0.php 第 180 行.
NOTIC: [8] Use of undefined constant title - assumed 'title' C:\phpstudy\WWW\Runtime\Cache\Home\8dc81083d09155de6c0a73ab5081e7a0.php 第 181 行.
NOTIC: [8] Undefined variable: v C:\phpstudy\WWW\Runtime\Cache\Home\8dc81083d09155de6c0a73ab5081e7a0.php 第 181 行.
NOTIC: [8] Use of undefined constant style - assumed 'style' C:\phpstudy\WWW\Runtime\Cache\Home\8dc81083d09155de6c0a73ab5081e7a0.php 第 181 行.
NOTIC: [8] Undefined variable: v C:\phpstudy\WWW\Runtime\Cache\Home\8dc81083d09155de6c0a73ab5081e7a0.php 第 181 行.
NOTIC: [8] Use of undefined constant goods_id - assumed 'goods_id' C:\phpstudy\WWW\Runtime\Cache\Home\8dc81083d09155de6c0a73ab5081e7a0.php 第 254 行.
NOTIC: [8] Undefined variable: v C:\phpstudy\WWW\Runtime\Cache\Home\8dc81083d09155de6c0a73ab5081e7a0.php 第 254 行.
NOTIC: [8] Use of undefined constant goods_id - assumed 'goods_id' C:\phpstudy\WWW\Runtime\Cache\Home\8dc81083d09155de6c0a73ab5081e7a0.php 第 270 行.
NOTIC: [8] Undefined variable: v C:\phpstudy\WWW\Runtime\Cache\Home\8dc81083d09155de6c0a73ab5081e7a0.php 第 270 行.
NOTIC: [8] Use of undefined constant goods_id - assumed 'goods_id' C:\phpstudy\WWW\Runtime\Cache\Home\8dc81083d09155de6c0a73ab5081e7a0.php 第 286 行.
NOTIC: [8] Undefined variable: v C:\phpstudy\WWW\Runtime\Cache\Home\8dc81083d09155de6c0a73ab5081e7a0.php 第 286 行.
NOTIC: [8] Use of undefined constant goods_id - assumed 'goods_id' C:\phpstudy\WWW\Runtime\Cache\Home\8dc81083d09155de6c0a73ab5081e7a0.php 第 302 行.
NOTIC: [8] Undefined variable: v C:\phpstudy\WWW\Runtime\Cache\Home\8dc81083d09155de6c0a73ab5081e7a0.php 第 302 行.
NOTIC: [8] Use of undefined constant goods_id - assumed 'goods_id' C:\phpstudy\WWW\Runtime\Cache\Home\8dc81083d09155de6c0a73ab5081e7a0.php 第 318 行.
NOTIC: [8] Undefined variable: v C:\phpstudy\WWW\Runtime\Cache\Home\8dc81083d09155de6c0a73ab5081e7a0.php 第 318 行.
NOTIC: [8] Use of undefined constant goods_id - assumed 'goods_id' C:\phpstudy\WWW\Runtime\Cache\Home\8dc81083d09155de6c0a73ab5081e7a0.php 第 254 行.
NOTIC: [8] Undefined variable: v C:\phpstudy\WWW\Runtime\Cache\Home\8dc81083d09155de6c0a73ab5081e7a0.php 第 254 行.
NOTIC: [8] Use of undefined constant goods_id - assumed 'goods_id' C:\phpstudy\WWW\Runtime\Cache\Home\8dc81083d09155de6c0a73ab5081e7a0.php 第 270 行.
NOTIC: [8] Undefined variable: v C:\phpstudy\WWW\Runtime\Cache\Home\8dc81083d09155de6c0a73ab5081e7a0.php 第 270 行.
NOTIC: [8] Use of undefined constant goods_id - assumed 'goods_id' C:\phpstudy\WWW\Runtime\Cache\Home\8dc81083d09155de6c0a73ab5081e7a0.php 第 286 行.
NOTIC: [8] Undefined variable: v C:\phpstudy\WWW\Runtime\Cache\Home\8dc81083d09155de6c0a73ab5081e7a0.php 第 286 行.
NOTIC: [8] Use of undefined constant goods_id - assumed 'goods_id' C:\phpstudy\WWW\Runtime\Cache\Home\8dc81083d09155de6c0a73ab5081e7a0.php 第 302 行.
NOTIC: [8] Undefined variable: v C:\phpstudy\WWW\Runtime\Cache\Home\8dc81083d09155de6c0a73ab5081e7a0.php 第 302 行.
NOTIC: [8] Use of undefined constant goods_id - assumed 'goods_id' C:\phpstudy\WWW\Runtime\Cache\Home\8dc81083d09155de6c0a73ab5081e7a0.php 第 318 行.
NOTIC: [8] Undefined variable: v C:\phpstudy\WWW\Runtime\Cache\Home\8dc81083d09155de6c0a73ab5081e7a0.php 第 318 行.
NOTIC: [8] Use of undefined constant goods_id - assumed 'goods_id' C:\phpstudy\WWW\Runtime\Cache\Home\8dc81083d09155de6c0a73ab5081e7a0.php 第 254 行.
NOTIC: [8] Undefined variable: v C:\phpstudy\WWW\Runtime\Cache\Home\8dc81083d09155de6c0a73ab5081e7a0.php 第 254 行.
NOTIC: [8] Use of undefined constant goods_id - assumed 'goods_id' C:\phpstudy\WWW\Runtime\Cache\Home\8dc81083d09155de6c0a73ab5081e7a0.php 第 270 行.
NOTIC: [8] Undefined variable: v C:\phpstudy\WWW\Runtime\Cache\Home\8dc81083d09155de6c0a73ab5081e7a0.php 第 270 行.
NOTIC: [8] Use of undefined constant goods_id - assumed 'goods_id' C:\phpstudy\WWW\Runtime\Cache\Home\8dc81083d09155de6c0a73ab5081e7a0.php 第 286 行.
NOTIC: [8] Undefined variable: v C:\phpstudy\WWW\Runtime\Cache\Home\8dc81083d09155de6c0a73ab5081e7a0.php 第 286 行.
NOTIC: [8] Use of undefined constant goods_id - assumed 'goods_id' C:\phpstudy\WWW\Runtime\Cache\Home\8dc81083d09155de6c0a73ab5081e7a0.php 第 302 行.
NOTIC: [8] Undefined variable: v C:\phpstudy\WWW\Runtime\Cache\Home\8dc81083d09155de6c0a73ab5081e7a0.php 第 302 行.
NOTIC: [8] Use of undefined constant goods_id - assumed 'goods_id' C:\phpstudy\WWW\Runtime\Cache\Home\8dc81083d09155de6c0a73ab5081e7a0.php 第 318 行.
NOTIC: [8] Undefined variable: v C:\phpstudy\WWW\Runtime\Cache\Home\8dc81083d09155de6c0a73ab5081e7a0.php 第 318 行.
NOTIC: [8] Use of undefined constant goods_id - assumed 'goods_id' C:\phpstudy\WWW\Runtime\Cache\Home\8dc81083d09155de6c0a73ab5081e7a0.php 第 254 行.
NOTIC: [8] Undefined variable: v C:\phpstudy\WWW\Runtime\Cache\Home\8dc81083d09155de6c0a73ab5081e7a0.php 第 254 行.
NOTIC: [8] Use of undefined constant goods_id - assumed 'goods_id' C:\phpstudy\WWW\Runtime\Cache\Home\8dc81083d09155de6c0a73ab5081e7a0.php 第 270 行.
NOTIC: [8] Undefined variable: v C:\phpstudy\WWW\Runtime\Cache\Home\8dc81083d09155de6c0a73ab5081e7a0.php 第 270 行.
NOTIC: [8] Use of undefined constant goods_id - assumed 'goods_id' C:\phpstudy\WWW\Runtime\Cache\Home\8dc81083d09155de6c0a73ab5081e7a0.php 第 286 行.
NOTIC: [8] Undefined variable: v C:\phpstudy\WWW\Runtime\Cache\Home\8dc81083d09155de6c0a73ab5081e7a0.php 第 286 行.
NOTIC: [8] Use of undefined constant goods_id - assumed 'goods_id' C:\phpstudy\WWW\Runtime\Cache\Home\8dc81083d09155de6c0a73ab5081e7a0.php 第 302 行.
NOTIC: [8] Undefined variable: v C:\phpstudy\WWW\Runtime\Cache\Home\8dc81083d09155de6c0a73ab5081e7a0.php 第 302 行.
NOTIC: [8] Use of undefined constant goods_id - assumed 'goods_id' C:\phpstudy\WWW\Runtime\Cache\Home\8dc81083d09155de6c0a73ab5081e7a0.php 第 318 行.
NOTIC: [8] Undefined variable: v C:\phpstudy\WWW\Runtime\Cache\Home\8dc81083d09155de6c0a73ab5081e7a0.php 第 318 行.
NOTIC: [8] Use of undefined constant goods_id - assumed 'goods_id' C:\phpstudy\WWW\Runtime\Cache\Home\8dc81083d09155de6c0a73ab5081e7a0.php 第 254 行.
NOTIC: [8] Undefined variable: v C:\phpstudy\WWW\Runtime\Cache\Home\8dc81083d09155de6c0a73ab5081e7a0.php 第 254 行.
NOTIC: [8] Use of undefined constant goods_id - assumed 'goods_id' C:\phpstudy\WWW\Runtime\Cache\Home\8dc81083d09155de6c0a73ab5081e7a0.php 第 270 行.
NOTIC: [8] Undefined variable: v C:\phpstudy\WWW\Runtime\Cache\Home\8dc81083d09155de6c0a73ab5081e7a0.php 第 270 行.
NOTIC: [8] Use of undefined constant goods_id - assumed 'goods_id' C:\phpstudy\WWW\Runtime\Cache\Home\8dc81083d09155de6c0a73ab5081e7a0.php 第 286 行.
NOTIC: [8] Undefined variable: v C:\phpstudy\WWW\Runtime\Cache\Home\8dc81083d09155de6c0a73ab5081e7a0.php 第 286 行.
NOTIC: [8] Use of undefined constant goods_id - assumed 'goods_id' C:\phpstudy\WWW\Runtime\Cache\Home\8dc81083d09155de6c0a73ab5081e7a0.php 第 302 行.
NOTIC: [8] Undefined variable: v C:\phpstudy\WWW\Runtime\Cache\Home\8dc81083d09155de6c0a73ab5081e7a0.php 第 302 行.
NOTIC: [8] Use of undefined constant goods_id - assumed 'goods_id' C:\phpstudy\WWW\Runtime\Cache\Home\8dc81083d09155de6c0a73ab5081e7a0.php 第 318 行.
NOTIC: [8] Undefined variable: v C:\phpstudy\WWW\Runtime\Cache\Home\8dc81083d09155de6c0a73ab5081e7a0.php 第 318 行.
NOTIC: [8] Undefined variable: v C:\phpstudy\WWW\Runtime\Cache\Home\8dc81083d09155de6c0a73ab5081e7a0.php 第 340 行.
NOTIC: [8] Use of undefined constant title - assumed 'title' C:\phpstudy\WWW\Runtime\Cache\Home\8dc81083d09155de6c0a73ab5081e7a0.php 第 341 行.
NOTIC: [8] Undefined variable: v C:\phpstudy\WWW\Runtime\Cache\Home\8dc81083d09155de6c0a73ab5081e7a0.php 第 341 行.
NOTIC: [8] Use of undefined constant style - assumed 'style' C:\phpstudy\WWW\Runtime\Cache\Home\8dc81083d09155de6c0a73ab5081e7a0.php 第 341 行.
NOTIC: [8] Undefined variable: v C:\phpstudy\WWW\Runtime\Cache\Home\8dc81083d09155de6c0a73ab5081e7a0.php 第 341 行.
NOTIC: [8] Use of undefined constant article_id - assumed 'article_id' C:\phpstudy\WWW\Runtime\Cache\Home\8dc81083d09155de6c0a73ab5081e7a0.php 第 370 行.
NOTIC: [8] Undefined variable: v2 C:\phpstudy\WWW\Runtime\Cache\Home\8dc81083d09155de6c0a73ab5081e7a0.php 第 370 行.
NOTIC: [8] Use of undefined constant article_id - assumed 'article_id' C:\phpstudy\WWW\Runtime\Cache\Home\8dc81083d09155de6c0a73ab5081e7a0.php 第 373 行.
NOTIC: [8] Undefined variable: v2 C:\phpstudy\WWW\Runtime\Cache\Home\8dc81083d09155de6c0a73ab5081e7a0.php 第 373 行.
NOTIC: [8] Use of undefined constant article_id - assumed 'article_id' C:\phpstudy\WWW\Runtime\Cache\Home\8dc81083d09155de6c0a73ab5081e7a0.php 第 376 行.
NOTIC: [8] Undefined variable: v2 C:\phpstudy\WWW\Runtime\Cache\Home\8dc81083d09155de6c0a73ab5081e7a0.php 第 376 行.
NOTIC: [8] Use of undefined constant article_id - assumed 'article_id' C:\phpstudy\WWW\Runtime\Cache\Home\8dc81083d09155de6c0a73ab5081e7a0.php 第 388 行.
NOTIC: [8] Undefined variable: v2 C:\phpstudy\WWW\Runtime\Cache\Home\8dc81083d09155de6c0a73ab5081e7a0.php 第 388 行.
NOTIC: [8] Use of undefined constant article_id - assumed 'article_id' C:\phpstudy\WWW\Runtime\Cache\Home\8dc81083d09155de6c0a73ab5081e7a0.php 第 391 行.
NOTIC: [8] Undefined variable: v2 C:\phpstudy\WWW\Runtime\Cache\Home\8dc81083d09155de6c0a73ab5081e7a0.php 第 391 行.
NOTIC: [8] Use of undefined constant article_id - assumed 'article_id' C:\phpstudy\WWW\Runtime\Cache\Home\8dc81083d09155de6c0a73ab5081e7a0.php 第 394 行.
NOTIC: [8] Undefined variable: v2 C:\phpstudy\WWW\Runtime\Cache\Home\8dc81083d09155de6c0a73ab5081e7a0.php 第 394 行.
NOTIC: [8] Use of undefined constant article_id - assumed 'article_id' C:\phpstudy\WWW\Runtime\Cache\Home\8dc81083d09155de6c0a73ab5081e7a0.php 第 406 行.
NOTIC: [8] Undefined variable: v2 C:\phpstudy\WWW\Runtime\Cache\Home\8dc81083d09155de6c0a73ab5081e7a0.php 第 406 行.
NOTIC: [8] Use of undefined constant article_id - assumed 'article_id' C:\phpstudy\WWW\Runtime\Cache\Home\8dc81083d09155de6c0a73ab5081e7a0.php 第 409 行.
NOTIC: [8] Undefined variable: v2 C:\phpstudy\WWW\Runtime\Cache\Home\8dc81083d09155de6c0a73ab5081e7a0.php 第 409 行.
NOTIC: [8] Use of undefined constant article_id - assumed 'article_id' C:\phpstudy\WWW\Runtime\Cache\Home\8dc81083d09155de6c0a73ab5081e7a0.php 第 412 行.
NOTIC: [8] Undefined variable: v2 C:\phpstudy\WWW\Runtime\Cache\Home\8dc81083d09155de6c0a73ab5081e7a0.php 第 412 行.
NOTIC: [8] Use of undefined constant article_id - assumed 'article_id' C:\phpstudy\WWW\Runtime\Cache\Home\8dc81083d09155de6c0a73ab5081e7a0.php 第 424 行.
NOTIC: [8] Undefined variable: v2 C:\phpstudy\WWW\Runtime\Cache\Home\8dc81083d09155de6c0a73ab5081e7a0.php 第 424 行.
NOTIC: [8] Use of undefined constant article_id - assumed 'article_id' C:\phpstudy\WWW\Runtime\Cache\Home\8dc81083d09155de6c0a73ab5081e7a0.php 第 427 行.
NOTIC: [8] Undefined variable: v2 C:\phpstudy\WWW\Runtime\Cache\Home\8dc81083d09155de6c0a73ab5081e7a0.php 第 427 行.
NOTIC: [8] Use of undefined constant article_id - assumed 'article_id' C:\phpstudy\WWW\Runtime\Cache\Home\8dc81083d09155de6c0a73ab5081e7a0.php 第 430 行.
NOTIC: [8] Undefined variable: v2 C:\phpstudy\WWW\Runtime\Cache\Home\8dc81083d09155de6c0a73ab5081e7a0.php 第 430 行.
INFO: Run Behavior\ParseTemplateBehavior [ RunTime:0.014144s ]
INFO: [ view_parse ] --END-- [ RunTime:0.014170s ]
INFO: [ view_filter ] --START--
INFO: Run Behavior\WriteHtmlCacheBehavior [ RunTime:0.000338s ]
INFO: [ view_filter ] --END-- [ RunTime:0.000361s ]
INFO: [ app_end ] --START--
INFO: Run Behavior\ShowPageTraceBehavior [ RunTime:0.000466s ]
INFO: [ app_end ] --END-- [ RunTime:0.000497s ]

[ 2017-04-30T10:15:21+08:00 ] 127.0.0.1 /Home/User/center
INFO: [ app_init ] --START--
INFO: Run Behavior\BuildLiteBehavior [ RunTime:0.000010s ]
INFO: [ app_init ] --END-- [ RunTime:0.000374s ]
INFO: [ app_begin ] --START--
INFO: Run Behavior\ReadHtmlCacheBehavior [ RunTime:0.000522s ]
INFO: [ app_begin ] --END-- [ RunTime:0.000557s ]
NOTIC: [8] A session had already been started - ignoring session_start() C:\phpstudy\WWW\ThinkPHP\Common\functions.php 第 1263 行.
SQL: SHOW COLUMNS FROM `comment` [ RunTime:0.0059s ]
SQL: SELECT COUNT(*) AS tp_count FROM `comment` WHERE `touserid` = 1 AND `status` = 0 LIMIT 1   [ RunTime:0.0002s ]
SQL: SHOW COLUMNS FROM `product` [ RunTime:0.0033s ]
SQL: SELECT *,(SELECT statusname FROM poststatus WHERE statusid=product.status) AS statusname FROM `product` WHERE `touserid` = 1  [ RunTime:0.0017s ]
INFO: [ view_parse ] --START--
INFO: [ template_filter ] --START--
INFO: Run Behavior\ContentReplaceBehavior [ RunTime:0.000068s ]
INFO: [ template_filter ] --END-- [ RunTime:0.000101s ]
NOTIC: [8] Undefined variable: category C:\phpstudy\WWW\Runtime\Cache\Home\8632ce06ed3765fa665b1f9458ee7663.php 第 75 行.
NOTIC: [8] Use of undefined constant url - assumed 'url' C:\phpstudy\WWW\Runtime\Cache\Home\8632ce06ed3765fa665b1f9458ee7663.php 第 106 行.
NOTIC: [8] Undefined variable: v C:\phpstudy\WWW\Runtime\Cache\Home\8632ce06ed3765fa665b1f9458ee7663.php 第 106 行.
NOTIC: [8] Use of undefined constant url - assumed 'url' C:\phpstudy\WWW\Runtime\Cache\Home\8632ce06ed3765fa665b1f9458ee7663.php 第 107 行.
NOTIC: [8] Undefined variable: v C:\phpstudy\WWW\Runtime\Cache\Home\8632ce06ed3765fa665b1f9458ee7663.php 第 107 行.
NOTIC: [8] Use of undefined constant url - assumed 'url' C:\phpstudy\WWW\Runtime\Cache\Home\8632ce06ed3765fa665b1f9458ee7663.php 第 108 行.
NOTIC: [8] Undefined variable: v C:\phpstudy\WWW\Runtime\Cache\Home\8632ce06ed3765fa665b1f9458ee7663.php 第 108 行.
NOTIC: [8] Use of undefined constant url - assumed 'url' C:\phpstudy\WWW\Runtime\Cache\Home\8632ce06ed3765fa665b1f9458ee7663.php 第 109 行.
NOTIC: [8] Undefined variable: v C:\phpstudy\WWW\Runtime\Cache\Home\8632ce06ed3765fa665b1f9458ee7663.php 第 109 行.
NOTIC: [8] Use of undefined constant url - assumed 'url' C:\phpstudy\WWW\Runtime\Cache\Home\8632ce06ed3765fa665b1f9458ee7663.php 第 110 行.
NOTIC: [8] Undefined variable: v C:\phpstudy\WWW\Runtime\Cache\Home\8632ce06ed3765fa665b1f9458ee7663.php 第 110 行.
NOTIC: [8] Use of undefined constant url - assumed 'url' C:\phpstudy\WWW\Runtime\Cache\Home\8632ce06ed3765fa665b1f9458ee7663.php 第 111 行.
NOTIC: [8] Undefined variable: v C:\phpstudy\WWW\Runtime\Cache\Home\8632ce06ed3765fa665b1f9458ee7663.php 第 111 行.
NOTIC: [8] Use of undefined constant url - assumed 'url' C:\phpstudy\WWW\Runtime\Cache\Home\8632ce06ed3765fa665b1f9458ee7663.php 第 112 行.
NOTIC: [8] Undefined variable: v C:\phpstudy\WWW\Runtime\Cache\Home\8632ce06ed3765fa665b1f9458ee7663.php 第 112 行.
NOTIC: [8] Undefined variable: user C:\phpstudy\WWW\Runtime\Cache\Home\8632ce06ed3765fa665b1f9458ee7663.php 第 164 行.
NOTIC: [8] Use of undefined constant article_id - assumed 'article_id' C:\phpstudy\WWW\Runtime\Cache\Home\8632ce06ed3765fa665b1f9458ee7663.php 第 247 行.
NOTIC: [8] Undefined variable: v2 C:\phpstudy\WWW\Runtime\Cache\Home\8632ce06ed3765fa665b1f9458ee7663.php 第 247 行.
NOTIC: [8] Use of undefined constant article_id - assumed 'article_id' C:\phpstudy\WWW\Runtime\Cache\Home\8632ce06ed3765fa665b1f9458ee7663.php 第 250 行.
NOTIC: [8] Undefined variable: v2 C:\phpstudy\WWW\Runtime\Cache\Home\8632ce06ed3765fa665b1f9458ee7663.php 第 250 行.
NOTIC: [8] Use of undefined constant article_id - assumed 'article_id' C:\phpstudy\WWW\Runtime\Cache\Home\8632ce06ed3765fa665b1f9458ee7663.php 第 253 行.
NOTIC: [8] Undefined variable: v2 C:\phpstudy\WWW\Runtime\Cache\Home\8632ce06ed3765fa665b1f9458ee7663.php 第 253 行.
NOTIC: [8] Use of undefined constant article_id - assumed 'article_id' C:\phpstudy\WWW\Runtime\Cache\Home\8632ce06ed3765fa665b1f9458ee7663.php 第 265 行.
NOTIC: [8] Undefined variable: v2 C:\phpstudy\WWW\Runtime\Cache\Home\8632ce06ed3765fa665b1f9458ee7663.php 第 265 行.
NOTIC: [8] Use of undefined constant article_id - assumed 'article_id' C:\phpstudy\WWW\Runtime\Cache\Home\8632ce06ed3765fa665b1f9458ee7663.php 第 268 行.
NOTIC: [8] Undefined variable: v2 C:\phpstudy\WWW\Runtime\Cache\Home\8632ce06ed3765fa665b1f9458ee7663.php 第 268 行.
NOTIC: [8] Use of undefined constant article_id - assumed 'article_id' C:\phpstudy\WWW\Runtime\Cache\Home\8632ce06ed3765fa665b1f9458ee7663.php 第 271 行.
NOTIC: [8] Undefined variable: v2 C:\phpstudy\WWW\Runtime\Cache\Home\8632ce06ed3765fa665b1f9458ee7663.php 第 271 行.
NOTIC: [8] Use of undefined constant article_id - assumed 'article_id' C:\phpstudy\WWW\Runtime\Cache\Home\8632ce06ed3765fa665b1f9458ee7663.php 第 283 行.
NOTIC: [8] Undefined variable: v2 C:\phpstudy\WWW\Runtime\Cache\Home\8632ce06ed3765fa665b1f9458ee7663.php 第 283 行.
NOTIC: [8] Use of undefined constant article_id - assumed 'article_id' C:\phpstudy\WWW\Runtime\Cache\Home\8632ce06ed3765fa665b1f9458ee7663.php 第 286 行.
NOTIC: [8] Undefined variable: v2 C:\phpstudy\WWW\Runtime\Cache\Home\8632ce06ed3765fa665b1f9458ee7663.php 第 286 行.
NOTIC: [8] Use of undefined constant article_id - assumed 'article_id' C:\phpstudy\WWW\Runtime\Cache\Home\8632ce06ed3765fa665b1f9458ee7663.php 第 289 行.
NOTIC: [8] Undefined variable: v2 C:\phpstudy\WWW\Runtime\Cache\Home\8632ce06ed3765fa665b1f9458ee7663.php 第 289 行.
NOTIC: [8] Use of undefined constant article_id - assumed 'article_id' C:\phpstudy\WWW\Runtime\Cache\Home\8632ce06ed3765fa665b1f9458ee7663.php 第 301 行.
NOTIC: [8] Undefined variable: v2 C:\phpstudy\WWW\Runtime\Cache\Home\8632ce06ed3765fa665b1f9458ee7663.php 第 301 行.
NOTIC: [8] Use of undefined constant article_id - assumed 'article_id' C:\phpstudy\WWW\Runtime\Cache\Home\8632ce06ed3765fa665b1f9458ee7663.php 第 304 行.
NOTIC: [8] Undefined variable: v2 C:\phpstudy\WWW\Runtime\Cache\Home\8632ce06ed3765fa665b1f9458ee7663.php 第 304 行.
NOTIC: [8] Use of undefined constant article_id - assumed 'article_id' C:\phpstudy\WWW\Runtime\Cache\Home\8632ce06ed3765fa665b1f9458ee7663.php 第 307 行.
NOTIC: [8] Undefined variable: v2 C:\phpstudy\WWW\Runtime\Cache\Home\8632ce06ed3765fa665b1f9458ee7663.php 第 307 行.
INFO: Run Behavior\ParseTemplateBehavior [ RunTime:0.011380s ]
INFO: [ view_parse ] --END-- [ RunTime:0.011411s ]
INFO: [ view_filter ] --START--
INFO: Run Behavior\WriteHtmlCacheBehavior [ RunTime:0.000330s ]
INFO: [ view_filter ] --END-- [ RunTime:0.000354s ]
INFO: [ app_end ] --START--
INFO: Run Behavior\ShowPageTraceBehavior [ RunTime:0.000431s ]
INFO: [ app_end ] --END-- [ RunTime:0.000459s ]

[ 2017-04-30T10:15:25+08:00 ] 127.0.0.1 /Home/User/userinfo
INFO: [ app_init ] --START--
INFO: Run Behavior\BuildLiteBehavior [ RunTime:0.000009s ]
INFO: [ app_init ] --END-- [ RunTime:0.000415s ]
INFO: [ app_begin ] --START--
INFO: Run Behavior\ReadHtmlCacheBehavior [ RunTime:0.000468s ]
INFO: [ app_begin ] --END-- [ RunTime:0.000507s ]
NOTIC: [8] A session had already been started - ignoring session_start() C:\phpstudy\WWW\ThinkPHP\Common\functions.php 第 1263 行.
SQL: SHOW COLUMNS FROM `comment` [ RunTime:0.0055s ]
SQL: SELECT COUNT(*) AS tp_count FROM `comment` WHERE `touserid` = 1 AND `status` = 0 LIMIT 1   [ RunTime:0.0003s ]
SQL: SHOW COLUMNS FROM `userinfo` [ RunTime:0.0052s ]
SQL: SELECT * FROM `userinfo` WHERE `userid` = 1 LIMIT 1   [ RunTime:0.0002s ]
INFO: [ view_parse ] --START--
INFO: [ template_filter ] --START--
INFO: Run Behavior\ContentReplaceBehavior [ RunTime:0.000054s ]
INFO: [ template_filter ] --END-- [ RunTime:0.000081s ]
NOTIC: [8] Undefined variable: category C:\phpstudy\WWW\Runtime\Cache\Home\49fefb07fe1a311c8c9ed246844e63f9.php 第 74 行.
NOTIC: [8] Use of undefined constant url - assumed 'url' C:\phpstudy\WWW\Runtime\Cache\Home\49fefb07fe1a311c8c9ed246844e63f9.php 第 105 行.
NOTIC: [8] Undefined variable: v C:\phpstudy\WWW\Runtime\Cache\Home\49fefb07fe1a311c8c9ed246844e63f9.php 第 105 行.
NOTIC: [8] Use of undefined constant url - assumed 'url' C:\phpstudy\WWW\Runtime\Cache\Home\49fefb07fe1a311c8c9ed246844e63f9.php 第 106 行.
NOTIC: [8] Undefined variable: v C:\phpstudy\WWW\Runtime\Cache\Home\49fefb07fe1a311c8c9ed246844e63f9.php 第 106 行.
NOTIC: [8] Use of undefined constant url - assumed 'url' C:\phpstudy\WWW\Runtime\Cache\Home\49fefb07fe1a311c8c9ed246844e63f9.php 第 107 行.
NOTIC: [8] Undefined variable: v C:\phpstudy\WWW\Runtime\Cache\Home\49fefb07fe1a311c8c9ed246844e63f9.php 第 107 行.
NOTIC: [8] Use of undefined constant url - assumed 'url' C:\phpstudy\WWW\Runtime\Cache\Home\49fefb07fe1a311c8c9ed246844e63f9.php 第 108 行.
NOTIC: [8] Undefined variable: v C:\phpstudy\WWW\Runtime\Cache\Home\49fefb07fe1a311c8c9ed246844e63f9.php 第 108 行.
NOTIC: [8] Use of undefined constant url - assumed 'url' C:\phpstudy\WWW\Runtime\Cache\Home\49fefb07fe1a311c8c9ed246844e63f9.php 第 109 行.
NOTIC: [8] Undefined variable: v C:\phpstudy\WWW\Runtime\Cache\Home\49fefb07fe1a311c8c9ed246844e63f9.php 第 109 行.
NOTIC: [8] Use of undefined constant url - assumed 'url' C:\phpstudy\WWW\Runtime\Cache\Home\49fefb07fe1a311c8c9ed246844e63f9.php 第 110 行.
NOTIC: [8] Undefined variable: v C:\phpstudy\WWW\Runtime\Cache\Home\49fefb07fe1a311c8c9ed246844e63f9.php 第 110 行.
NOTIC: [8] Use of undefined constant url - assumed 'url' C:\phpstudy\WWW\Runtime\Cache\Home\49fefb07fe1a311c8c9ed246844e63f9.php 第 111 行.
NOTIC: [8] Undefined variable: v C:\phpstudy\WWW\Runtime\Cache\Home\49fefb07fe1a311c8c9ed246844e63f9.php 第 111 行.
NOTIC: [8] Use of undefined constant article_id - assumed 'article_id' C:\phpstudy\WWW\Runtime\Cache\Home\49fefb07fe1a311c8c9ed246844e63f9.php 第 211 行.
NOTIC: [8] Undefined variable: v2 C:\phpstudy\WWW\Runtime\Cache\Home\49fefb07fe1a311c8c9ed246844e63f9.php 第 211 行.
NOTIC: [8] Use of undefined constant article_id - assumed 'article_id' C:\phpstudy\WWW\Runtime\Cache\Home\49fefb07fe1a311c8c9ed246844e63f9.php 第 214 行.
NOTIC: [8] Undefined variable: v2 C:\phpstudy\WWW\Runtime\Cache\Home\49fefb07fe1a311c8c9ed246844e63f9.php 第 214 行.
NOTIC: [8] Use of undefined constant article_id - assumed 'article_id' C:\phpstudy\WWW\Runtime\Cache\Home\49fefb07fe1a311c8c9ed246844e63f9.php 第 217 行.
NOTIC: [8] Undefined variable: v2 C:\phpstudy\WWW\Runtime\Cache\Home\49fefb07fe1a311c8c9ed246844e63f9.php 第 217 行.
NOTIC: [8] Use of undefined constant article_id - assumed 'article_id' C:\phpstudy\WWW\Runtime\Cache\Home\49fefb07fe1a311c8c9ed246844e63f9.php 第 229 行.
NOTIC: [8] Undefined variable: v2 C:\phpstudy\WWW\Runtime\Cache\Home\49fefb07fe1a311c8c9ed246844e63f9.php 第 229 行.
NOTIC: [8] Use of undefined constant article_id - assumed 'article_id' C:\phpstudy\WWW\Runtime\Cache\Home\49fefb07fe1a311c8c9ed246844e63f9.php 第 232 行.
NOTIC: [8] Undefined variable: v2 C:\phpstudy\WWW\Runtime\Cache\Home\49fefb07fe1a311c8c9ed246844e63f9.php 第 232 行.
NOTIC: [8] Use of undefined constant article_id - assumed 'article_id' C:\phpstudy\WWW\Runtime\Cache\Home\49fefb07fe1a311c8c9ed246844e63f9.php 第 235 行.
NOTIC: [8] Undefined variable: v2 C:\phpstudy\WWW\Runtime\Cache\Home\49fefb07fe1a311c8c9ed246844e63f9.php 第 235 行.
NOTIC: [8] Use of undefined constant article_id - assumed 'article_id' C:\phpstudy\WWW\Runtime\Cache\Home\49fefb07fe1a311c8c9ed246844e63f9.php 第 247 行.
NOTIC: [8] Undefined variable: v2 C:\phpstudy\WWW\Runtime\Cache\Home\49fefb07fe1a311c8c9ed246844e63f9.php 第 247 行.
NOTIC: [8] Use of undefined constant article_id - assumed 'article_id' C:\phpstudy\WWW\Runtime\Cache\Home\49fefb07fe1a311c8c9ed246844e63f9.php 第 250 行.
NOTIC: [8] Undefined variable: v2 C:\phpstudy\WWW\Runtime\Cache\Home\49fefb07fe1a311c8c9ed246844e63f9.php 第 250 行.
NOTIC: [8] Use of undefined constant article_id - assumed 'article_id' C:\phpstudy\WWW\Runtime\Cache\Home\49fefb07fe1a311c8c9ed246844e63f9.php 第 253 行.
NOTIC: [8] Undefined variable: v2 C:\phpstudy\WWW\Runtime\Cache\Home\49fefb07fe1a311c8c9ed246844e63f9.php 第 253 行.
NOTIC: [8] Use of undefined constant article_id - assumed 'article_id' C:\phpstudy\WWW\Runtime\Cache\Home\49fefb07fe1a311c8c9ed246844e63f9.php 第 265 行.
NOTIC: [8] Undefined variable: v2 C:\phpstudy\WWW\Runtime\Cache\Home\49fefb07fe1a311c8c9ed246844e63f9.php 第 265 行.
NOTIC: [8] Use of undefined constant article_id - assumed 'article_id' C:\phpstudy\WWW\Runtime\Cache\Home\49fefb07fe1a311c8c9ed246844e63f9.php 第 268 行.
NOTIC: [8] Undefined variable: v2 C:\phpstudy\WWW\Runtime\Cache\Home\49fefb07fe1a311c8c9ed246844e63f9.php 第 268 行.
NOTIC: [8] Use of undefined constant article_id - assumed 'article_id' C:\phpstudy\WWW\Runtime\Cache\Home\49fefb07fe1a311c8c9ed246844e63f9.php 第 271 行.
NOTIC: [8] Undefined variable: v2 C:\phpstudy\WWW\Runtime\Cache\Home\49fefb07fe1a311c8c9ed246844e63f9.php 第 271 行.
INFO: Run Behavior\ParseTemplateBehavior [ RunTime:0.010569s ]
INFO: [ view_parse ] --END-- [ RunTime:0.010611s ]
INFO: [ view_filter ] --START--
INFO: Run Behavior\WriteHtmlCacheBehavior [ RunTime:0.000745s ]
INFO: [ view_filter ] --END-- [ RunTime:0.000778s ]
INFO: [ app_end ] --START--
INFO: Run Behavior\ShowPageTraceBehavior [ RunTime:0.000650s ]
INFO: [ app_end ] --END-- [ RunTime:0.000678s ]

[ 2017-04-30T10:15:29+08:00 ] 127.0.0.1 /Home/User/center
INFO: [ app_init ] --START--
INFO: Run Behavior\BuildLiteBehavior [ RunTime:0.000010s ]
INFO: [ app_init ] --END-- [ RunTime:0.000399s ]
INFO: [ app_begin ] --START--
INFO: Run Behavior\ReadHtmlCacheBehavior [ RunTime:0.000484s ]
INFO: [ app_begin ] --END-- [ RunTime:0.000517s ]
NOTIC: [8] A session had already been started - ignoring session_start() C:\phpstudy\WWW\ThinkPHP\Common\functions.php 第 1263 行.
SQL: SHOW COLUMNS FROM `comment` [ RunTime:0.0060s ]
SQL: SELECT COUNT(*) AS tp_count FROM `comment` WHERE `touserid` = 1 AND `status` = 0 LIMIT 1   [ RunTime:0.0002s ]
SQL: SHOW COLUMNS FROM `product` [ RunTime:0.0035s ]
SQL: SELECT *,(SELECT statusname FROM poststatus WHERE statusid=product.status) AS statusname FROM `product` WHERE `touserid` = 1  [ RunTime:0.0003s ]
INFO: [ view_parse ] --START--
INFO: [ template_filter ] --START--
INFO: Run Behavior\ContentReplaceBehavior [ RunTime:0.000071s ]
INFO: [ template_filter ] --END-- [ RunTime:0.000100s ]
NOTIC: [8] Undefined variable: category C:\phpstudy\WWW\Runtime\Cache\Home\8632ce06ed3765fa665b1f9458ee7663.php 第 75 行.
NOTIC: [8] Use of undefined constant url - assumed 'url' C:\phpstudy\WWW\Runtime\Cache\Home\8632ce06ed3765fa665b1f9458ee7663.php 第 106 行.
NOTIC: [8] Undefined variable: v C:\phpstudy\WWW\Runtime\Cache\Home\8632ce06ed3765fa665b1f9458ee7663.php 第 106 行.
NOTIC: [8] Use of undefined constant url - assumed 'url' C:\phpstudy\WWW\Runtime\Cache\Home\8632ce06ed3765fa665b1f9458ee7663.php 第 107 行.
NOTIC: [8] Undefined variable: v C:\phpstudy\WWW\Runtime\Cache\Home\8632ce06ed3765fa665b1f9458ee7663.php 第 107 行.
NOTIC: [8] Use of undefined constant url - assumed 'url' C:\phpstudy\WWW\Runtime\Cache\Home\8632ce06ed3765fa665b1f9458ee7663.php 第 108 行.
NOTIC: [8] Undefined variable: v C:\phpstudy\WWW\Runtime\Cache\Home\8632ce06ed3765fa665b1f9458ee7663.php 第 108 行.
NOTIC: [8] Use of undefined constant url - assumed 'url' C:\phpstudy\WWW\Runtime\Cache\Home\8632ce06ed3765fa665b1f9458ee7663.php 第 109 行.
NOTIC: [8] Undefined variable: v C:\phpstudy\WWW\Runtime\Cache\Home\8632ce06ed3765fa665b1f9458ee7663.php 第 109 行.
NOTIC: [8] Use of undefined constant url - assumed 'url' C:\phpstudy\WWW\Runtime\Cache\Home\8632ce06ed3765fa665b1f9458ee7663.php 第 110 行.
NOTIC: [8] Undefined variable: v C:\phpstudy\WWW\Runtime\Cache\Home\8632ce06ed3765fa665b1f9458ee7663.php 第 110 行.
NOTIC: [8] Use of undefined constant url - assumed 'url' C:\phpstudy\WWW\Runtime\Cache\Home\8632ce06ed3765fa665b1f9458ee7663.php 第 111 行.
NOTIC: [8] Undefined variable: v C:\phpstudy\WWW\Runtime\Cache\Home\8632ce06ed3765fa665b1f9458ee7663.php 第 111 行.
NOTIC: [8] Use of undefined constant url - assumed 'url' C:\phpstudy\WWW\Runtime\Cache\Home\8632ce06ed3765fa665b1f9458ee7663.php 第 112 行.
NOTIC: [8] Undefined variable: v C:\phpstudy\WWW\Runtime\Cache\Home\8632ce06ed3765fa665b1f9458ee7663.php 第 112 行.
NOTIC: [8] Undefined variable: user C:\phpstudy\WWW\Runtime\Cache\Home\8632ce06ed3765fa665b1f9458ee7663.php 第 164 行.
NOTIC: [8] Use of undefined constant article_id - assumed 'article_id' C:\phpstudy\WWW\Runtime\Cache\Home\8632ce06ed3765fa665b1f9458ee7663.php 第 247 行.
NOTIC: [8] Undefined variable: v2 C:\phpstudy\WWW\Runtime\Cache\Home\8632ce06ed3765fa665b1f9458ee7663.php 第 247 行.
NOTIC: [8] Use of undefined constant article_id - assumed 'article_id' C:\phpstudy\WWW\Runtime\Cache\Home\8632ce06ed3765fa665b1f9458ee7663.php 第 250 行.
NOTIC: [8] Undefined variable: v2 C:\phpstudy\WWW\Runtime\Cache\Home\8632ce06ed3765fa665b1f9458ee7663.php 第 250 行.
NOTIC: [8] Use of undefined constant article_id - assumed 'article_id' C:\phpstudy\WWW\Runtime\Cache\Home\8632ce06ed3765fa665b1f9458ee7663.php 第 253 行.
NOTIC: [8] Undefined variable: v2 C:\phpstudy\WWW\Runtime\Cache\Home\8632ce06ed3765fa665b1f9458ee7663.php 第 253 行.
NOTIC: [8] Use of undefined constant article_id - assumed 'article_id' C:\phpstudy\WWW\Runtime\Cache\Home\8632ce06ed3765fa665b1f9458ee7663.php 第 265 行.
NOTIC: [8] Undefined variable: v2 C:\phpstudy\WWW\Runtime\Cache\Home\8632ce06ed3765fa665b1f9458ee7663.php 第 265 行.
NOTIC: [8] Use of undefined constant article_id - assumed 'article_id' C:\phpstudy\WWW\Runtime\Cache\Home\8632ce06ed3765fa665b1f9458ee7663.php 第 268 行.
NOTIC: [8] Undefined variable: v2 C:\phpstudy\WWW\Runtime\Cache\Home\8632ce06ed3765fa665b1f9458ee7663.php 第 268 行.
NOTIC: [8] Use of undefined constant article_id - assumed 'article_id' C:\phpstudy\WWW\Runtime\Cache\Home\8632ce06ed3765fa665b1f9458ee7663.php 第 271 行.
NOTIC: [8] Undefined variable: v2 C:\phpstudy\WWW\Runtime\Cache\Home\8632ce06ed3765fa665b1f9458ee7663.php 第 271 行.
NOTIC: [8] Use of undefined constant article_id - assumed 'article_id' C:\phpstudy\WWW\Runtime\Cache\Home\8632ce06ed3765fa665b1f9458ee7663.php 第 283 行.
NOTIC: [8] Undefined variable: v2 C:\phpstudy\WWW\Runtime\Cache\Home\8632ce06ed3765fa665b1f9458ee7663.php 第 283 行.
NOTIC: [8] Use of undefined constant article_id - assumed 'article_id' C:\phpstudy\WWW\Runtime\Cache\Home\8632ce06ed3765fa665b1f9458ee7663.php 第 286 行.
NOTIC: [8] Undefined variable: v2 C:\phpstudy\WWW\Runtime\Cache\Home\8632ce06ed3765fa665b1f9458ee7663.php 第 286 行.
NOTIC: [8] Use of undefined constant article_id - assumed 'article_id' C:\phpstudy\WWW\Runtime\Cache\Home\8632ce06ed3765fa665b1f9458ee7663.php 第 289 行.
NOTIC: [8] Undefined variable: v2 C:\phpstudy\WWW\Runtime\Cache\Home\8632ce06ed3765fa665b1f9458ee7663.php 第 289 行.
NOTIC: [8] Use of undefined constant article_id - assumed 'article_id' C:\phpstudy\WWW\Runtime\Cache\Home\8632ce06ed3765fa665b1f9458ee7663.php 第 301 行.
NOTIC: [8] Undefined variable: v2 C:\phpstudy\WWW\Runtime\Cache\Home\8632ce06ed3765fa665b1f9458ee7663.php 第 301 行.
NOTIC: [8] Use of undefined constant article_id - assumed 'article_id' C:\phpstudy\WWW\Runtime\Cache\Home\8632ce06ed3765fa665b1f9458ee7663.php 第 304 行.
NOTIC: [8] Undefined variable: v2 C:\phpstudy\WWW\Runtime\Cache\Home\8632ce06ed3765fa665b1f9458ee7663.php 第 304 行.
NOTIC: [8] Use of undefined constant article_id - assumed 'article_id' C:\phpstudy\WWW\Runtime\Cache\Home\8632ce06ed3765fa665b1f9458ee7663.php 第 307 行.
NOTIC: [8] Undefined variable: v2 C:\phpstudy\WWW\Runtime\Cache\Home\8632ce06ed3765fa665b1f9458ee7663.php 第 307 行.
INFO: Run Behavior\ParseTemplateBehavior [ RunTime:0.009661s ]
INFO: [ view_parse ] --END-- [ RunTime:0.009691s ]
INFO: [ view_filter ] --START--
INFO: Run Behavior\WriteHtmlCacheBehavior [ RunTime:0.000275s ]
INFO: [ view_filter ] --END-- [ RunTime:0.000299s ]
INFO: [ app_end ] --START--
INFO: Run Behavior\ShowPageTraceBehavior [ RunTime:0.000426s ]
INFO: [ app_end ] --END-- [ RunTime:0.000454s ]

[ 2017-04-30T10:15:31+08:00 ] 127.0.0.1 /Home/User/sell
INFO: [ app_init ] --START--
INFO: Run Behavior\BuildLiteBehavior [ RunTime:0.000010s ]
INFO: [ app_init ] --END-- [ RunTime:0.000602s ]
INFO: [ app_begin ] --START--
INFO: Run Behavior\ReadHtmlCacheBehavior [ RunTime:0.000495s ]
INFO: [ app_begin ] --END-- [ RunTime:0.000529s ]
NOTIC: [8] A session had already been started - ignoring session_start() C:\phpstudy\WWW\ThinkPHP\Common\functions.php 第 1263 行.
SQL: SHOW COLUMNS FROM `comment` [ RunTime:0.0043s ]
SQL: SELECT COUNT(*) AS tp_count FROM `comment` WHERE `touserid` = 1 AND `status` = 0 LIMIT 1   [ RunTime:0.0002s ]
SQL: SHOW COLUMNS FROM `product` [ RunTime:0.0037s ]
SQL: SELECT *,(SELECT statusname FROM poststatus WHERE statusid=product.status) AS statusname FROM `product` WHERE `userid` = 1  [ RunTime:0.0008s ]
INFO: [ view_parse ] --START--
INFO: [ template_filter ] --START--
INFO: Run Behavior\ContentReplaceBehavior [ RunTime:0.000077s ]
INFO: [ template_filter ] --END-- [ RunTime:0.000111s ]
NOTIC: [8] Undefined variable: category C:\phpstudy\WWW\Runtime\Cache\Home\4c0dae7c6df9e4b9cdbfa9fb822810a2.php 第 75 行.
NOTIC: [8] Use of undefined constant url - assumed 'url' C:\phpstudy\WWW\Runtime\Cache\Home\4c0dae7c6df9e4b9cdbfa9fb822810a2.php 第 106 行.
NOTIC: [8] Undefined variable: v C:\phpstudy\WWW\Runtime\Cache\Home\4c0dae7c6df9e4b9cdbfa9fb822810a2.php 第 106 行.
NOTIC: [8] Use of undefined constant url - assumed 'url' C:\phpstudy\WWW\Runtime\Cache\Home\4c0dae7c6df9e4b9cdbfa9fb822810a2.php 第 107 行.
NOTIC: [8] Undefined variable: v C:\phpstudy\WWW\Runtime\Cache\Home\4c0dae7c6df9e4b9cdbfa9fb822810a2.php 第 107 行.
NOTIC: [8] Use of undefined constant url - assumed 'url' C:\phpstudy\WWW\Runtime\Cache\Home\4c0dae7c6df9e4b9cdbfa9fb822810a2.php 第 108 行.
NOTIC: [8] Undefined variable: v C:\phpstudy\WWW\Runtime\Cache\Home\4c0dae7c6df9e4b9cdbfa9fb822810a2.php 第 108 行.
NOTIC: [8] Use of undefined constant url - assumed 'url' C:\phpstudy\WWW\Runtime\Cache\Home\4c0dae7c6df9e4b9cdbfa9fb822810a2.php 第 109 行.
NOTIC: [8] Undefined variable: v C:\phpstudy\WWW\Runtime\Cache\Home\4c0dae7c6df9e4b9cdbfa9fb822810a2.php 第 109 行.
NOTIC: [8] Use of undefined constant url - assumed 'url' C:\phpstudy\WWW\Runtime\Cache\Home\4c0dae7c6df9e4b9cdbfa9fb822810a2.php 第 110 行.
NOTIC: [8] Undefined variable: v C:\phpstudy\WWW\Runtime\Cache\Home\4c0dae7c6df9e4b9cdbfa9fb822810a2.php 第 110 行.
NOTIC: [8] Use of undefined constant url - assumed 'url' C:\phpstudy\WWW\Runtime\Cache\Home\4c0dae7c6df9e4b9cdbfa9fb822810a2.php 第 111 行.
NOTIC: [8] Undefined variable: v C:\phpstudy\WWW\Runtime\Cache\Home\4c0dae7c6df9e4b9cdbfa9fb822810a2.php 第 111 行.
NOTIC: [8] Use of undefined constant url - assumed 'url' C:\phpstudy\WWW\Runtime\Cache\Home\4c0dae7c6df9e4b9cdbfa9fb822810a2.php 第 112 行.
NOTIC: [8] Undefined variable: v C:\phpstudy\WWW\Runtime\Cache\Home\4c0dae7c6df9e4b9cdbfa9fb822810a2.php 第 112 行.
NOTIC: [8] Undefined variable: user C:\phpstudy\WWW\Runtime\Cache\Home\4c0dae7c6df9e4b9cdbfa9fb822810a2.php 第 164 行.
NOTIC: [8] Use of undefined constant article_id - assumed 'article_id' C:\phpstudy\WWW\Runtime\Cache\Home\4c0dae7c6df9e4b9cdbfa9fb822810a2.php 第 255 行.
NOTIC: [8] Undefined variable: v2 C:\phpstudy\WWW\Runtime\Cache\Home\4c0dae7c6df9e4b9cdbfa9fb822810a2.php 第 255 行.
NOTIC: [8] Use of undefined constant article_id - assumed 'article_id' C:\phpstudy\WWW\Runtime\Cache\Home\4c0dae7c6df9e4b9cdbfa9fb822810a2.php 第 258 行.
NOTIC: [8] Undefined variable: v2 C:\phpstudy\WWW\Runtime\Cache\Home\4c0dae7c6df9e4b9cdbfa9fb822810a2.php 第 258 行.
NOTIC: [8] Use of undefined constant article_id - assumed 'article_id' C:\phpstudy\WWW\Runtime\Cache\Home\4c0dae7c6df9e4b9cdbfa9fb822810a2.php 第 261 行.
NOTIC: [8] Undefined variable: v2 C:\phpstudy\WWW\Runtime\Cache\Home\4c0dae7c6df9e4b9cdbfa9fb822810a2.php 第 261 行.
NOTIC: [8] Use of undefined constant article_id - assumed 'article_id' C:\phpstudy\WWW\Runtime\Cache\Home\4c0dae7c6df9e4b9cdbfa9fb822810a2.php 第 273 行.
NOTIC: [8] Undefined variable: v2 C:\phpstudy\WWW\Runtime\Cache\Home\4c0dae7c6df9e4b9cdbfa9fb822810a2.php 第 273 行.
NOTIC: [8] Use of undefined constant article_id - assumed 'article_id' C:\phpstudy\WWW\Runtime\Cache\Home\4c0dae7c6df9e4b9cdbfa9fb822810a2.php 第 276 行.
NOTIC: [8] Undefined variable: v2 C:\phpstudy\WWW\Runtime\Cache\Home\4c0dae7c6df9e4b9cdbfa9fb822810a2.php 第 276 行.
NOTIC: [8] Use of undefined constant article_id - assumed 'article_id' C:\phpstudy\WWW\Runtime\Cache\Home\4c0dae7c6df9e4b9cdbfa9fb822810a2.php 第 279 行.
NOTIC: [8] Undefined variable: v2 C:\phpstudy\WWW\Runtime\Cache\Home\4c0dae7c6df9e4b9cdbfa9fb822810a2.php 第 279 行.
NOTIC: [8] Use of undefined constant article_id - assumed 'article_id' C:\phpstudy\WWW\Runtime\Cache\Home\4c0dae7c6df9e4b9cdbfa9fb822810a2.php 第 291 行.
NOTIC: [8] Undefined variable: v2 C:\phpstudy\WWW\Runtime\Cache\Home\4c0dae7c6df9e4b9cdbfa9fb822810a2.php 第 291 行.
NOTIC: [8] Use of undefined constant article_id - assumed 'article_id' C:\phpstudy\WWW\Runtime\Cache\Home\4c0dae7c6df9e4b9cdbfa9fb822810a2.php 第 294 行.
NOTIC: [8] Undefined variable: v2 C:\phpstudy\WWW\Runtime\Cache\Home\4c0dae7c6df9e4b9cdbfa9fb822810a2.php 第 294 行.
NOTIC: [8] Use of undefined constant article_id - assumed 'article_id' C:\phpstudy\WWW\Runtime\Cache\Home\4c0dae7c6df9e4b9cdbfa9fb822810a2.php 第 297 行.
NOTIC: [8] Undefined variable: v2 C:\phpstudy\WWW\Runtime\Cache\Home\4c0dae7c6df9e4b9cdbfa9fb822810a2.php 第 297 行.
NOTIC: [8] Use of undefined constant article_id - assumed 'article_id' C:\phpstudy\WWW\Runtime\Cache\Home\4c0dae7c6df9e4b9cdbfa9fb822810a2.php 第 309 行.
NOTIC: [8] Undefined variable: v2 C:\phpstudy\WWW\Runtime\Cache\Home\4c0dae7c6df9e4b9cdbfa9fb822810a2.php 第 309 行.
NOTIC: [8] Use of undefined constant article_id - assumed 'article_id' C:\phpstudy\WWW\Runtime\Cache\Home\4c0dae7c6df9e4b9cdbfa9fb822810a2.php 第 312 行.
NOTIC: [8] Undefined variable: v2 C:\phpstudy\WWW\Runtime\Cache\Home\4c0dae7c6df9e4b9cdbfa9fb822810a2.php 第 312 行.
NOTIC: [8] Use of undefined constant article_id - assumed 'article_id' C:\phpstudy\WWW\Runtime\Cache\Home\4c0dae7c6df9e4b9cdbfa9fb822810a2.php 第 315 行.
NOTIC: [8] Undefined variable: v2 C:\phpstudy\WWW\Runtime\Cache\Home\4c0dae7c6df9e4b9cdbfa9fb822810a2.php 第 315 行.
INFO: Run Behavior\ParseTemplateBehavior [ RunTime:0.010349s ]
INFO: [ view_parse ] --END-- [ RunTime:0.010377s ]
INFO: [ view_filter ] --START--
INFO: Run Behavior\WriteHtmlCacheBehavior [ RunTime:0.000350s ]
INFO: [ view_filter ] --END-- [ RunTime:0.000374s ]
INFO: [ app_end ] --START--
INFO: Run Behavior\ShowPageTraceBehavior [ RunTime:0.000517s ]
INFO: [ app_end ] --END-- [ RunTime:0.000550s ]

[ 2017-04-30T10:15:32+08:00 ] 127.0.0.1 /Home/User/center
INFO: [ app_init ] --START--
INFO: Run Behavior\BuildLiteBehavior [ RunTime:0.000009s ]
INFO: [ app_init ] --END-- [ RunTime:0.000347s ]
INFO: [ app_begin ] --START--
INFO: Run Behavior\ReadHtmlCacheBehavior [ RunTime:0.000431s ]
INFO: [ app_begin ] --END-- [ RunTime:0.000467s ]
NOTIC: [8] A session had already been started - ignoring session_start() C:\phpstudy\WWW\ThinkPHP\Common\functions.php 第 1263 行.
SQL: SHOW COLUMNS FROM `comment` [ RunTime:0.0057s ]
SQL: SELECT COUNT(*) AS tp_count FROM `comment` WHERE `touserid` = 1 AND `status` = 0 LIMIT 1   [ RunTime:0.0002s ]
SQL: SHOW COLUMNS FROM `product` [ RunTime:0.0035s ]
SQL: SELECT *,(SELECT statusname FROM poststatus WHERE statusid=product.status) AS statusname FROM `product` WHERE `touserid` = 1  [ RunTime:0.0003s ]
INFO: [ view_parse ] --START--
INFO: [ template_filter ] --START--
INFO: Run Behavior\ContentReplaceBehavior [ RunTime:0.000121s ]
INFO: [ template_filter ] --END-- [ RunTime:0.000168s ]
NOTIC: [8] Undefined variable: category C:\phpstudy\WWW\Runtime\Cache\Home\8632ce06ed3765fa665b1f9458ee7663.php 第 75 行.
NOTIC: [8] Use of undefined constant url - assumed 'url' C:\phpstudy\WWW\Runtime\Cache\Home\8632ce06ed3765fa665b1f9458ee7663.php 第 106 行.
NOTIC: [8] Undefined variable: v C:\phpstudy\WWW\Runtime\Cache\Home\8632ce06ed3765fa665b1f9458ee7663.php 第 106 行.
NOTIC: [8] Use of undefined constant url - assumed 'url' C:\phpstudy\WWW\Runtime\Cache\Home\8632ce06ed3765fa665b1f9458ee7663.php 第 107 行.
NOTIC: [8] Undefined variable: v C:\phpstudy\WWW\Runtime\Cache\Home\8632ce06ed3765fa665b1f9458ee7663.php 第 107 行.
NOTIC: [8] Use of undefined constant url - assumed 'url' C:\phpstudy\WWW\Runtime\Cache\Home\8632ce06ed3765fa665b1f9458ee7663.php 第 108 行.
NOTIC: [8] Undefined variable: v C:\phpstudy\WWW\Runtime\Cache\Home\8632ce06ed3765fa665b1f9458ee7663.php 第 108 行.
NOTIC: [8] Use of undefined constant url - assumed 'url' C:\phpstudy\WWW\Runtime\Cache\Home\8632ce06ed3765fa665b1f9458ee7663.php 第 109 行.
NOTIC: [8] Undefined variable: v C:\phpstudy\WWW\Runtime\Cache\Home\8632ce06ed3765fa665b1f9458ee7663.php 第 109 行.
NOTIC: [8] Use of undefined constant url - assumed 'url' C:\phpstudy\WWW\Runtime\Cache\Home\8632ce06ed3765fa665b1f9458ee7663.php 第 110 行.
NOTIC: [8] Undefined variable: v C:\phpstudy\WWW\Runtime\Cache\Home\8632ce06ed3765fa665b1f9458ee7663.php 第 110 行.
NOTIC: [8] Use of undefined constant url - assumed 'url' C:\phpstudy\WWW\Runtime\Cache\Home\8632ce06ed3765fa665b1f9458ee7663.php 第 111 行.
NOTIC: [8] Undefined variable: v C:\phpstudy\WWW\Runtime\Cache\Home\8632ce06ed3765fa665b1f9458ee7663.php 第 111 行.
NOTIC: [8] Use of undefined constant url - assumed 'url' C:\phpstudy\WWW\Runtime\Cache\Home\8632ce06ed3765fa665b1f9458ee7663.php 第 112 行.
NOTIC: [8] Undefined variable: v C:\phpstudy\WWW\Runtime\Cache\Home\8632ce06ed3765fa665b1f9458ee7663.php 第 112 行.
NOTIC: [8] Undefined variable: user C:\phpstudy\WWW\Runtime\Cache\Home\8632ce06ed3765fa665b1f9458ee7663.php 第 164 行.
NOTIC: [8] Use of undefined constant article_id - assumed 'article_id' C:\phpstudy\WWW\Runtime\Cache\Home\8632ce06ed3765fa665b1f9458ee7663.php 第 247 行.
NOTIC: [8] Undefined variable: v2 C:\phpstudy\WWW\Runtime\Cache\Home\8632ce06ed3765fa665b1f9458ee7663.php 第 247 行.
NOTIC: [8] Use of undefined constant article_id - assumed 'article_id' C:\phpstudy\WWW\Runtime\Cache\Home\8632ce06ed3765fa665b1f9458ee7663.php 第 250 行.
NOTIC: [8] Undefined variable: v2 C:\phpstudy\WWW\Runtime\Cache\Home\8632ce06ed3765fa665b1f9458ee7663.php 第 250 行.
NOTIC: [8] Use of undefined constant article_id - assumed 'article_id' C:\phpstudy\WWW\Runtime\Cache\Home\8632ce06ed3765fa665b1f9458ee7663.php 第 253 行.
NOTIC: [8] Undefined variable: v2 C:\phpstudy\WWW\Runtime\Cache\Home\8632ce06ed3765fa665b1f9458ee7663.php 第 253 行.
NOTIC: [8] Use of undefined constant article_id - assumed 'article_id' C:\phpstudy\WWW\Runtime\Cache\Home\8632ce06ed3765fa665b1f9458ee7663.php 第 265 行.
NOTIC: [8] Undefined variable: v2 C:\phpstudy\WWW\Runtime\Cache\Home\8632ce06ed3765fa665b1f9458ee7663.php 第 265 行.
NOTIC: [8] Use of undefined constant article_id - assumed 'article_id' C:\phpstudy\WWW\Runtime\Cache\Home\8632ce06ed3765fa665b1f9458ee7663.php 第 268 行.
NOTIC: [8] Undefined variable: v2 C:\phpstudy\WWW\Runtime\Cache\Home\8632ce06ed3765fa665b1f9458ee7663.php 第 268 行.
NOTIC: [8] Use of undefined constant article_id - assumed 'article_id' C:\phpstudy\WWW\Runtime\Cache\Home\8632ce06ed3765fa665b1f9458ee7663.php 第 271 行.
NOTIC: [8] Undefined variable: v2 C:\phpstudy\WWW\Runtime\Cache\Home\8632ce06ed3765fa665b1f9458ee7663.php 第 271 行.
NOTIC: [8] Use of undefined constant article_id - assumed 'article_id' C:\phpstudy\WWW\Runtime\Cache\Home\8632ce06ed3765fa665b1f9458ee7663.php 第 283 行.
NOTIC: [8] Undefined variable: v2 C:\phpstudy\WWW\Runtime\Cache\Home\8632ce06ed3765fa665b1f9458ee7663.php 第 283 行.
NOTIC: [8] Use of undefined constant article_id - assumed 'article_id' C:\phpstudy\WWW\Runtime\Cache\Home\8632ce06ed3765fa665b1f9458ee7663.php 第 286 行.
NOTIC: [8] Undefined variable: v2 C:\phpstudy\WWW\Runtime\Cache\Home\8632ce06ed3765fa665b1f9458ee7663.php 第 286 行.
NOTIC: [8] Use of undefined constant article_id - assumed 'article_id' C:\phpstudy\WWW\Runtime\Cache\Home\8632ce06ed3765fa665b1f9458ee7663.php 第 289 行.
NOTIC: [8] Undefined variable: v2 C:\phpstudy\WWW\Runtime\Cache\Home\8632ce06ed3765fa665b1f9458ee7663.php 第 289 行.
NOTIC: [8] Use of undefined constant article_id - assumed 'article_id' C:\phpstudy\WWW\Runtime\Cache\Home\8632ce06ed3765fa665b1f9458ee7663.php 第 301 行.
NOTIC: [8] Undefined variable: v2 C:\phpstudy\WWW\Runtime\Cache\Home\8632ce06ed3765fa665b1f9458ee7663.php 第 301 行.
NOTIC: [8] Use of undefined constant article_id - assumed 'article_id' C:\phpstudy\WWW\Runtime\Cache\Home\8632ce06ed3765fa665b1f9458ee7663.php 第 304 行.
NOTIC: [8] Undefined variable: v2 C:\phpstudy\WWW\Runtime\Cache\Home\8632ce06ed3765fa665b1f9458ee7663.php 第 304 行.
NOTIC: [8] Use of undefined constant article_id - assumed 'article_id' C:\phpstudy\WWW\Runtime\Cache\Home\8632ce06ed3765fa665b1f9458ee7663.php 第 307 行.
NOTIC: [8] Undefined variable: v2 C:\phpstudy\WWW\Runtime\Cache\Home\8632ce06ed3765fa665b1f9458ee7663.php 第 307 行.
INFO: Run Behavior\ParseTemplateBehavior [ RunTime:0.010657s ]
INFO: [ view_parse ] --END-- [ RunTime:0.010687s ]
INFO: [ view_filter ] --START--
INFO: Run Behavior\WriteHtmlCacheBehavior [ RunTime:0.000299s ]
INFO: [ view_filter ] --END-- [ RunTime:0.000322s ]
INFO: [ app_end ] --START--
INFO: Run Behavior\ShowPageTraceBehavior [ RunTime:0.000533s ]
INFO: [ app_end ] --END-- [ RunTime:0.000591s ]

[ 2017-04-30T10:15:34+08:00 ] 127.0.0.1 /Home/User/sell
INFO: [ app_init ] --START--
INFO: Run Behavior\BuildLiteBehavior [ RunTime:0.000010s ]
INFO: [ app_init ] --END-- [ RunTime:0.000340s ]
INFO: [ app_begin ] --START--
INFO: Run Behavior\ReadHtmlCacheBehavior [ RunTime:0.000425s ]
INFO: [ app_begin ] --END-- [ RunTime:0.000474s ]
NOTIC: [8] A session had already been started - ignoring session_start() C:\phpstudy\WWW\ThinkPHP\Common\functions.php 第 1263 行.
SQL: SHOW COLUMNS FROM `comment` [ RunTime:0.0057s ]
SQL: SELECT COUNT(*) AS tp_count FROM `comment` WHERE `touserid` = 1 AND `status` = 0 LIMIT 1   [ RunTime:0.0002s ]
SQL: SHOW COLUMNS FROM `product` [ RunTime:0.0034s ]
SQL: SELECT *,(SELECT statusname FROM poststatus WHERE statusid=product.status) AS statusname FROM `product` WHERE `userid` = 1  [ RunTime:0.0005s ]
INFO: [ view_parse ] --START--
INFO: [ template_filter ] --START--
INFO: Run Behavior\ContentReplaceBehavior [ RunTime:0.000073s ]
INFO: [ template_filter ] --END-- [ RunTime:0.000100s ]
NOTIC: [8] Undefined variable: category C:\phpstudy\WWW\Runtime\Cache\Home\4c0dae7c6df9e4b9cdbfa9fb822810a2.php 第 75 行.
NOTIC: [8] Use of undefined constant url - assumed 'url' C:\phpstudy\WWW\Runtime\Cache\Home\4c0dae7c6df9e4b9cdbfa9fb822810a2.php 第 106 行.
NOTIC: [8] Undefined variable: v C:\phpstudy\WWW\Runtime\Cache\Home\4c0dae7c6df9e4b9cdbfa9fb822810a2.php 第 106 行.
NOTIC: [8] Use of undefined constant url - assumed 'url' C:\phpstudy\WWW\Runtime\Cache\Home\4c0dae7c6df9e4b9cdbfa9fb822810a2.php 第 107 行.
NOTIC: [8] Undefined variable: v C:\phpstudy\WWW\Runtime\Cache\Home\4c0dae7c6df9e4b9cdbfa9fb822810a2.php 第 107 行.
NOTIC: [8] Use of undefined constant url - assumed 'url' C:\phpstudy\WWW\Runtime\Cache\Home\4c0dae7c6df9e4b9cdbfa9fb822810a2.php 第 108 行.
NOTIC: [8] Undefined variable: v C:\phpstudy\WWW\Runtime\Cache\Home\4c0dae7c6df9e4b9cdbfa9fb822810a2.php 第 108 行.
NOTIC: [8] Use of undefined constant url - assumed 'url' C:\phpstudy\WWW\Runtime\Cache\Home\4c0dae7c6df9e4b9cdbfa9fb822810a2.php 第 109 行.
NOTIC: [8] Undefined variable: v C:\phpstudy\WWW\Runtime\Cache\Home\4c0dae7c6df9e4b9cdbfa9fb822810a2.php 第 109 行.
NOTIC: [8] Use of undefined constant url - assumed 'url' C:\phpstudy\WWW\Runtime\Cache\Home\4c0dae7c6df9e4b9cdbfa9fb822810a2.php 第 110 行.
NOTIC: [8] Undefined variable: v C:\phpstudy\WWW\Runtime\Cache\Home\4c0dae7c6df9e4b9cdbfa9fb822810a2.php 第 110 行.
NOTIC: [8] Use of undefined constant url - assumed 'url' C:\phpstudy\WWW\Runtime\Cache\Home\4c0dae7c6df9e4b9cdbfa9fb822810a2.php 第 111 行.
NOTIC: [8] Undefined variable: v C:\phpstudy\WWW\Runtime\Cache\Home\4c0dae7c6df9e4b9cdbfa9fb822810a2.php 第 111 行.
NOTIC: [8] Use of undefined constant url - assumed 'url' C:\phpstudy\WWW\Runtime\Cache\Home\4c0dae7c6df9e4b9cdbfa9fb822810a2.php 第 112 行.
NOTIC: [8] Undefined variable: v C:\phpstudy\WWW\Runtime\Cache\Home\4c0dae7c6df9e4b9cdbfa9fb822810a2.php 第 112 行.
NOTIC: [8] Undefined variable: user C:\phpstudy\WWW\Runtime\Cache\Home\4c0dae7c6df9e4b9cdbfa9fb822810a2.php 第 164 行.
NOTIC: [8] Use of undefined constant article_id - assumed 'article_id' C:\phpstudy\WWW\Runtime\Cache\Home\4c0dae7c6df9e4b9cdbfa9fb822810a2.php 第 255 行.
NOTIC: [8] Undefined variable: v2 C:\phpstudy\WWW\Runtime\Cache\Home\4c0dae7c6df9e4b9cdbfa9fb822810a2.php 第 255 行.
NOTIC: [8] Use of undefined constant article_id - assumed 'article_id' C:\phpstudy\WWW\Runtime\Cache\Home\4c0dae7c6df9e4b9cdbfa9fb822810a2.php 第 258 行.
NOTIC: [8] Undefined variable: v2 C:\phpstudy\WWW\Runtime\Cache\Home\4c0dae7c6df9e4b9cdbfa9fb822810a2.php 第 258 行.
NOTIC: [8] Use of undefined constant article_id - assumed 'article_id' C:\phpstudy\WWW\Runtime\Cache\Home\4c0dae7c6df9e4b9cdbfa9fb822810a2.php 第 261 行.
NOTIC: [8] Undefined variable: v2 C:\phpstudy\WWW\Runtime\Cache\Home\4c0dae7c6df9e4b9cdbfa9fb822810a2.php 第 261 行.
NOTIC: [8] Use of undefined constant article_id - assumed 'article_id' C:\phpstudy\WWW\Runtime\Cache\Home\4c0dae7c6df9e4b9cdbfa9fb822810a2.php 第 273 行.
NOTIC: [8] Undefined variable: v2 C:\phpstudy\WWW\Runtime\Cache\Home\4c0dae7c6df9e4b9cdbfa9fb822810a2.php 第 273 行.
NOTIC: [8] Use of undefined constant article_id - assumed 'article_id' C:\phpstudy\WWW\Runtime\Cache\Home\4c0dae7c6df9e4b9cdbfa9fb822810a2.php 第 276 行.
NOTIC: [8] Undefined variable: v2 C:\phpstudy\WWW\Runtime\Cache\Home\4c0dae7c6df9e4b9cdbfa9fb822810a2.php 第 276 行.
NOTIC: [8] Use of undefined constant article_id - assumed 'article_id' C:\phpstudy\WWW\Runtime\Cache\Home\4c0dae7c6df9e4b9cdbfa9fb822810a2.php 第 279 行.
NOTIC: [8] Undefined variable: v2 C:\phpstudy\WWW\Runtime\Cache\Home\4c0dae7c6df9e4b9cdbfa9fb822810a2.php 第 279 行.
NOTIC: [8] Use of undefined constant article_id - assumed 'article_id' C:\phpstudy\WWW\Runtime\Cache\Home\4c0dae7c6df9e4b9cdbfa9fb822810a2.php 第 291 行.
NOTIC: [8] Undefined variable: v2 C:\phpstudy\WWW\Runtime\Cache\Home\4c0dae7c6df9e4b9cdbfa9fb822810a2.php 第 291 行.
NOTIC: [8] Use of undefined constant article_id - assumed 'article_id' C:\phpstudy\WWW\Runtime\Cache\Home\4c0dae7c6df9e4b9cdbfa9fb822810a2.php 第 294 行.
NOTIC: [8] Undefined variable: v2 C:\phpstudy\WWW\Runtime\Cache\Home\4c0dae7c6df9e4b9cdbfa9fb822810a2.php 第 294 行.
NOTIC: [8] Use of undefined constant article_id - assumed 'article_id' C:\phpstudy\WWW\Runtime\Cache\Home\4c0dae7c6df9e4b9cdbfa9fb822810a2.php 第 297 行.
NOTIC: [8] Undefined variable: v2 C:\phpstudy\WWW\Runtime\Cache\Home\4c0dae7c6df9e4b9cdbfa9fb822810a2.php 第 297 行.
NOTIC: [8] Use of undefined constant article_id - assumed 'article_id' C:\phpstudy\WWW\Runtime\Cache\Home\4c0dae7c6df9e4b9cdbfa9fb822810a2.php 第 309 行.
NOTIC: [8] Undefined variable: v2 C:\phpstudy\WWW\Runtime\Cache\Home\4c0dae7c6df9e4b9cdbfa9fb822810a2.php 第 309 行.
NOTIC: [8] Use of undefined constant article_id - assumed 'article_id' C:\phpstudy\WWW\Runtime\Cache\Home\4c0dae7c6df9e4b9cdbfa9fb822810a2.php 第 312 行.
NOTIC: [8] Undefined variable: v2 C:\phpstudy\WWW\Runtime\Cache\Home\4c0dae7c6df9e4b9cdbfa9fb822810a2.php 第 312 行.
NOTIC: [8] Use of undefined constant article_id - assumed 'article_id' C:\phpstudy\WWW\Runtime\Cache\Home\4c0dae7c6df9e4b9cdbfa9fb822810a2.php 第 315 行.
NOTIC: [8] Undefined variable: v2 C:\phpstudy\WWW\Runtime\Cache\Home\4c0dae7c6df9e4b9cdbfa9fb822810a2.php 第 315 行.
INFO: Run Behavior\ParseTemplateBehavior [ RunTime:0.009672s ]
INFO: [ view_parse ] --END-- [ RunTime:0.009705s ]
INFO: [ view_filter ] --START--
INFO: Run Behavior\WriteHtmlCacheBehavior [ RunTime:0.000388s ]
INFO: [ view_filter ] --END-- [ RunTime:0.000414s ]
INFO: [ app_end ] --START--
INFO: Run Behavior\ShowPageTraceBehavior [ RunTime:0.000476s ]
INFO: [ app_end ] --END-- [ RunTime:0.000511s ]

[ 2017-04-30T13:27:43+08:00 ] 127.0.0.1 /
INFO: [ app_init ] --START--
INFO: Run Behavior\BuildLiteBehavior [ RunTime:0.000009s ]
INFO: [ app_init ] --END-- [ RunTime:0.000412s ]
INFO: [ app_begin ] --START--
INFO: Run Behavior\ReadHtmlCacheBehavior [ RunTime:0.000416s ]
INFO: [ app_begin ] --END-- [ RunTime:0.000449s ]
NOTIC: [8] A session had already been started - ignoring session_start() C:\phpstudy\WWW\ThinkPHP\Common\functions.php 第 1263 行.
SQL: SHOW COLUMNS FROM `comment` [ RunTime:0.0046s ]
SQL: SELECT COUNT(*) AS tp_count FROM `comment` WHERE `touserid` = null AND `status` = 0 LIMIT 1   [ RunTime:0.0002s ]
SQL: SHOW COLUMNS FROM `product` [ RunTime:0.0038s ]
SQL: SELECT * FROM `product` ORDER BY createtime desc LIMIT 4   [ RunTime:0.0003s ]
SQL: SHOW COLUMNS FROM `category` [ RunTime:0.0030s ]
SQL: SELECT * FROM `category`  [ RunTime:0.0002s ]
SQL: SELECT * FROM `product` WHERE ( category = 1 ) ORDER BY createtime desc LIMIT 7   [ RunTime:0.0003s ]
SQL: SELECT * FROM `product` WHERE ( category = 2 ) ORDER BY createtime desc LIMIT 7   [ RunTime:0.0003s ]
SQL: SELECT * FROM `product` WHERE ( category = 3 ) ORDER BY createtime desc LIMIT 7   [ RunTime:0.0002s ]
SQL: SELECT * FROM `product` WHERE ( category = 4 ) ORDER BY createtime desc LIMIT 7   [ RunTime:0.0002s ]
SQL: SELECT * FROM `product` WHERE ( category = 5 ) ORDER BY createtime desc LIMIT 7   [ RunTime:0.0002s ]
INFO: [ view_parse ] --START--
INFO: [ template_filter ] --START--
INFO: Run Behavior\ContentReplaceBehavior [ RunTime:0.000104s ]
INFO: [ template_filter ] --END-- [ RunTime:0.000137s ]
NOTIC: [8] Undefined variable: v C:\phpstudy\WWW\Runtime\Cache\Home\8dc81083d09155de6c0a73ab5081e7a0.php 第 180 行.
NOTIC: [8] Use of undefined constant title - assumed 'title' C:\phpstudy\WWW\Runtime\Cache\Home\8dc81083d09155de6c0a73ab5081e7a0.php 第 181 行.
NOTIC: [8] Undefined variable: v C:\phpstudy\WWW\Runtime\Cache\Home\8dc81083d09155de6c0a73ab5081e7a0.php 第 181 行.
NOTIC: [8] Use of undefined constant style - assumed 'style' C:\phpstudy\WWW\Runtime\Cache\Home\8dc81083d09155de6c0a73ab5081e7a0.php 第 181 行.
NOTIC: [8] Undefined variable: v C:\phpstudy\WWW\Runtime\Cache\Home\8dc81083d09155de6c0a73ab5081e7a0.php 第 181 行.
NOTIC: [8] Use of undefined constant goods_id - assumed 'goods_id' C:\phpstudy\WWW\Runtime\Cache\Home\8dc81083d09155de6c0a73ab5081e7a0.php 第 254 行.
NOTIC: [8] Undefined variable: v C:\phpstudy\WWW\Runtime\Cache\Home\8dc81083d09155de6c0a73ab5081e7a0.php 第 254 行.
NOTIC: [8] Use of undefined constant goods_id - assumed 'goods_id' C:\phpstudy\WWW\Runtime\Cache\Home\8dc81083d09155de6c0a73ab5081e7a0.php 第 270 行.
NOTIC: [8] Undefined variable: v C:\phpstudy\WWW\Runtime\Cache\Home\8dc81083d09155de6c0a73ab5081e7a0.php 第 270 行.
NOTIC: [8] Use of undefined constant goods_id - assumed 'goods_id' C:\phpstudy\WWW\Runtime\Cache\Home\8dc81083d09155de6c0a73ab5081e7a0.php 第 286 行.
NOTIC: [8] Undefined variable: v C:\phpstudy\WWW\Runtime\Cache\Home\8dc81083d09155de6c0a73ab5081e7a0.php 第 286 行.
NOTIC: [8] Use of undefined constant goods_id - assumed 'goods_id' C:\phpstudy\WWW\Runtime\Cache\Home\8dc81083d09155de6c0a73ab5081e7a0.php 第 302 行.
NOTIC: [8] Undefined variable: v C:\phpstudy\WWW\Runtime\Cache\Home\8dc81083d09155de6c0a73ab5081e7a0.php 第 302 行.
NOTIC: [8] Use of undefined constant goods_id - assumed 'goods_id' C:\phpstudy\WWW\Runtime\Cache\Home\8dc81083d09155de6c0a73ab5081e7a0.php 第 318 行.
NOTIC: [8] Undefined variable: v C:\phpstudy\WWW\Runtime\Cache\Home\8dc81083d09155de6c0a73ab5081e7a0.php 第 318 行.
NOTIC: [8] Use of undefined constant goods_id - assumed 'goods_id' C:\phpstudy\WWW\Runtime\Cache\Home\8dc81083d09155de6c0a73ab5081e7a0.php 第 254 行.
NOTIC: [8] Undefined variable: v C:\phpstudy\WWW\Runtime\Cache\Home\8dc81083d09155de6c0a73ab5081e7a0.php 第 254 行.
NOTIC: [8] Use of undefined constant goods_id - assumed 'goods_id' C:\phpstudy\WWW\Runtime\Cache\Home\8dc81083d09155de6c0a73ab5081e7a0.php 第 270 行.
NOTIC: [8] Undefined variable: v C:\phpstudy\WWW\Runtime\Cache\Home\8dc81083d09155de6c0a73ab5081e7a0.php 第 270 行.
NOTIC: [8] Use of undefined constant goods_id - assumed 'goods_id' C:\phpstudy\WWW\Runtime\Cache\Home\8dc81083d09155de6c0a73ab5081e7a0.php 第 286 行.
NOTIC: [8] Undefined variable: v C:\phpstudy\WWW\Runtime\Cache\Home\8dc81083d09155de6c0a73ab5081e7a0.php 第 286 行.
NOTIC: [8] Use of undefined constant goods_id - assumed 'goods_id' C:\phpstudy\WWW\Runtime\Cache\Home\8dc81083d09155de6c0a73ab5081e7a0.php 第 302 行.
NOTIC: [8] Undefined variable: v C:\phpstudy\WWW\Runtime\Cache\Home\8dc81083d09155de6c0a73ab5081e7a0.php 第 302 行.
NOTIC: [8] Use of undefined constant goods_id - assumed 'goods_id' C:\phpstudy\WWW\Runtime\Cache\Home\8dc81083d09155de6c0a73ab5081e7a0.php 第 318 行.
NOTIC: [8] Undefined variable: v C:\phpstudy\WWW\Runtime\Cache\Home\8dc81083d09155de6c0a73ab5081e7a0.php 第 318 行.
NOTIC: [8] Use of undefined constant goods_id - assumed 'goods_id' C:\phpstudy\WWW\Runtime\Cache\Home\8dc81083d09155de6c0a73ab5081e7a0.php 第 254 行.
NOTIC: [8] Undefined variable: v C:\phpstudy\WWW\Runtime\Cache\Home\8dc81083d09155de6c0a73ab5081e7a0.php 第 254 行.
NOTIC: [8] Use of undefined constant goods_id - assumed 'goods_id' C:\phpstudy\WWW\Runtime\Cache\Home\8dc81083d09155de6c0a73ab5081e7a0.php 第 270 行.
NOTIC: [8] Undefined variable: v C:\phpstudy\WWW\Runtime\Cache\Home\8dc81083d09155de6c0a73ab5081e7a0.php 第 270 行.
NOTIC: [8] Use of undefined constant goods_id - assumed 'goods_id' C:\phpstudy\WWW\Runtime\Cache\Home\8dc81083d09155de6c0a73ab5081e7a0.php 第 286 行.
NOTIC: [8] Undefined variable: v C:\phpstudy\WWW\Runtime\Cache\Home\8dc81083d09155de6c0a73ab5081e7a0.php 第 286 行.
NOTIC: [8] Use of undefined constant goods_id - assumed 'goods_id' C:\phpstudy\WWW\Runtime\Cache\Home\8dc81083d09155de6c0a73ab5081e7a0.php 第 302 行.
NOTIC: [8] Undefined variable: v C:\phpstudy\WWW\Runtime\Cache\Home\8dc81083d09155de6c0a73ab5081e7a0.php 第 302 行.
NOTIC: [8] Use of undefined constant goods_id - assumed 'goods_id' C:\phpstudy\WWW\Runtime\Cache\Home\8dc81083d09155de6c0a73ab5081e7a0.php 第 318 行.
NOTIC: [8] Undefined variable: v C:\phpstudy\WWW\Runtime\Cache\Home\8dc81083d09155de6c0a73ab5081e7a0.php 第 318 行.
NOTIC: [8] Use of undefined constant goods_id - assumed 'goods_id' C:\phpstudy\WWW\Runtime\Cache\Home\8dc81083d09155de6c0a73ab5081e7a0.php 第 254 行.
NOTIC: [8] Undefined variable: v C:\phpstudy\WWW\Runtime\Cache\Home\8dc81083d09155de6c0a73ab5081e7a0.php 第 254 行.
NOTIC: [8] Use of undefined constant goods_id - assumed 'goods_id' C:\phpstudy\WWW\Runtime\Cache\Home\8dc81083d09155de6c0a73ab5081e7a0.php 第 270 行.
NOTIC: [8] Undefined variable: v C:\phpstudy\WWW\Runtime\Cache\Home\8dc81083d09155de6c0a73ab5081e7a0.php 第 270 行.
NOTIC: [8] Use of undefined constant goods_id - assumed 'goods_id' C:\phpstudy\WWW\Runtime\Cache\Home\8dc81083d09155de6c0a73ab5081e7a0.php 第 286 行.
NOTIC: [8] Undefined variable: v C:\phpstudy\WWW\Runtime\Cache\Home\8dc81083d09155de6c0a73ab5081e7a0.php 第 286 行.
NOTIC: [8] Use of undefined constant goods_id - assumed 'goods_id' C:\phpstudy\WWW\Runtime\Cache\Home\8dc81083d09155de6c0a73ab5081e7a0.php 第 302 行.
NOTIC: [8] Undefined variable: v C:\phpstudy\WWW\Runtime\Cache\Home\8dc81083d09155de6c0a73ab5081e7a0.php 第 302 行.
NOTIC: [8] Use of undefined constant goods_id - assumed 'goods_id' C:\phpstudy\WWW\Runtime\Cache\Home\8dc81083d09155de6c0a73ab5081e7a0.php 第 318 行.
NOTIC: [8] Undefined variable: v C:\phpstudy\WWW\Runtime\Cache\Home\8dc81083d09155de6c0a73ab5081e7a0.php 第 318 行.
NOTIC: [8] Use of undefined constant goods_id - assumed 'goods_id' C:\phpstudy\WWW\Runtime\Cache\Home\8dc81083d09155de6c0a73ab5081e7a0.php 第 254 行.
NOTIC: [8] Undefined variable: v C:\phpstudy\WWW\Runtime\Cache\Home\8dc81083d09155de6c0a73ab5081e7a0.php 第 254 行.
NOTIC: [8] Use of undefined constant goods_id - assumed 'goods_id' C:\phpstudy\WWW\Runtime\Cache\Home\8dc81083d09155de6c0a73ab5081e7a0.php 第 270 行.
NOTIC: [8] Undefined variable: v C:\phpstudy\WWW\Runtime\Cache\Home\8dc81083d09155de6c0a73ab5081e7a0.php 第 270 行.
NOTIC: [8] Use of undefined constant goods_id - assumed 'goods_id' C:\phpstudy\WWW\Runtime\Cache\Home\8dc81083d09155de6c0a73ab5081e7a0.php 第 286 行.
NOTIC: [8] Undefined variable: v C:\phpstudy\WWW\Runtime\Cache\Home\8dc81083d09155de6c0a73ab5081e7a0.php 第 286 行.
NOTIC: [8] Use of undefined constant goods_id - assumed 'goods_id' C:\phpstudy\WWW\Runtime\Cache\Home\8dc81083d09155de6c0a73ab5081e7a0.php 第 302 行.
NOTIC: [8] Undefined variable: v C:\phpstudy\WWW\Runtime\Cache\Home\8dc81083d09155de6c0a73ab5081e7a0.php 第 302 行.
NOTIC: [8] Use of undefined constant goods_id - assumed 'goods_id' C:\phpstudy\WWW\Runtime\Cache\Home\8dc81083d09155de6c0a73ab5081e7a0.php 第 318 行.
NOTIC: [8] Undefined variable: v C:\phpstudy\WWW\Runtime\Cache\Home\8dc81083d09155de6c0a73ab5081e7a0.php 第 318 行.
NOTIC: [8] Undefined variable: v C:\phpstudy\WWW\Runtime\Cache\Home\8dc81083d09155de6c0a73ab5081e7a0.php 第 340 行.
NOTIC: [8] Use of undefined constant title - assumed 'title' C:\phpstudy\WWW\Runtime\Cache\Home\8dc81083d09155de6c0a73ab5081e7a0.php 第 341 行.
NOTIC: [8] Undefined variable: v C:\phpstudy\WWW\Runtime\Cache\Home\8dc81083d09155de6c0a73ab5081e7a0.php 第 341 行.
NOTIC: [8] Use of undefined constant style - assumed 'style' C:\phpstudy\WWW\Runtime\Cache\Home\8dc81083d09155de6c0a73ab5081e7a0.php 第 341 行.
NOTIC: [8] Undefined variable: v C:\phpstudy\WWW\Runtime\Cache\Home\8dc81083d09155de6c0a73ab5081e7a0.php 第 341 行.
NOTIC: [8] Use of undefined constant article_id - assumed 'article_id' C:\phpstudy\WWW\Runtime\Cache\Home\8dc81083d09155de6c0a73ab5081e7a0.php 第 370 行.
NOTIC: [8] Undefined variable: v2 C:\phpstudy\WWW\Runtime\Cache\Home\8dc81083d09155de6c0a73ab5081e7a0.php 第 370 行.
NOTIC: [8] Use of undefined constant article_id - assumed 'article_id' C:\phpstudy\WWW\Runtime\Cache\Home\8dc81083d09155de6c0a73ab5081e7a0.php 第 373 行.
NOTIC: [8] Undefined variable: v2 C:\phpstudy\WWW\Runtime\Cache\Home\8dc81083d09155de6c0a73ab5081e7a0.php 第 373 行.
NOTIC: [8] Use of undefined constant article_id - assumed 'article_id' C:\phpstudy\WWW\Runtime\Cache\Home\8dc81083d09155de6c0a73ab5081e7a0.php 第 376 行.
NOTIC: [8] Undefined variable: v2 C:\phpstudy\WWW\Runtime\Cache\Home\8dc81083d09155de6c0a73ab5081e7a0.php 第 376 行.
NOTIC: [8] Use of undefined constant article_id - assumed 'article_id' C:\phpstudy\WWW\Runtime\Cache\Home\8dc81083d09155de6c0a73ab5081e7a0.php 第 388 行.
NOTIC: [8] Undefined variable: v2 C:\phpstudy\WWW\Runtime\Cache\Home\8dc81083d09155de6c0a73ab5081e7a0.php 第 388 行.
NOTIC: [8] Use of undefined constant article_id - assumed 'article_id' C:\phpstudy\WWW\Runtime\Cache\Home\8dc81083d09155de6c0a73ab5081e7a0.php 第 391 行.
NOTIC: [8] Undefined variable: v2 C:\phpstudy\WWW\Runtime\Cache\Home\8dc81083d09155de6c0a73ab5081e7a0.php 第 391 行.
NOTIC: [8] Use of undefined constant article_id - assumed 'article_id' C:\phpstudy\WWW\Runtime\Cache\Home\8dc81083d09155de6c0a73ab5081e7a0.php 第 394 行.
NOTIC: [8] Undefined variable: v2 C:\phpstudy\WWW\Runtime\Cache\Home\8dc81083d09155de6c0a73ab5081e7a0.php 第 394 行.
NOTIC: [8] Use of undefined constant article_id - assumed 'article_id' C:\phpstudy\WWW\Runtime\Cache\Home\8dc81083d09155de6c0a73ab5081e7a0.php 第 406 行.
NOTIC: [8] Undefined variable: v2 C:\phpstudy\WWW\Runtime\Cache\Home\8dc81083d09155de6c0a73ab5081e7a0.php 第 406 行.
NOTIC: [8] Use of undefined constant article_id - assumed 'article_id' C:\phpstudy\WWW\Runtime\Cache\Home\8dc81083d09155de6c0a73ab5081e7a0.php 第 409 行.
NOTIC: [8] Undefined variable: v2 C:\phpstudy\WWW\Runtime\Cache\Home\8dc81083d09155de6c0a73ab5081e7a0.php 第 409 行.
NOTIC: [8] Use of undefined constant article_id - assumed 'article_id' C:\phpstudy\WWW\Runtime\Cache\Home\8dc81083d09155de6c0a73ab5081e7a0.php 第 412 行.
NOTIC: [8] Undefined variable: v2 C:\phpstudy\WWW\Runtime\Cache\Home\8dc81083d09155de6c0a73ab5081e7a0.php 第 412 行.
NOTIC: [8] Use of undefined constant article_id - assumed 'article_id' C:\phpstudy\WWW\Runtime\Cache\Home\8dc81083d09155de6c0a73ab5081e7a0.php 第 424 行.
NOTIC: [8] Undefined variable: v2 C:\phpstudy\WWW\Runtime\Cache\Home\8dc81083d09155de6c0a73ab5081e7a0.php 第 424 行.
NOTIC: [8] Use of undefined constant article_id - assumed 'article_id' C:\phpstudy\WWW\Runtime\Cache\Home\8dc81083d09155de6c0a73ab5081e7a0.php 第 427 行.
NOTIC: [8] Undefined variable: v2 C:\phpstudy\WWW\Runtime\Cache\Home\8dc81083d09155de6c0a73ab5081e7a0.php 第 427 行.
NOTIC: [8] Use of undefined constant article_id - assumed 'article_id' C:\phpstudy\WWW\Runtime\Cache\Home\8dc81083d09155de6c0a73ab5081e7a0.php 第 430 行.
NOTIC: [8] Undefined variable: v2 C:\phpstudy\WWW\Runtime\Cache\Home\8dc81083d09155de6c0a73ab5081e7a0.php 第 430 行.
INFO: Run Behavior\ParseTemplateBehavior [ RunTime:0.021378s ]
INFO: [ view_parse ] --END-- [ RunTime:0.021413s ]
INFO: [ view_filter ] --START--
INFO: Run Behavior\WriteHtmlCacheBehavior [ RunTime:0.000456s ]
INFO: [ view_filter ] --END-- [ RunTime:0.000485s ]
INFO: [ app_end ] --START--
INFO: Run Behavior\ShowPageTraceBehavior [ RunTime:0.000598s ]
INFO: [ app_end ] --END-- [ RunTime:0.000646s ]

