[ 2017-04-08T11:15:58+08:00 ] 127.0.0.1 /%7Bvoo.img%7D
INFO: [ app_init ] --START--
INFO: Run Behavior\BuildLiteBehavior [ RunTime:0.000018s ]
INFO: [ app_init ] --END-- [ RunTime:0.000525s ]
ERR: 无法加载模块:{voo

[ 2017-04-08T11:16:17+08:00 ] 127.0.0.1 /%7Bvoo.img%7D
INFO: [ app_init ] --START--
INFO: Run Behavior\BuildLiteBehavior [ RunTime:0.000011s ]
INFO: [ app_init ] --END-- [ RunTime:0.000432s ]
ERR: 无法加载模块:{voo

[ 2017-04-08T11:16:18+08:00 ] 127.0.0.1 /%7Bvoo.img%7D
INFO: [ app_init ] --START--
INFO: Run Behavior\BuildLiteBehavior [ RunTime:0.000010s ]
INFO: [ app_init ] --END-- [ RunTime:0.000472s ]
ERR: 无法加载模块:{voo

[ 2017-04-08T11:16:18+08:00 ] 127.0.0.1 /%7Bvoo.img%7D
INFO: [ app_init ] --START--
INFO: Run Behavior\BuildLiteBehavior [ RunTime:0.000018s ]
INFO: [ app_init ] --END-- [ RunTime:0.000450s ]
ERR: 无法加载模块:{voo

[ 2017-04-08T11:16:40+08:00 ] 127.0.0.1 /%7Bvoo.img%7D
INFO: [ app_init ] --START--
INFO: Run Behavior\BuildLiteBehavior [ RunTime:0.000028s ]
INFO: [ app_init ] --END-- [ RunTime:0.000675s ]
ERR: 无法加载模块:{voo

[ 2017-04-08T11:16:41+08:00 ] 127.0.0.1 /%7Bvoo.img%7D
INFO: [ app_init ] --START--
INFO: Run Behavior\BuildLiteBehavior [ RunTime:0.000009s ]
INFO: [ app_init ] --END-- [ RunTime:0.000321s ]
ERR: 无法加载模块:{voo

[ 2017-04-08T11:16:41+08:00 ] 127.0.0.1 /%7Bvoo.img%7D
INFO: [ app_init ] --START--
INFO: Run Behavior\BuildLiteBehavior [ RunTime:0.000058s ]
INFO: [ app_init ] --END-- [ RunTime:0.000611s ]
ERR: 无法加载模块:{voo

[ 2017-04-08T11:16:42+08:00 ] 127.0.0.1 /%7Bvoo.img%7D
INFO: [ app_init ] --START--
INFO: Run Behavior\BuildLiteBehavior [ RunTime:0.000008s ]
INFO: [ app_init ] --END-- [ RunTime:0.000304s ]
ERR: 无法加载模块:{voo

[ 2017-04-08T11:16:42+08:00 ] 127.0.0.1 /%7Bvoo.img%7D
INFO: [ app_init ] --START--
INFO: Run Behavior\BuildLiteBehavior [ RunTime:0.000009s ]
INFO: [ app_init ] --END-- [ RunTime:0.000337s ]
ERR: 无法加载模块:{voo

